[ 2017-09-05T00:10:07+08:00 ] 127.0.0.1 /
INFO: [ app_init ] --START--
INFO: Run Behavior\BuildLiteBehavior [ RunTime:0.000010s ]
INFO: [ app_init ] --END-- [ RunTime:0.000232s ]
INFO: [ app_begin ] --START--
INFO: Run Behavior\ReadHtmlCacheBehavior [ RunTime:0.000339s ]
INFO: [ app_begin ] --END-- [ RunTime:0.000375s ]
SQL: SHOW COLUMNS FROM `sp_cate` [ RunTime:0.1371s ]
SQL: SELECT * FROM `sp_cate`  [ RunTime:0.0014s ]
NOTIC: [2] Invalid argument supplied for foreach() D:\amp\apache\htdocs\Shop\application\Home\Controller\CommonController.class.php 第 50 行.
INFO: [ view_parse ] --START--
INFO: [ template_filter ] --START--
INFO: Run Behavior\ContentReplaceBehavior [ RunTime:0.000487s ]
INFO: [ template_filter ] --END-- [ RunTime:0.000564s ]
NOTIC: [8] Undefined index: memid D:\amp\apache\htdocs\Shop\application\Runtime\Cache\Home\0e9f9964b50249c273d1dbef3ee7dd51.php 第 27 行.
NOTIC: [8] Undefined index: memid D:\amp\apache\htdocs\Shop\application\Runtime\Cache\Home\0e9f9964b50249c273d1dbef3ee7dd51.php 第 36 行.
NOTIC: [8] Use of undefined constant goods_id - assumed 'goods_id' D:\amp\apache\htdocs\Shop\application\Runtime\Cache\Home\0e9f9964b50249c273d1dbef3ee7dd51.php 第 118 行.
NOTIC: [8] Undefined variable: goods_info D:\amp\apache\htdocs\Shop\application\Runtime\Cache\Home\0e9f9964b50249c273d1dbef3ee7dd51.php 第 118 行.
NOTIC: [8] Use of undefined constant cate_id - assumed 'cate_id' D:\amp\apache\htdocs\Shop\application\Runtime\Cache\Home\0e9f9964b50249c273d1dbef3ee7dd51.php 第 157 行.
NOTIC: [8] Use of undefined constant level - assumed 'level' D:\amp\apache\htdocs\Shop\application\Runtime\Cache\Home\0e9f9964b50249c273d1dbef3ee7dd51.php 第 157 行.
NOTIC: [8] Use of undefined constant cate_name - assumed 'cate_name' D:\amp\apache\htdocs\Shop\application\Runtime\Cache\Home\0e9f9964b50249c273d1dbef3ee7dd51.php 第 157 行.
NOTIC: [8] Use of undefined constant cate_id - assumed 'cate_id' D:\amp\apache\htdocs\Shop\application\Runtime\Cache\Home\0e9f9964b50249c273d1dbef3ee7dd51.php 第 162 行.
NOTIC: [8] Use of undefined constant level - assumed 'level' D:\amp\apache\htdocs\Shop\application\Runtime\Cache\Home\0e9f9964b50249c273d1dbef3ee7dd51.php 第 162 行.
NOTIC: [8] Use of undefined constant cate_id - assumed 'cate_id' D:\amp\apache\htdocs\Shop\application\Runtime\Cache\Home\0e9f9964b50249c273d1dbef3ee7dd51.php 第 164 行.
NOTIC: [8] Use of undefined constant level - assumed 'level' D:\amp\apache\htdocs\Shop\application\Runtime\Cache\Home\0e9f9964b50249c273d1dbef3ee7dd51.php 第 164 行.
NOTIC: [8] Use of undefined constant cate_id - assumed 'cate_id' D:\amp\apache\htdocs\Shop\application\Runtime\Cache\Home\0e9f9964b50249c273d1dbef3ee7dd51.php 第 164 行.
NOTIC: [8] Use of undefined constant level - assumed 'level' D:\amp\apache\htdocs\Shop\application\Runtime\Cache\Home\0e9f9964b50249c273d1dbef3ee7dd51.php 第 164 行.
NOTIC: [8] Use of undefined constant cate_id - assumed 'cate_id' D:\amp\apache\htdocs\Shop\application\Runtime\Cache\Home\0e9f9964b50249c273d1dbef3ee7dd51.php 第 164 行.
NOTIC: [8] Use of undefined constant level - assumed 'level' D:\amp\apache\htdocs\Shop\application\Runtime\Cache\Home\0e9f9964b50249c273d1dbef3ee7dd51.php 第 164 行.
NOTIC: [8] Use of undefined constant cate_id - assumed 'cate_id' D:\amp\apache\htdocs\Shop\application\Runtime\Cache\Home\0e9f9964b50249c273d1dbef3ee7dd51.php 第 164 行.
NOTIC: [8] Use of undefined constant level - assumed 'level' D:\amp\apache\htdocs\Shop\application\Runtime\Cache\Home\0e9f9964b50249c273d1dbef3ee7dd51.php 第 164 行.
NOTIC: [8] Use of undefined constant cate_id - assumed 'cate_id' D:\amp\apache\htdocs\Shop\application\Runtime\Cache\Home\0e9f9964b50249c273d1dbef3ee7dd51.php 第 164 行.
NOTIC: [8] Use of undefined constant level - assumed 'level' D:\amp\apache\htdocs\Shop\application\Runtime\Cache\Home\0e9f9964b50249c273d1dbef3ee7dd51.php 第 164 行.
NOTIC: [8] Use of undefined constant cate_id - assumed 'cate_id' D:\amp\apache\htdocs\Shop\application\Runtime\Cache\Home\0e9f9964b50249c273d1dbef3ee7dd51.php 第 164 行.
NOTIC: [8] Use of undefined constant level - assumed 'level' D:\amp\apache\htdocs\Shop\application\Runtime\Cache\Home\0e9f9964b50249c273d1dbef3ee7dd51.php 第 164 行.
NOTIC: [8] Use of undefined constant cate_id - assumed 'cate_id' D:\amp\apache\htdocs\Shop\application\Runtime\Cache\Home\0e9f9964b50249c273d1dbef3ee7dd51.php 第 164 行.
NOTIC: [8] Use of undefined constant level - assumed 'level' D:\amp\apache\htdocs\Shop\application\Runtime\Cache\Home\0e9f9964b50249c273d1dbef3ee7dd51.php 第 164 行.
NOTIC: [8] Use of undefined constant cate_id - assumed 'cate_id' D:\amp\apache\htdocs\Shop\application\Runtime\Cache\Home\0e9f9964b50249c273d1dbef3ee7dd51.php 第 164 行.
NOTIC: [8] Use of undefined constant level - assumed 'level' D:\amp\apache\htdocs\Shop\application\Runtime\Cache\Home\0e9f9964b50249c273d1dbef3ee7dd51.php 第 164 行.
NOTIC: [8] Use of undefined constant cate_id - assumed 'cate_id' D:\amp\apache\htdocs\Shop\application\Runtime\Cache\Home\0e9f9964b50249c273d1dbef3ee7dd51.php 第 162 行.
NOTIC: [8] Use of undefined constant level - assumed 'level' D:\amp\apache\htdocs\Shop\application\Runtime\Cache\Home\0e9f9964b50249c273d1dbef3ee7dd51.php 第 162 行.
NOTIC: [8] Use of undefined constant cate_id - assumed 'cate_id' D:\amp\apache\htdocs\Shop\application\Runtime\Cache\Home\0e9f9964b50249c273d1dbef3ee7dd51.php 第 164 行.
NOTIC: [8] Use of undefined constant level - assumed 'level' D:\amp\apache\htdocs\Shop\application\Runtime\Cache\Home\0e9f9964b50249c273d1dbef3ee7dd51.php 第 164 行.
NOTIC: [8] Use of undefined constant cate_id - assumed 'cate_id' D:\amp\apache\htdocs\Shop\application\Runtime\Cache\Home\0e9f9964b50249c273d1dbef3ee7dd51.php 第 164 行.
NOTIC: [8] Use of undefined constant level - assumed 'level' D:\amp\apache\htdocs\Shop\application\Runtime\Cache\Home\0e9f9964b50249c273d1dbef3ee7dd51.php 第 164 行.
NOTIC: [8] Use of undefined constant cate_id - assumed 'cate_id' D:\amp\apache\htdocs\Shop\application\Runtime\Cache\Home\0e9f9964b50249c273d1dbef3ee7dd51.php 第 164 行.
NOTIC: [8] Use of undefined constant level - assumed 'level' D:\amp\apache\htdocs\Shop\application\Runtime\Cache\Home\0e9f9964b50249c273d1dbef3ee7dd51.php 第 164 行.
NOTIC: [8] Use of undefined constant cate_id - assumed 'cate_id' D:\amp\apache\htdocs\Shop\application\Runtime\Cache\Home\0e9f9964b50249c273d1dbef3ee7dd51.php 第 164 行.
NOTIC: [8] Use of undefined constant level - assumed 'level' D:\amp\apache\htdocs\Shop\application\Runtime\Cache\Home\0e9f9964b50249c273d1dbef3ee7dd51.php 第 164 行.
NOTIC: [8] Use of undefined constant cate_id - assumed 'cate_id' D:\amp\apache\htdocs\Shop\application\Runtime\Cache\Home\0e9f9964b50249c273d1dbef3ee7dd51.php 第 164 行.
NOTIC: [8] Use of undefined constant level - assumed 'level' D:\amp\apache\htdocs\Shop\application\Runtime\Cache\Home\0e9f9964b50249c273d1dbef3ee7dd51.php 第 164 行.
NOTIC: [8] Use of undefined constant cate_id - assumed 'cate_id' D:\amp\apache\htdocs\Shop\application\Runtime\Cache\Home\0e9f9964b50249c273d1dbef3ee7dd51.php 第 162 行.
NOTIC: [8] Use of undefined constant level - assumed 'level' D:\amp\apache\htdocs\Shop\application\Runtime\Cache\Home\0e9f9964b50249c273d1dbef3ee7dd51.php 第 162 行.
NOTIC: [8] Use of undefined constant cate_id - assumed 'cate_id' D:\amp\apache\htdocs\Shop\application\Runtime\Cache\Home\0e9f9964b50249c273d1dbef3ee7dd51.php 第 162 行.
NOTIC: [8] Use of undefined constant level - assumed 'level' D:\amp\apache\htdocs\Shop\application\Runtime\Cache\Home\0e9f9964b50249c273d1dbef3ee7dd51.php 第 162 行.
NOTIC: [8] Use of undefined constant cate_id - assumed 'cate_id' D:\amp\apache\htdocs\Shop\application\Runtime\Cache\Home\0e9f9964b50249c273d1dbef3ee7dd51.php 第 162 行.
NOTIC: [8] Use of undefined constant level - assumed 'level' D:\amp\apache\htdocs\Shop\application\Runtime\Cache\Home\0e9f9964b50249c273d1dbef3ee7dd51.php 第 162 行.
NOTIC: [8] Use of undefined constant cate_id - assumed 'cate_id' D:\amp\apache\htdocs\Shop\application\Runtime\Cache\Home\0e9f9964b50249c273d1dbef3ee7dd51.php 第 162 行.
NOTIC: [8] Use of undefined constant level - assumed 'level' D:\amp\apache\htdocs\Shop\application\Runtime\Cache\Home\0e9f9964b50249c273d1dbef3ee7dd51.php 第 162 行.
NOTIC: [8] Use of undefined constant cate_id - assumed 'cate_id' D:\amp\apache\htdocs\Shop\application\Runtime\Cache\Home\0e9f9964b50249c273d1dbef3ee7dd51.php 第 162 行.
NOTIC: [8] Use of undefined constant level - assumed 'level' D:\amp\apache\htdocs\Shop\application\Runtime\Cache\Home\0e9f9964b50249c273d1dbef3ee7dd51.php 第 162 行.
NOTIC: [8] Use of undefined constant cate_id - assumed 'cate_id' D:\amp\apache\htdocs\Shop\application\Runtime\Cache\Home\0e9f9964b50249c273d1dbef3ee7dd51.php 第 162 行.
NOTIC: [8] Use of undefined constant level - assumed 'level' D:\amp\apache\htdocs\Shop\application\Runtime\Cache\Home\0e9f9964b50249c273d1dbef3ee7dd51.php 第 162 行.
NOTIC: [8] Use of undefined constant cate_id - assumed 'cate_id' D:\amp\apache\htdocs\Shop\application\Runtime\Cache\Home\0e9f9964b50249c273d1dbef3ee7dd51.php 第 157 行.
NOTIC: [8] Use of undefined constant level - assumed 'level' D:\amp\apache\htdocs\Shop\application\Runtime\Cache\Home\0e9f9964b50249c273d1dbef3ee7dd51.php 第 157 行.
NOTIC: [8] Use of undefined constant cate_name - assumed 'cate_name' D:\amp\apache\htdocs\Shop\application\Runtime\Cache\Home\0e9f9964b50249c273d1dbef3ee7dd51.php 第 157 行.
NOTIC: [8] Use of undefined constant cate_id - assumed 'cate_id' D:\amp\apache\htdocs\Shop\application\Runtime\Cache\Home\0e9f9964b50249c273d1dbef3ee7dd51.php 第 162 行.
NOTIC: [8] Use of undefined constant level - assumed 'level' D:\amp\apache\htdocs\Shop\application\Runtime\Cache\Home\0e9f9964b50249c273d1dbef3ee7dd51.php 第 162 行.
NOTIC: [8] Use of undefined constant cate_id - assumed 'cate_id' D:\amp\apache\htdocs\Shop\application\Runtime\Cache\Home\0e9f9964b50249c273d1dbef3ee7dd51.php 第 164 行.
NOTIC: [8] Use of undefined constant level - assumed 'level' D:\amp\apache\htdocs\Shop\application\Runtime\Cache\Home\0e9f9964b50249c273d1dbef3ee7dd51.php 第 164 行.
NOTIC: [8] Use of undefined constant cate_id - assumed 'cate_id' D:\amp\apache\htdocs\Shop\application\Runtime\Cache\Home\0e9f9964b50249c273d1dbef3ee7dd51.php 第 164 行.
NOTIC: [8] Use of undefined constant level - assumed 'level' D:\amp\apache\htdocs\Shop\application\Runtime\Cache\Home\0e9f9964b50249c273d1dbef3ee7dd51.php 第 164 行.
NOTIC: [8] Use of undefined constant cate_id - assumed 'cate_id' D:\amp\apache\htdocs\Shop\application\Runtime\Cache\Home\0e9f9964b50249c273d1dbef3ee7dd51.php 第 164 行.
NOTIC: [8] Use of undefined constant level - assumed 'level' D:\amp\apache\htdocs\Shop\application\Runtime\Cache\Home\0e9f9964b50249c273d1dbef3ee7dd51.php 第 164 行.
NOTIC: [8] Use of undefined constant cate_id - assumed 'cate_id' D:\amp\apache\htdocs\Shop\application\Runtime\Cache\Home\0e9f9964b50249c273d1dbef3ee7dd51.php 第 164 行.
NOTIC: [8] Use of undefined constant level - assumed 'level' D:\amp\apache\htdocs\Shop\application\Runtime\Cache\Home\0e9f9964b50249c273d1dbef3ee7dd51.php 第 164 行.
NOTIC: [8] Use of undefined constant cate_id - assumed 'cate_id' D:\amp\apache\htdocs\Shop\application\Runtime\Cache\Home\0e9f9964b50249c273d1dbef3ee7dd51.php 第 164 行.
NOTIC: [8] Use of undefined constant level - assumed 'level' D:\amp\apache\htdocs\Shop\application\Runtime\Cache\Home\0e9f9964b50249c273d1dbef3ee7dd51.php 第 164 行.
NOTIC: [8] Use of undefined constant cate_id - assumed 'cate_id' D:\amp\apache\htdocs\Shop\application\Runtime\Cache\Home\0e9f9964b50249c273d1dbef3ee7dd51.php 第 164 行.
NOTIC: [8] Use of undefined constant level - assumed 'level' D:\amp\apache\htdocs\Shop\application\Runtime\Cache\Home\0e9f9964b50249c273d1dbef3ee7dd51.php 第 164 行.
NOTIC: [8] Use of undefined constant cate_id - assumed 'cate_id' D:\amp\apache\htdocs\Shop\application\Runtime\Cache\Home\0e9f9964b50249c273d1dbef3ee7dd51.php 第 162 行.
NOTIC: [8] Use of undefined constant level - assumed 'level' D:\amp\apache\htdocs\Shop\application\Runtime\Cache\Home\0e9f9964b50249c273d1dbef3ee7dd51.php 第 162 行.
NOTIC: [8] Use of undefined constant cate_id - assumed 'cate_id' D:\amp\apache\htdocs\Shop\application\Runtime\Cache\Home\0e9f9964b50249c273d1dbef3ee7dd51.php 第 164 行.
NOTIC: [8] Use of undefined constant level - assumed 'level' D:\amp\apache\htdocs\Shop\application\Runtime\Cache\Home\0e9f9964b50249c273d1dbef3ee7dd51.php 第 164 行.
NOTIC: [8] Use of undefined constant cate_id - assumed 'cate_id' D:\amp\apache\htdocs\Shop\application\Runtime\Cache\Home\0e9f9964b50249c273d1dbef3ee7dd51.php 第 164 行.
NOTIC: [8] Use of undefined constant level - assumed 'level' D:\amp\apache\htdocs\Shop\application\Runtime\Cache\Home\0e9f9964b50249c273d1dbef3ee7dd51.php 第 164 行.
NOTIC: [8] Use of undefined constant cate_id - assumed 'cate_id' D:\amp\apache\htdocs\Shop\application\Runtime\Cache\Home\0e9f9964b50249c273d1dbef3ee7dd51.php 第 164 行.
NOTIC: [8] Use of undefined constant level - assumed 'level' D:\amp\apache\htdocs\Shop\application\Runtime\Cache\Home\0e9f9964b50249c273d1dbef3ee7dd51.php 第 164 行.
NOTIC: [8] Use of undefined constant cate_id - assumed 'cate_id' D:\amp\apache\htdocs\Shop\application\Runtime\Cache\Home\0e9f9964b50249c273d1dbef3ee7dd51.php 第 164 行.
NOTIC: [8] Use of undefined constant level - assumed 'level' D:\amp\apache\htdocs\Shop\application\Runtime\Cache\Home\0e9f9964b50249c273d1dbef3ee7dd51.php 第 164 行.
NOTIC: [8] Use of undefined constant cate_id - assumed 'cate_id' D:\amp\apache\htdocs\Shop\application\Runtime\Cache\Home\0e9f9964b50249c273d1dbef3ee7dd51.php 第 164 行.
NOTIC: [8] Use of undefined constant level - assumed 'level' D:\amp\apache\htdocs\Shop\application\Runtime\Cache\Home\0e9f9964b50249c273d1dbef3ee7dd51.php 第 164 行.
NOTIC: [8] Use of undefined constant cate_id - assumed 'cate_id' D:\amp\apache\htdocs\Shop\application\Runtime\Cache\Home\0e9f9964b50249c273d1dbef3ee7dd51.php 第 164 行.
NOTIC: [8] Use of undefined constant level - assumed 'level' D:\amp\apache\htdocs\Shop\application\Runtime\Cache\Home\0e9f9964b50249c273d1dbef3ee7dd51.php 第 164 行.
NOTIC: [8] Use of undefined constant cate_id - assumed 'cate_id' D:\amp\apache\htdocs\Shop\application\Runtime\Cache\Home\0e9f9964b50249c273d1dbef3ee7dd51.php 第 164 行.
NOTIC: [8] Use of undefined constant level - assumed 'level' D:\amp\apache\htdocs\Shop\application\Runtime\Cache\Home\0e9f9964b50249c273d1dbef3ee7dd51.php 第 164 行.
NOTIC: [8] Use of undefined constant cate_id - assumed 'cate_id' D:\amp\apache\htdocs\Shop\application\Runtime\Cache\Home\0e9f9964b50249c273d1dbef3ee7dd51.php 第 162 行.
NOTIC: [8] Use of undefined constant level - assumed 'level' D:\amp\apache\htdocs\Shop\application\Runtime\Cache\Home\0e9f9964b50249c273d1dbef3ee7dd51.php 第 162 行.
NOTIC: [8] Use of undefined constant cate_id - assumed 'cate_id' D:\amp\apache\htdocs\Shop\application\Runtime\Cache\Home\0e9f9964b50249c273d1dbef3ee7dd51.php 第 162 行.
NOTIC: [8] Use of undefined constant level - assumed 'level' D:\amp\apache\htdocs\Shop\application\Runtime\Cache\Home\0e9f9964b50249c273d1dbef3ee7dd51.php 第 162 行.
NOTIC: [8] Use of undefined constant cate_id - assumed 'cate_id' D:\amp\apache\htdocs\Shop\application\Runtime\Cache\Home\0e9f9964b50249c273d1dbef3ee7dd51.php 第 162 行.
NOTIC: [8] Use of undefined constant level - assumed 'level' D:\amp\apache\htdocs\Shop\application\Runtime\Cache\Home\0e9f9964b50249c273d1dbef3ee7dd51.php 第 162 行.
NOTIC: [8] Use of undefined constant cate_id - assumed 'cate_id' D:\amp\apache\htdocs\Shop\application\Runtime\Cache\Home\0e9f9964b50249c273d1dbef3ee7dd51.php 第 157 行.
NOTIC: [8] Use of undefined constant level - assumed 'level' D:\amp\apache\htdocs\Shop\application\Runtime\Cache\Home\0e9f9964b50249c273d1dbef3ee7dd51.php 第 157 行.
NOTIC: [8] Use of undefined constant cate_name - assumed 'cate_name' D:\amp\apache\htdocs\Shop\application\Runtime\Cache\Home\0e9f9964b50249c273d1dbef3ee7dd51.php 第 157 行.
NOTIC: [8] Use of undefined constant cate_id - assumed 'cate_id' D:\amp\apache\htdocs\Shop\application\Runtime\Cache\Home\0e9f9964b50249c273d1dbef3ee7dd51.php 第 162 行.
NOTIC: [8] Use of undefined constant level - assumed 'level' D:\amp\apache\htdocs\Shop\application\Runtime\Cache\Home\0e9f9964b50249c273d1dbef3ee7dd51.php 第 162 行.
NOTIC: [8] Use of undefined constant cate_id - assumed 'cate_id' D:\amp\apache\htdocs\Shop\application\Runtime\Cache\Home\0e9f9964b50249c273d1dbef3ee7dd51.php 第 164 行.
NOTIC: [8] Use of undefined constant level - assumed 'level' D:\amp\apache\htdocs\Shop\application\Runtime\Cache\Home\0e9f9964b50249c273d1dbef3ee7dd51.php 第 164 行.
NOTIC: [8] Use of undefined constant cate_id - assumed 'cate_id' D:\amp\apache\htdocs\Shop\application\Runtime\Cache\Home\0e9f9964b50249c273d1dbef3ee7dd51.php 第 164 行.
NOTIC: [8] Use of undefined constant level - assumed 'level' D:\amp\apache\htdocs\Shop\application\Runtime\Cache\Home\0e9f9964b50249c273d1dbef3ee7dd51.php 第 164 行.
NOTIC: [8] Use of undefined constant cate_id - assumed 'cate_id' D:\amp\apache\htdocs\Shop\application\Runtime\Cache\Home\0e9f9964b50249c273d1dbef3ee7dd51.php 第 162 行.
NOTIC: [8] Use of undefined constant level - assumed 'level' D:\amp\apache\htdocs\Shop\application\Runtime\Cache\Home\0e9f9964b50249c273d1dbef3ee7dd51.php 第 162 行.
NOTIC: [8] Use of undefined constant cate_id - assumed 'cate_id' D:\amp\apache\htdocs\Shop\application\Runtime\Cache\Home\0e9f9964b50249c273d1dbef3ee7dd51.php 第 164 行.
NOTIC: [8] Use of undefined constant level - assumed 'level' D:\amp\apache\htdocs\Shop\application\Runtime\Cache\Home\0e9f9964b50249c273d1dbef3ee7dd51.php 第 164 行.
NOTIC: [8] Use of undefined constant cate_id - assumed 'cate_id' D:\amp\apache\htdocs\Shop\application\Runtime\Cache\Home\0e9f9964b50249c273d1dbef3ee7dd51.php 第 164 行.
NOTIC: [8] Use of undefined constant level - assumed 'level' D:\amp\apache\htdocs\Shop\application\Runtime\Cache\Home\0e9f9964b50249c273d1dbef3ee7dd51.php 第 164 行.
NOTIC: [8] Use of undefined constant cate_id - assumed 'cate_id' D:\amp\apache\htdocs\Shop\application\Runtime\Cache\Home\0e9f9964b50249c273d1dbef3ee7dd51.php 第 164 行.
NOTIC: [8] Use of undefined constant level - assumed 'level' D:\amp\apache\htdocs\Shop\application\Runtime\Cache\Home\0e9f9964b50249c273d1dbef3ee7dd51.php 第 164 行.
NOTIC: [8] Use of undefined constant cate_id - assumed 'cate_id' D:\amp\apache\htdocs\Shop\application\Runtime\Cache\Home\0e9f9964b50249c273d1dbef3ee7dd51.php 第 157 行.
NOTIC: [8] Use of undefined constant level - assumed 'level' D:\amp\apache\htdocs\Shop\application\Runtime\Cache\Home\0e9f9964b50249c273d1dbef3ee7dd51.php 第 157 行.
NOTIC: [8] Use of undefined constant cate_name - assumed 'cate_name' D:\amp\apache\htdocs\Shop\application\Runtime\Cache\Home\0e9f9964b50249c273d1dbef3ee7dd51.php 第 157 行.
NOTIC: [8] Use of undefined constant cate_id - assumed 'cate_id' D:\amp\apache\htdocs\Shop\application\Runtime\Cache\Home\0e9f9964b50249c273d1dbef3ee7dd51.php 第 162 行.
NOTIC: [8] Use of undefined constant level - assumed 'level' D:\amp\apache\htdocs\Shop\application\Runtime\Cache\Home\0e9f9964b50249c273d1dbef3ee7dd51.php 第 162 行.
NOTIC: [8] Use of undefined constant cate_id - assumed 'cate_id' D:\amp\apache\htdocs\Shop\application\Runtime\Cache\Home\0e9f9964b50249c273d1dbef3ee7dd51.php 第 164 行.
NOTIC: [8] Use of undefined constant level - assumed 'level' D:\amp\apache\htdocs\Shop\application\Runtime\Cache\Home\0e9f9964b50249c273d1dbef3ee7dd51.php 第 164 行.
NOTIC: [8] Use of undefined constant cate_id - assumed 'cate_id' D:\amp\apache\htdocs\Shop\application\Runtime\Cache\Home\0e9f9964b50249c273d1dbef3ee7dd51.php 第 164 行.
NOTIC: [8] Use of undefined constant level - assumed 'level' D:\amp\apache\htdocs\Shop\application\Runtime\Cache\Home\0e9f9964b50249c273d1dbef3ee7dd51.php 第 164 行.
NOTIC: [8] Use of undefined constant cate_id - assumed 'cate_id' D:\amp\apache\htdocs\Shop\application\Runtime\Cache\Home\0e9f9964b50249c273d1dbef3ee7dd51.php 第 162 行.
NOTIC: [8] Use of undefined constant level - assumed 'level' D:\amp\apache\htdocs\Shop\application\Runtime\Cache\Home\0e9f9964b50249c273d1dbef3ee7dd51.php 第 162 行.
NOTIC: [8] Use of undefined constant cate_id - assumed 'cate_id' D:\amp\apache\htdocs\Shop\application\Runtime\Cache\Home\0e9f9964b50249c273d1dbef3ee7dd51.php 第 164 行.
NOTIC: [8] Use of undefined constant level - assumed 'level' D:\amp\apache\htdocs\Shop\application\Runtime\Cache\Home\0e9f9964b50249c273d1dbef3ee7dd51.php 第 164 行.
NOTIC: [8] Use of undefined constant cate_id - assumed 'cate_id' D:\amp\apache\htdocs\Shop\application\Runtime\Cache\Home\0e9f9964b50249c273d1dbef3ee7dd51.php 第 164 行.
NOTIC: [8] Use of undefined constant level - assumed 'level' D:\amp\apache\htdocs\Shop\application\Runtime\Cache\Home\0e9f9964b50249c273d1dbef3ee7dd51.php 第 164 行.
NOTIC: [8] Use of undefined constant cate_id - assumed 'cate_id' D:\amp\apache\htdocs\Shop\application\Runtime\Cache\Home\0e9f9964b50249c273d1dbef3ee7dd51.php 第 164 行.
NOTIC: [8] Use of undefined constant level - assumed 'level' D:\amp\apache\htdocs\Shop\application\Runtime\Cache\Home\0e9f9964b50249c273d1dbef3ee7dd51.php 第 164 行.
NOTIC: [8] Use of undefined constant cate_id - assumed 'cate_id' D:\amp\apache\htdocs\Shop\application\Runtime\Cache\Home\0e9f9964b50249c273d1dbef3ee7dd51.php 第 164 行.
NOTIC: [8] Use of undefined constant level - assumed 'level' D:\amp\apache\htdocs\Shop\application\Runtime\Cache\Home\0e9f9964b50249c273d1dbef3ee7dd51.php 第 164 行.
NOTIC: [8] Use of undefined constant cate_id - assumed 'cate_id' D:\amp\apache\htdocs\Shop\application\Runtime\Cache\Home\0e9f9964b50249c273d1dbef3ee7dd51.php 第 157 行.
NOTIC: [8] Use of undefined constant level - assumed 'level' D:\amp\apache\htdocs\Shop\application\Runtime\Cache\Home\0e9f9964b50249c273d1dbef3ee7dd51.php 第 157 行.
NOTIC: [8] Use of undefined constant cate_name - assumed 'cate_name' D:\amp\apache\htdocs\Shop\application\Runtime\Cache\Home\0e9f9964b50249c273d1dbef3ee7dd51.php 第 157 行.
NOTIC: [8] Use of undefined constant cate_id - assumed 'cate_id' D:\amp\apache\htdocs\Shop\application\Runtime\Cache\Home\0e9f9964b50249c273d1dbef3ee7dd51.php 第 157 行.
NOTIC: [8] Use of undefined constant level - assumed 'level' D:\amp\apache\htdocs\Shop\application\Runtime\Cache\Home\0e9f9964b50249c273d1dbef3ee7dd51.php 第 157 行.
NOTIC: [8] Use of undefined constant cate_name - assumed 'cate_name' D:\amp\apache\htdocs\Shop\application\Runtime\Cache\Home\0e9f9964b50249c273d1dbef3ee7dd51.php 第 157 行.
NOTIC: [8] Use of undefined constant cate_id - assumed 'cate_id' D:\amp\apache\htdocs\Shop\application\Runtime\Cache\Home\0e9f9964b50249c273d1dbef3ee7dd51.php 第 157 行.
NOTIC: [8] Use of undefined constant level - assumed 'level' D:\amp\apache\htdocs\Shop\application\Runtime\Cache\Home\0e9f9964b50249c273d1dbef3ee7dd51.php 第 157 行.
NOTIC: [8] Use of undefined constant cate_name - assumed 'cate_name' D:\amp\apache\htdocs\Shop\application\Runtime\Cache\Home\0e9f9964b50249c273d1dbef3ee7dd51.php 第 157 行.
NOTIC: [8] Use of undefined constant cate_id - assumed 'cate_id' D:\amp\apache\htdocs\Shop\application\Runtime\Cache\Home\0e9f9964b50249c273d1dbef3ee7dd51.php 第 157 行.
NOTIC: [8] Use of undefined constant level - assumed 'level' D:\amp\apache\htdocs\Shop\application\Runtime\Cache\Home\0e9f9964b50249c273d1dbef3ee7dd51.php 第 157 行.
NOTIC: [8] Use of undefined constant cate_name - assumed 'cate_name' D:\amp\apache\htdocs\Shop\application\Runtime\Cache\Home\0e9f9964b50249c273d1dbef3ee7dd51.php 第 157 行.
NOTIC: [8] Use of undefined constant cate_id - assumed 'cate_id' D:\amp\apache\htdocs\Shop\application\Runtime\Cache\Home\0e9f9964b50249c273d1dbef3ee7dd51.php 第 157 行.
NOTIC: [8] Use of undefined constant level - assumed 'level' D:\amp\apache\htdocs\Shop\application\Runtime\Cache\Home\0e9f9964b50249c273d1dbef3ee7dd51.php 第 157 行.
NOTIC: [8] Use of undefined constant cate_name - assumed 'cate_name' D:\amp\apache\htdocs\Shop\application\Runtime\Cache\Home\0e9f9964b50249c273d1dbef3ee7dd51.php 第 157 行.
NOTIC: [8] Use of undefined constant cate_id - assumed 'cate_id' D:\amp\apache\htdocs\Shop\application\Runtime\Cache\Home\0e9f9964b50249c273d1dbef3ee7dd51.php 第 157 行.
NOTIC: [8] Use of undefined constant level - assumed 'level' D:\amp\apache\htdocs\Shop\application\Runtime\Cache\Home\0e9f9964b50249c273d1dbef3ee7dd51.php 第 157 行.
NOTIC: [8] Use of undefined constant cate_name - assumed 'cate_name' D:\amp\apache\htdocs\Shop\application\Runtime\Cache\Home\0e9f9964b50249c273d1dbef3ee7dd51.php 第 157 行.
NOTIC: [8] Use of undefined constant cate_id - assumed 'cate_id' D:\amp\apache\htdocs\Shop\application\Runtime\Cache\Home\0e9f9964b50249c273d1dbef3ee7dd51.php 第 157 行.
NOTIC: [8] Use of undefined constant level - assumed 'level' D:\amp\apache\htdocs\Shop\application\Runtime\Cache\Home\0e9f9964b50249c273d1dbef3ee7dd51.php 第 157 行.
NOTIC: [8] Use of undefined constant cate_name - assumed 'cate_name' D:\amp\apache\htdocs\Shop\application\Runtime\Cache\Home\0e9f9964b50249c273d1dbef3ee7dd51.php 第 157 行.
NOTIC: [8] Use of undefined constant cate_id - assumed 'cate_id' D:\amp\apache\htdocs\Shop\application\Runtime\Cache\Home\0e9f9964b50249c273d1dbef3ee7dd51.php 第 157 行.
NOTIC: [8] Use of undefined constant level - assumed 'level' D:\amp\apache\htdocs\Shop\application\Runtime\Cache\Home\0e9f9964b50249c273d1dbef3ee7dd51.php 第 157 行.
NOTIC: [8] Use of undefined constant cate_name - assumed 'cate_name' D:\amp\apache\htdocs\Shop\application\Runtime\Cache\Home\0e9f9964b50249c273d1dbef3ee7dd51.php 第 157 行.
NOTIC: [8] Use of undefined constant cate_id - assumed 'cate_id' D:\amp\apache\htdocs\Shop\application\Runtime\Cache\Home\0e9f9964b50249c273d1dbef3ee7dd51.php 第 157 行.
NOTIC: [8] Use of undefined constant level - assumed 'level' D:\amp\apache\htdocs\Shop\application\Runtime\Cache\Home\0e9f9964b50249c273d1dbef3ee7dd51.php 第 157 行.
NOTIC: [8] Use of undefined constant cate_name - assumed 'cate_name' D:\amp\apache\htdocs\Shop\application\Runtime\Cache\Home\0e9f9964b50249c273d1dbef3ee7dd51.php 第 157 行.
NOTIC: [8] Use of undefined constant cate_id - assumed 'cate_id' D:\amp\apache\htdocs\Shop\application\Runtime\Cache\Home\0e9f9964b50249c273d1dbef3ee7dd51.php 第 157 行.
NOTIC: [8] Use of undefined constant level - assumed 'level' D:\amp\apache\htdocs\Shop\application\Runtime\Cache\Home\0e9f9964b50249c273d1dbef3ee7dd51.php 第 157 行.
NOTIC: [8] Use of undefined constant cate_name - assumed 'cate_name' D:\amp\apache\htdocs\Shop\application\Runtime\Cache\Home\0e9f9964b50249c273d1dbef3ee7dd51.php 第 157 行.
NOTIC: [8] Use of undefined constant cate_id - assumed 'cate_id' D:\amp\apache\htdocs\Shop\application\Runtime\Cache\Home\0e9f9964b50249c273d1dbef3ee7dd51.php 第 162 行.
NOTIC: [8] Use of undefined constant level - assumed 'level' D:\amp\apache\htdocs\Shop\application\Runtime\Cache\Home\0e9f9964b50249c273d1dbef3ee7dd51.php 第 162 行.
NOTIC: [8] Use of undefined constant cate_id - assumed 'cate_id' D:\amp\apache\htdocs\Shop\application\Runtime\Cache\Home\0e9f9964b50249c273d1dbef3ee7dd51.php 第 164 行.
NOTIC: [8] Use of undefined constant level - assumed 'level' D:\amp\apache\htdocs\Shop\application\Runtime\Cache\Home\0e9f9964b50249c273d1dbef3ee7dd51.php 第 164 行.
NOTIC: [8] Use of undefined constant cate_id - assumed 'cate_id' D:\amp\apache\htdocs\Shop\application\Runtime\Cache\Home\0e9f9964b50249c273d1dbef3ee7dd51.php 第 157 行.
NOTIC: [8] Use of undefined constant level - assumed 'level' D:\amp\apache\htdocs\Shop\application\Runtime\Cache\Home\0e9f9964b50249c273d1dbef3ee7dd51.php 第 157 行.
NOTIC: [8] Use of undefined constant cate_name - assumed 'cate_name' D:\amp\apache\htdocs\Shop\application\Runtime\Cache\Home\0e9f9964b50249c273d1dbef3ee7dd51.php 第 157 行.
NOTIC: [8] Use of undefined constant cate_id - assumed 'cate_id' D:\amp\apache\htdocs\Shop\application\Runtime\Cache\Home\0e9f9964b50249c273d1dbef3ee7dd51.php 第 162 行.
NOTIC: [8] Use of undefined constant level - assumed 'level' D:\amp\apache\htdocs\Shop\application\Runtime\Cache\Home\0e9f9964b50249c273d1dbef3ee7dd51.php 第 162 行.
NOTIC: [8] Use of undefined constant cate_id - assumed 'cate_id' D:\amp\apache\htdocs\Shop\application\Runtime\Cache\Home\0e9f9964b50249c273d1dbef3ee7dd51.php 第 164 行.
NOTIC: [8] Use of undefined constant level - assumed 'level' D:\amp\apache\htdocs\Shop\application\Runtime\Cache\Home\0e9f9964b50249c273d1dbef3ee7dd51.php 第 164 行.
INFO: Run Behavior\ParseTemplateBehavior [ RunTime:0.128448s ]
INFO: [ view_parse ] --END-- [ RunTime:0.128546s ]
INFO: [ view_filter ] --START--
INFO: Run Behavior\WriteHtmlCacheBehavior [ RunTime:0.000369s ]
INFO: [ view_filter ] --END-- [ RunTime:0.000423s ]
INFO: [ app_end ] --START--
INFO: Run Behavior\ShowPageTraceBehavior [ RunTime:0.000862s ]
INFO: [ app_end ] --END-- [ RunTime:0.000956s ]

[ 2017-09-05T00:10:10+08:00 ] 127.0.0.1 /Home/Index/getGoodsByCateid/cate_id/3/level/0.html
INFO: [ app_init ] --START--
INFO: Run Behavior\BuildLiteBehavior [ RunTime:0.000009s ]
INFO: [ app_init ] --END-- [ RunTime:0.000251s ]
INFO: [ app_begin ] --START--
INFO: Run Behavior\ReadHtmlCacheBehavior [ RunTime:0.000287s ]
INFO: [ app_begin ] --END-- [ RunTime:0.000322s ]
SQL: SHOW COLUMNS FROM `sp_cate` [ RunTime:0.0087s ]
SQL: SELECT * FROM `sp_cate`  [ RunTime:0.0006s ]
NOTIC: [2] Invalid argument supplied for foreach() D:\amp\apache\htdocs\Shop\application\Home\Controller\CommonController.class.php 第 50 行.
SQL: SELECT * FROM sp_goods WHERE goods_cateid IN
            (SELECT cate_id FROM sp_cate WHERE cate_pid IN
            (SELECT cate_id FROM sp_cate WHERE cate_pid=3)
            ) [ RunTime:0.0164s ]
INFO: [ view_parse ] --START--
INFO: [ template_filter ] --START--
INFO: Run Behavior\ContentReplaceBehavior [ RunTime:0.000210s ]
INFO: [ template_filter ] --END-- [ RunTime:0.000253s ]
NOTIC: [8] Undefined index: memid D:\amp\apache\htdocs\Shop\application\Runtime\Cache\Home\53c73e4f9ee3e0b874d03b01f793e820.php 第 27 行.
NOTIC: [8] Undefined index: memid D:\amp\apache\htdocs\Shop\application\Runtime\Cache\Home\53c73e4f9ee3e0b874d03b01f793e820.php 第 36 行.
NOTIC: [8] Use of undefined constant goods_id - assumed 'goods_id' D:\amp\apache\htdocs\Shop\application\Runtime\Cache\Home\53c73e4f9ee3e0b874d03b01f793e820.php 第 118 行.
NOTIC: [8] Undefined variable: goods_info D:\amp\apache\htdocs\Shop\application\Runtime\Cache\Home\53c73e4f9ee3e0b874d03b01f793e820.php 第 118 行.
NOTIC: [8] Use of undefined constant cate_id - assumed 'cate_id' D:\amp\apache\htdocs\Shop\application\Runtime\Cache\Home\53c73e4f9ee3e0b874d03b01f793e820.php 第 157 行.
NOTIC: [8] Use of undefined constant level - assumed 'level' D:\amp\apache\htdocs\Shop\application\Runtime\Cache\Home\53c73e4f9ee3e0b874d03b01f793e820.php 第 157 行.
NOTIC: [8] Use of undefined constant cate_name - assumed 'cate_name' D:\amp\apache\htdocs\Shop\application\Runtime\Cache\Home\53c73e4f9ee3e0b874d03b01f793e820.php 第 157 行.
NOTIC: [8] Use of undefined constant cate_id - assumed 'cate_id' D:\amp\apache\htdocs\Shop\application\Runtime\Cache\Home\53c73e4f9ee3e0b874d03b01f793e820.php 第 162 行.
NOTIC: [8] Use of undefined constant level - assumed 'level' D:\amp\apache\htdocs\Shop\application\Runtime\Cache\Home\53c73e4f9ee3e0b874d03b01f793e820.php 第 162 行.
NOTIC: [8] Use of undefined constant cate_id - assumed 'cate_id' D:\amp\apache\htdocs\Shop\application\Runtime\Cache\Home\53c73e4f9ee3e0b874d03b01f793e820.php 第 164 行.
NOTIC: [8] Use of undefined constant level - assumed 'level' D:\amp\apache\htdocs\Shop\application\Runtime\Cache\Home\53c73e4f9ee3e0b874d03b01f793e820.php 第 164 行.
NOTIC: [8] Use of undefined constant cate_id - assumed 'cate_id' D:\amp\apache\htdocs\Shop\application\Runtime\Cache\Home\53c73e4f9ee3e0b874d03b01f793e820.php 第 164 行.
NOTIC: [8] Use of undefined constant level - assumed 'level' D:\amp\apache\htdocs\Shop\application\Runtime\Cache\Home\53c73e4f9ee3e0b874d03b01f793e820.php 第 164 行.
NOTIC: [8] Use of undefined constant cate_id - assumed 'cate_id' D:\amp\apache\htdocs\Shop\application\Runtime\Cache\Home\53c73e4f9ee3e0b874d03b01f793e820.php 第 164 行.
NOTIC: [8] Use of undefined constant level - assumed 'level' D:\amp\apache\htdocs\Shop\application\Runtime\Cache\Home\53c73e4f9ee3e0b874d03b01f793e820.php 第 164 行.
NOTIC: [8] Use of undefined constant cate_id - assumed 'cate_id' D:\amp\apache\htdocs\Shop\application\Runtime\Cache\Home\53c73e4f9ee3e0b874d03b01f793e820.php 第 164 行.
NOTIC: [8] Use of undefined constant level - assumed 'level' D:\amp\apache\htdocs\Shop\application\Runtime\Cache\Home\53c73e4f9ee3e0b874d03b01f793e820.php 第 164 行.
NOTIC: [8] Use of undefined constant cate_id - assumed 'cate_id' D:\amp\apache\htdocs\Shop\application\Runtime\Cache\Home\53c73e4f9ee3e0b874d03b01f793e820.php 第 164 行.
NOTIC: [8] Use of undefined constant level - assumed 'level' D:\amp\apache\htdocs\Shop\application\Runtime\Cache\Home\53c73e4f9ee3e0b874d03b01f793e820.php 第 164 行.
NOTIC: [8] Use of undefined constant cate_id - assumed 'cate_id' D:\amp\apache\htdocs\Shop\application\Runtime\Cache\Home\53c73e4f9ee3e0b874d03b01f793e820.php 第 164 行.
NOTIC: [8] Use of undefined constant level - assumed 'level' D:\amp\apache\htdocs\Shop\application\Runtime\Cache\Home\53c73e4f9ee3e0b874d03b01f793e820.php 第 164 行.
NOTIC: [8] Use of undefined constant cate_id - assumed 'cate_id' D:\amp\apache\htdocs\Shop\application\Runtime\Cache\Home\53c73e4f9ee3e0b874d03b01f793e820.php 第 164 行.
NOTIC: [8] Use of undefined constant level - assumed 'level' D:\amp\apache\htdocs\Shop\application\Runtime\Cache\Home\53c73e4f9ee3e0b874d03b01f793e820.php 第 164 行.
NOTIC: [8] Use of undefined constant cate_id - assumed 'cate_id' D:\amp\apache\htdocs\Shop\application\Runtime\Cache\Home\53c73e4f9ee3e0b874d03b01f793e820.php 第 164 行.
NOTIC: [8] Use of undefined constant level - assumed 'level' D:\amp\apache\htdocs\Shop\application\Runtime\Cache\Home\53c73e4f9ee3e0b874d03b01f793e820.php 第 164 行.
NOTIC: [8] Use of undefined constant cate_id - assumed 'cate_id' D:\amp\apache\htdocs\Shop\application\Runtime\Cache\Home\53c73e4f9ee3e0b874d03b01f793e820.php 第 162 行.
NOTIC: [8] Use of undefined constant level - assumed 'level' D:\amp\apache\htdocs\Shop\application\Runtime\Cache\Home\53c73e4f9ee3e0b874d03b01f793e820.php 第 162 行.
NOTIC: [8] Use of undefined constant cate_id - assumed 'cate_id' D:\amp\apache\htdocs\Shop\application\Runtime\Cache\Home\53c73e4f9ee3e0b874d03b01f793e820.php 第 164 行.
NOTIC: [8] Use of undefined constant level - assumed 'level' D:\amp\apache\htdocs\Shop\application\Runtime\Cache\Home\53c73e4f9ee3e0b874d03b01f793e820.php 第 164 行.
NOTIC: [8] Use of undefined constant cate_id - assumed 'cate_id' D:\amp\apache\htdocs\Shop\application\Runtime\Cache\Home\53c73e4f9ee3e0b874d03b01f793e820.php 第 164 行.
NOTIC: [8] Use of undefined constant level - assumed 'level' D:\amp\apache\htdocs\Shop\application\Runtime\Cache\Home\53c73e4f9ee3e0b874d03b01f793e820.php 第 164 行.
NOTIC: [8] Use of undefined constant cate_id - assumed 'cate_id' D:\amp\apache\htdocs\Shop\application\Runtime\Cache\Home\53c73e4f9ee3e0b874d03b01f793e820.php 第 164 行.
NOTIC: [8] Use of undefined constant level - assumed 'level' D:\amp\apache\htdocs\Shop\application\Runtime\Cache\Home\53c73e4f9ee3e0b874d03b01f793e820.php 第 164 行.
NOTIC: [8] Use of undefined constant cate_id - assumed 'cate_id' D:\amp\apache\htdocs\Shop\application\Runtime\Cache\Home\53c73e4f9ee3e0b874d03b01f793e820.php 第 164 行.
NOTIC: [8] Use of undefined constant level - assumed 'level' D:\amp\apache\htdocs\Shop\application\Runtime\Cache\Home\53c73e4f9ee3e0b874d03b01f793e820.php 第 164 行.
NOTIC: [8] Use of undefined constant cate_id - assumed 'cate_id' D:\amp\apache\htdocs\Shop\application\Runtime\Cache\Home\53c73e4f9ee3e0b874d03b01f793e820.php 第 164 行.
NOTIC: [8] Use of undefined constant level - assumed 'level' D:\amp\apache\htdocs\Shop\application\Runtime\Cache\Home\53c73e4f9ee3e0b874d03b01f793e820.php 第 164 行.
NOTIC: [8] Use of undefined constant cate_id - assumed 'cate_id' D:\amp\apache\htdocs\Shop\application\Runtime\Cache\Home\53c73e4f9ee3e0b874d03b01f793e820.php 第 162 行.
NOTIC: [8] Use of undefined constant level - assumed 'level' D:\amp\apache\htdocs\Shop\application\Runtime\Cache\Home\53c73e4f9ee3e0b874d03b01f793e820.php 第 162 行.
NOTIC: [8] Use of undefined constant cate_id - assumed 'cate_id' D:\amp\apache\htdocs\Shop\application\Runtime\Cache\Home\53c73e4f9ee3e0b874d03b01f793e820.php 第 162 行.
NOTIC: [8] Use of undefined constant level - assumed 'level' D:\amp\apache\htdocs\Shop\application\Runtime\Cache\Home\53c73e4f9ee3e0b874d03b01f793e820.php 第 162 行.
NOTIC: [8] Use of undefined constant cate_id - assumed 'cate_id' D:\amp\apache\htdocs\Shop\application\Runtime\Cache\Home\53c73e4f9ee3e0b874d03b01f793e820.php 第 162 行.
NOTIC: [8] Use of undefined constant level - assumed 'level' D:\amp\apache\htdocs\Shop\application\Runtime\Cache\Home\53c73e4f9ee3e0b874d03b01f793e820.php 第 162 行.
NOTIC: [8] Use of undefined constant cate_id - assumed 'cate_id' D:\amp\apache\htdocs\Shop\application\Runtime\Cache\Home\53c73e4f9ee3e0b874d03b01f793e820.php 第 162 行.
NOTIC: [8] Use of undefined constant level - assumed 'level' D:\amp\apache\htdocs\Shop\application\Runtime\Cache\Home\53c73e4f9ee3e0b874d03b01f793e820.php 第 162 行.
NOTIC: [8] Use of undefined constant cate_id - assumed 'cate_id' D:\amp\apache\htdocs\Shop\application\Runtime\Cache\Home\53c73e4f9ee3e0b874d03b01f793e820.php 第 162 行.
NOTIC: [8] Use of undefined constant level - assumed 'level' D:\amp\apache\htdocs\Shop\application\Runtime\Cache\Home\53c73e4f9ee3e0b874d03b01f793e820.php 第 162 行.
NOTIC: [8] Use of undefined constant cate_id - assumed 'cate_id' D:\amp\apache\htdocs\Shop\application\Runtime\Cache\Home\53c73e4f9ee3e0b874d03b01f793e820.php 第 162 行.
NOTIC: [8] Use of undefined constant level - assumed 'level' D:\amp\apache\htdocs\Shop\application\Runtime\Cache\Home\53c73e4f9ee3e0b874d03b01f793e820.php 第 162 行.
NOTIC: [8] Use of undefined constant cate_id - assumed 'cate_id' D:\amp\apache\htdocs\Shop\application\Runtime\Cache\Home\53c73e4f9ee3e0b874d03b01f793e820.php 第 157 行.
NOTIC: [8] Use of undefined constant level - assumed 'level' D:\amp\apache\htdocs\Shop\application\Runtime\Cache\Home\53c73e4f9ee3e0b874d03b01f793e820.php 第 157 行.
NOTIC: [8] Use of undefined constant cate_name - assumed 'cate_name' D:\amp\apache\htdocs\Shop\application\Runtime\Cache\Home\53c73e4f9ee3e0b874d03b01f793e820.php 第 157 行.
NOTIC: [8] Use of undefined constant cate_id - assumed 'cate_id' D:\amp\apache\htdocs\Shop\application\Runtime\Cache\Home\53c73e4f9ee3e0b874d03b01f793e820.php 第 162 行.
NOTIC: [8] Use of undefined constant level - assumed 'level' D:\amp\apache\htdocs\Shop\application\Runtime\Cache\Home\53c73e4f9ee3e0b874d03b01f793e820.php 第 162 行.
NOTIC: [8] Use of undefined constant cate_id - assumed 'cate_id' D:\amp\apache\htdocs\Shop\application\Runtime\Cache\Home\53c73e4f9ee3e0b874d03b01f793e820.php 第 164 行.
NOTIC: [8] Use of undefined constant level - assumed 'level' D:\amp\apache\htdocs\Shop\application\Runtime\Cache\Home\53c73e4f9ee3e0b874d03b01f793e820.php 第 164 行.
NOTIC: [8] Use of undefined constant cate_id - assumed 'cate_id' D:\amp\apache\htdocs\Shop\application\Runtime\Cache\Home\53c73e4f9ee3e0b874d03b01f793e820.php 第 164 行.
NOTIC: [8] Use of undefined constant level - assumed 'level' D:\amp\apache\htdocs\Shop\application\Runtime\Cache\Home\53c73e4f9ee3e0b874d03b01f793e820.php 第 164 行.
NOTIC: [8] Use of undefined constant cate_id - assumed 'cate_id' D:\amp\apache\htdocs\Shop\application\Runtime\Cache\Home\53c73e4f9ee3e0b874d03b01f793e820.php 第 164 行.
NOTIC: [8] Use of undefined constant level - assumed 'level' D:\amp\apache\htdocs\Shop\application\Runtime\Cache\Home\53c73e4f9ee3e0b874d03b01f793e820.php 第 164 行.
NOTIC: [8] Use of undefined constant cate_id - assumed 'cate_id' D:\amp\apache\htdocs\Shop\application\Runtime\Cache\Home\53c73e4f9ee3e0b874d03b01f793e820.php 第 164 行.
NOTIC: [8] Use of undefined constant level - assumed 'level' D:\amp\apache\htdocs\Shop\application\Runtime\Cache\Home\53c73e4f9ee3e0b874d03b01f793e820.php 第 164 行.
NOTIC: [8] Use of undefined constant cate_id - assumed 'cate_id' D:\amp\apache\htdocs\Shop\application\Runtime\Cache\Home\53c73e4f9ee3e0b874d03b01f793e820.php 第 164 行.
NOTIC: [8] Use of undefined constant level - assumed 'level' D:\amp\apache\htdocs\Shop\application\Runtime\Cache\Home\53c73e4f9ee3e0b874d03b01f793e820.php 第 164 行.
NOTIC: [8] Use of undefined constant cate_id - assumed 'cate_id' D:\amp\apache\htdocs\Shop\application\Runtime\Cache\Home\53c73e4f9ee3e0b874d03b01f793e820.php 第 164 行.
NOTIC: [8] Use of undefined constant level - assumed 'level' D:\amp\apache\htdocs\Shop\application\Runtime\Cache\Home\53c73e4f9ee3e0b874d03b01f793e820.php 第 164 行.
NOTIC: [8] Use of undefined constant cate_id - assumed 'cate_id' D:\amp\apache\htdocs\Shop\application\Runtime\Cache\Home\53c73e4f9ee3e0b874d03b01f793e820.php 第 162 行.
NOTIC: [8] Use of undefined constant level - assumed 'level' D:\amp\apache\htdocs\Shop\application\Runtime\Cache\Home\53c73e4f9ee3e0b874d03b01f793e820.php 第 162 行.
NOTIC: [8] Use of undefined constant cate_id - assumed 'cate_id' D:\amp\apache\htdocs\Shop\application\Runtime\Cache\Home\53c73e4f9ee3e0b874d03b01f793e820.php 第 164 行.
NOTIC: [8] Use of undefined constant level - assumed 'level' D:\amp\apache\htdocs\Shop\application\Runtime\Cache\Home\53c73e4f9ee3e0b874d03b01f793e820.php 第 164 行.
NOTIC: [8] Use of undefined constant cate_id - assumed 'cate_id' D:\amp\apache\htdocs\Shop\application\Runtime\Cache\Home\53c73e4f9ee3e0b874d03b01f793e820.php 第 164 行.
NOTIC: [8] Use of undefined constant level - assumed 'level' D:\amp\apache\htdocs\Shop\application\Runtime\Cache\Home\53c73e4f9ee3e0b874d03b01f793e820.php 第 164 行.
NOTIC: [8] Use of undefined constant cate_id - assumed 'cate_id' D:\amp\apache\htdocs\Shop\application\Runtime\Cache\Home\53c73e4f9ee3e0b874d03b01f793e820.php 第 164 行.
NOTIC: [8] Use of undefined constant level - assumed 'level' D:\amp\apache\htdocs\Shop\application\Runtime\Cache\Home\53c73e4f9ee3e0b874d03b01f793e820.php 第 164 行.
NOTIC: [8] Use of undefined constant cate_id - assumed 'cate_id' D:\amp\apache\htdocs\Shop\application\Runtime\Cache\Home\53c73e4f9ee3e0b874d03b01f793e820.php 第 164 行.
NOTIC: [8] Use of undefined constant level - assumed 'level' D:\amp\apache\htdocs\Shop\application\Runtime\Cache\Home\53c73e4f9ee3e0b874d03b01f793e820.php 第 164 行.
NOTIC: [8] Use of undefined constant cate_id - assumed 'cate_id' D:\amp\apache\htdocs\Shop\application\Runtime\Cache\Home\53c73e4f9ee3e0b874d03b01f793e820.php 第 164 行.
NOTIC: [8] Use of undefined constant level - assumed 'level' D:\amp\apache\htdocs\Shop\application\Runtime\Cache\Home\53c73e4f9ee3e0b874d03b01f793e820.php 第 164 行.
NOTIC: [8] Use of undefined constant cate_id - assumed 'cate_id' D:\amp\apache\htdocs\Shop\application\Runtime\Cache\Home\53c73e4f9ee3e0b874d03b01f793e820.php 第 164 行.
NOTIC: [8] Use of undefined constant level - assumed 'level' D:\amp\apache\htdocs\Shop\application\Runtime\Cache\Home\53c73e4f9ee3e0b874d03b01f793e820.php 第 164 行.
NOTIC: [8] Use of undefined constant cate_id - assumed 'cate_id' D:\amp\apache\htdocs\Shop\application\Runtime\Cache\Home\53c73e4f9ee3e0b874d03b01f793e820.php 第 164 行.
NOTIC: [8] Use of undefined constant level - assumed 'level' D:\amp\apache\htdocs\Shop\application\Runtime\Cache\Home\53c73e4f9ee3e0b874d03b01f793e820.php 第 164 行.
NOTIC: [8] Use of undefined constant cate_id - assumed 'cate_id' D:\amp\apache\htdocs\Shop\application\Runtime\Cache\Home\53c73e4f9ee3e0b874d03b01f793e820.php 第 162 行.
NOTIC: [8] Use of undefined constant level - assumed 'level' D:\amp\apache\htdocs\Shop\application\Runtime\Cache\Home\53c73e4f9ee3e0b874d03b01f793e820.php 第 162 行.
NOTIC: [8] Use of undefined constant cate_id - assumed 'cate_id' D:\amp\apache\htdocs\Shop\application\Runtime\Cache\Home\53c73e4f9ee3e0b874d03b01f793e820.php 第 162 行.
NOTIC: [8] Use of undefined constant level - assumed 'level' D:\amp\apache\htdocs\Shop\application\Runtime\Cache\Home\53c73e4f9ee3e0b874d03b01f793e820.php 第 162 行.
NOTIC: [8] Use of undefined constant cate_id - assumed 'cate_id' D:\amp\apache\htdocs\Shop\application\Runtime\Cache\Home\53c73e4f9ee3e0b874d03b01f793e820.php 第 162 行.
NOTIC: [8] Use of undefined constant level - assumed 'level' D:\amp\apache\htdocs\Shop\application\Runtime\Cache\Home\53c73e4f9ee3e0b874d03b01f793e820.php 第 162 行.
NOTIC: [8] Use of undefined constant cate_id - assumed 'cate_id' D:\amp\apache\htdocs\Shop\application\Runtime\Cache\Home\53c73e4f9ee3e0b874d03b01f793e820.php 第 157 行.
NOTIC: [8] Use of undefined constant level - assumed 'level' D:\amp\apache\htdocs\Shop\application\Runtime\Cache\Home\53c73e4f9ee3e0b874d03b01f793e820.php 第 157 行.
NOTIC: [8] Use of undefined constant cate_name - assumed 'cate_name' D:\amp\apache\htdocs\Shop\application\Runtime\Cache\Home\53c73e4f9ee3e0b874d03b01f793e820.php 第 157 行.
NOTIC: [8] Use of undefined constant cate_id - assumed 'cate_id' D:\amp\apache\htdocs\Shop\application\Runtime\Cache\Home\53c73e4f9ee3e0b874d03b01f793e820.php 第 162 行.
NOTIC: [8] Use of undefined constant level - assumed 'level' D:\amp\apache\htdocs\Shop\application\Runtime\Cache\Home\53c73e4f9ee3e0b874d03b01f793e820.php 第 162 行.
NOTIC: [8] Use of undefined constant cate_id - assumed 'cate_id' D:\amp\apache\htdocs\Shop\application\Runtime\Cache\Home\53c73e4f9ee3e0b874d03b01f793e820.php 第 164 行.
NOTIC: [8] Use of undefined constant level - assumed 'level' D:\amp\apache\htdocs\Shop\application\Runtime\Cache\Home\53c73e4f9ee3e0b874d03b01f793e820.php 第 164 行.
NOTIC: [8] Use of undefined constant cate_id - assumed 'cate_id' D:\amp\apache\htdocs\Shop\application\Runtime\Cache\Home\53c73e4f9ee3e0b874d03b01f793e820.php 第 164 行.
NOTIC: [8] Use of undefined constant level - assumed 'level' D:\amp\apache\htdocs\Shop\application\Runtime\Cache\Home\53c73e4f9ee3e0b874d03b01f793e820.php 第 164 行.
NOTIC: [8] Use of undefined constant cate_id - assumed 'cate_id' D:\amp\apache\htdocs\Shop\application\Runtime\Cache\Home\53c73e4f9ee3e0b874d03b01f793e820.php 第 162 行.
NOTIC: [8] Use of undefined constant level - assumed 'level' D:\amp\apache\htdocs\Shop\application\Runtime\Cache\Home\53c73e4f9ee3e0b874d03b01f793e820.php 第 162 行.
NOTIC: [8] Use of undefined constant cate_id - assumed 'cate_id' D:\amp\apache\htdocs\Shop\application\Runtime\Cache\Home\53c73e4f9ee3e0b874d03b01f793e820.php 第 164 行.
NOTIC: [8] Use of undefined constant level - assumed 'level' D:\amp\apache\htdocs\Shop\application\Runtime\Cache\Home\53c73e4f9ee3e0b874d03b01f793e820.php 第 164 行.
NOTIC: [8] Use of undefined constant cate_id - assumed 'cate_id' D:\amp\apache\htdocs\Shop\application\Runtime\Cache\Home\53c73e4f9ee3e0b874d03b01f793e820.php 第 164 行.
NOTIC: [8] Use of undefined constant level - assumed 'level' D:\amp\apache\htdocs\Shop\application\Runtime\Cache\Home\53c73e4f9ee3e0b874d03b01f793e820.php 第 164 行.
NOTIC: [8] Use of undefined constant cate_id - assumed 'cate_id' D:\amp\apache\htdocs\Shop\application\Runtime\Cache\Home\53c73e4f9ee3e0b874d03b01f793e820.php 第 164 行.
NOTIC: [8] Use of undefined constant level - assumed 'level' D:\amp\apache\htdocs\Shop\application\Runtime\Cache\Home\53c73e4f9ee3e0b874d03b01f793e820.php 第 164 行.
NOTIC: [8] Use of undefined constant cate_id - assumed 'cate_id' D:\amp\apache\htdocs\Shop\application\Runtime\Cache\Home\53c73e4f9ee3e0b874d03b01f793e820.php 第 157 行.
NOTIC: [8] Use of undefined constant level - assumed 'level' D:\amp\apache\htdocs\Shop\application\Runtime\Cache\Home\53c73e4f9ee3e0b874d03b01f793e820.php 第 157 行.
NOTIC: [8] Use of undefined constant cate_name - assumed 'cate_name' D:\amp\apache\htdocs\Shop\application\Runtime\Cache\Home\53c73e4f9ee3e0b874d03b01f793e820.php 第 157 行.
NOTIC: [8] Use of undefined constant cate_id - assumed 'cate_id' D:\amp\apache\htdocs\Shop\application\Runtime\Cache\Home\53c73e4f9ee3e0b874d03b01f793e820.php 第 162 行.
NOTIC: [8] Use of undefined constant level - assumed 'level' D:\amp\apache\htdocs\Shop\application\Runtime\Cache\Home\53c73e4f9ee3e0b874d03b01f793e820.php 第 162 行.
NOTIC: [8] Use of undefined constant cate_id - assumed 'cate_id' D:\amp\apache\htdocs\Shop\application\Runtime\Cache\Home\53c73e4f9ee3e0b874d03b01f793e820.php 第 164 行.
NOTIC: [8] Use of undefined constant level - assumed 'level' D:\amp\apache\htdocs\Shop\application\Runtime\Cache\Home\53c73e4f9ee3e0b874d03b01f793e820.php 第 164 行.
NOTIC: [8] Use of undefined constant cate_id - assumed 'cate_id' D:\amp\apache\htdocs\Shop\application\Runtime\Cache\Home\53c73e4f9ee3e0b874d03b01f793e820.php 第 164 行.
NOTIC: [8] Use of undefined constant level - assumed 'level' D:\amp\apache\htdocs\Shop\application\Runtime\Cache\Home\53c73e4f9ee3e0b874d03b01f793e820.php 第 164 行.
NOTIC: [8] Use of undefined constant cate_id - assumed 'cate_id' D:\amp\apache\htdocs\Shop\application\Runtime\Cache\Home\53c73e4f9ee3e0b874d03b01f793e820.php 第 162 行.
NOTIC: [8] Use of undefined constant level - assumed 'level' D:\amp\apache\htdocs\Shop\application\Runtime\Cache\Home\53c73e4f9ee3e0b874d03b01f793e820.php 第 162 行.
NOTIC: [8] Use of undefined constant cate_id - assumed 'cate_id' D:\amp\apache\htdocs\Shop\application\Runtime\Cache\Home\53c73e4f9ee3e0b874d03b01f793e820.php 第 164 行.
NOTIC: [8] Use of undefined constant level - assumed 'level' D:\amp\apache\htdocs\Shop\application\Runtime\Cache\Home\53c73e4f9ee3e0b874d03b01f793e820.php 第 164 行.
NOTIC: [8] Use of undefined constant cate_id - assumed 'cate_id' D:\amp\apache\htdocs\Shop\application\Runtime\Cache\Home\53c73e4f9ee3e0b874d03b01f793e820.php 第 164 行.
NOTIC: [8] Use of undefined constant level - assumed 'level' D:\amp\apache\htdocs\Shop\application\Runtime\Cache\Home\53c73e4f9ee3e0b874d03b01f793e820.php 第 164 行.
NOTIC: [8] Use of undefined constant cate_id - assumed 'cate_id' D:\amp\apache\htdocs\Shop\application\Runtime\Cache\Home\53c73e4f9ee3e0b874d03b01f793e820.php 第 164 行.
NOTIC: [8] Use of undefined constant level - assumed 'level' D:\amp\apache\htdocs\Shop\application\Runtime\Cache\Home\53c73e4f9ee3e0b874d03b01f793e820.php 第 164 行.
NOTIC: [8] Use of undefined constant cate_id - assumed 'cate_id' D:\amp\apache\htdocs\Shop\application\Runtime\Cache\Home\53c73e4f9ee3e0b874d03b01f793e820.php 第 164 行.
NOTIC: [8] Use of undefined constant level - assumed 'level' D:\amp\apache\htdocs\Shop\application\Runtime\Cache\Home\53c73e4f9ee3e0b874d03b01f793e820.php 第 164 行.
NOTIC: [8] Use of undefined constant cate_id - assumed 'cate_id' D:\amp\apache\htdocs\Shop\application\Runtime\Cache\Home\53c73e4f9ee3e0b874d03b01f793e820.php 第 157 行.
NOTIC: [8] Use of undefined constant level - assumed 'level' D:\amp\apache\htdocs\Shop\application\Runtime\Cache\Home\53c73e4f9ee3e0b874d03b01f793e820.php 第 157 行.
NOTIC: [8] Use of undefined constant cate_name - assumed 'cate_name' D:\amp\apache\htdocs\Shop\application\Runtime\Cache\Home\53c73e4f9ee3e0b874d03b01f793e820.php 第 157 行.
NOTIC: [8] Use of undefined constant cate_id - assumed 'cate_id' D:\amp\apache\htdocs\Shop\application\Runtime\Cache\Home\53c73e4f9ee3e0b874d03b01f793e820.php 第 157 行.
NOTIC: [8] Use of undefined constant level - assumed 'level' D:\amp\apache\htdocs\Shop\application\Runtime\Cache\Home\53c73e4f9ee3e0b874d03b01f793e820.php 第 157 行.
NOTIC: [8] Use of undefined constant cate_name - assumed 'cate_name' D:\amp\apache\htdocs\Shop\application\Runtime\Cache\Home\53c73e4f9ee3e0b874d03b01f793e820.php 第 157 行.
NOTIC: [8] Use of undefined constant cate_id - assumed 'cate_id' D:\amp\apache\htdocs\Shop\application\Runtime\Cache\Home\53c73e4f9ee3e0b874d03b01f793e820.php 第 157 行.
NOTIC: [8] Use of undefined constant level - assumed 'level' D:\amp\apache\htdocs\Shop\application\Runtime\Cache\Home\53c73e4f9ee3e0b874d03b01f793e820.php 第 157 行.
NOTIC: [8] Use of undefined constant cate_name - assumed 'cate_name' D:\amp\apache\htdocs\Shop\application\Runtime\Cache\Home\53c73e4f9ee3e0b874d03b01f793e820.php 第 157 行.
NOTIC: [8] Use of undefined constant cate_id - assumed 'cate_id' D:\amp\apache\htdocs\Shop\application\Runtime\Cache\Home\53c73e4f9ee3e0b874d03b01f793e820.php 第 157 行.
NOTIC: [8] Use of undefined constant level - assumed 'level' D:\amp\apache\htdocs\Shop\application\Runtime\Cache\Home\53c73e4f9ee3e0b874d03b01f793e820.php 第 157 行.
NOTIC: [8] Use of undefined constant cate_name - assumed 'cate_name' D:\amp\apache\htdocs\Shop\application\Runtime\Cache\Home\53c73e4f9ee3e0b874d03b01f793e820.php 第 157 行.
NOTIC: [8] Use of undefined constant cate_id - assumed 'cate_id' D:\amp\apache\htdocs\Shop\application\Runtime\Cache\Home\53c73e4f9ee3e0b874d03b01f793e820.php 第 157 行.
NOTIC: [8] Use of undefined constant level - assumed 'level' D:\amp\apache\htdocs\Shop\application\Runtime\Cache\Home\53c73e4f9ee3e0b874d03b01f793e820.php 第 157 行.
NOTIC: [8] Use of undefined constant cate_name - assumed 'cate_name' D:\amp\apache\htdocs\Shop\application\Runtime\Cache\Home\53c73e4f9ee3e0b874d03b01f793e820.php 第 157 行.
NOTIC: [8] Use of undefined constant cate_id - assumed 'cate_id' D:\amp\apache\htdocs\Shop\application\Runtime\Cache\Home\53c73e4f9ee3e0b874d03b01f793e820.php 第 157 行.
NOTIC: [8] Use of undefined constant level - assumed 'level' D:\amp\apache\htdocs\Shop\application\Runtime\Cache\Home\53c73e4f9ee3e0b874d03b01f793e820.php 第 157 行.
NOTIC: [8] Use of undefined constant cate_name - assumed 'cate_name' D:\amp\apache\htdocs\Shop\application\Runtime\Cache\Home\53c73e4f9ee3e0b874d03b01f793e820.php 第 157 行.
NOTIC: [8] Use of undefined constant cate_id - assumed 'cate_id' D:\amp\apache\htdocs\Shop\application\Runtime\Cache\Home\53c73e4f9ee3e0b874d03b01f793e820.php 第 157 行.
NOTIC: [8] Use of undefined constant level - assumed 'level' D:\amp\apache\htdocs\Shop\application\Runtime\Cache\Home\53c73e4f9ee3e0b874d03b01f793e820.php 第 157 行.
NOTIC: [8] Use of undefined constant cate_name - assumed 'cate_name' D:\amp\apache\htdocs\Shop\application\Runtime\Cache\Home\53c73e4f9ee3e0b874d03b01f793e820.php 第 157 行.
NOTIC: [8] Use of undefined constant cate_id - assumed 'cate_id' D:\amp\apache\htdocs\Shop\application\Runtime\Cache\Home\53c73e4f9ee3e0b874d03b01f793e820.php 第 157 行.
NOTIC: [8] Use of undefined constant level - assumed 'level' D:\amp\apache\htdocs\Shop\application\Runtime\Cache\Home\53c73e4f9ee3e0b874d03b01f793e820.php 第 157 行.
NOTIC: [8] Use of undefined constant cate_name - assumed 'cate_name' D:\amp\apache\htdocs\Shop\application\Runtime\Cache\Home\53c73e4f9ee3e0b874d03b01f793e820.php 第 157 行.
NOTIC: [8] Use of undefined constant cate_id - assumed 'cate_id' D:\amp\apache\htdocs\Shop\application\Runtime\Cache\Home\53c73e4f9ee3e0b874d03b01f793e820.php 第 157 行.
NOTIC: [8] Use of undefined constant level - assumed 'level' D:\amp\apache\htdocs\Shop\application\Runtime\Cache\Home\53c73e4f9ee3e0b874d03b01f793e820.php 第 157 行.
NOTIC: [8] Use of undefined constant cate_name - assumed 'cate_name' D:\amp\apache\htdocs\Shop\application\Runtime\Cache\Home\53c73e4f9ee3e0b874d03b01f793e820.php 第 157 行.
NOTIC: [8] Use of undefined constant cate_id - assumed 'cate_id' D:\amp\apache\htdocs\Shop\application\Runtime\Cache\Home\53c73e4f9ee3e0b874d03b01f793e820.php 第 157 行.
NOTIC: [8] Use of undefined constant level - assumed 'level' D:\amp\apache\htdocs\Shop\application\Runtime\Cache\Home\53c73e4f9ee3e0b874d03b01f793e820.php 第 157 行.
NOTIC: [8] Use of undefined constant cate_name - assumed 'cate_name' D:\amp\apache\htdocs\Shop\application\Runtime\Cache\Home\53c73e4f9ee3e0b874d03b01f793e820.php 第 157 行.
NOTIC: [8] Use of undefined constant cate_id - assumed 'cate_id' D:\amp\apache\htdocs\Shop\application\Runtime\Cache\Home\53c73e4f9ee3e0b874d03b01f793e820.php 第 162 行.
NOTIC: [8] Use of undefined constant level - assumed 'level' D:\amp\apache\htdocs\Shop\application\Runtime\Cache\Home\53c73e4f9ee3e0b874d03b01f793e820.php 第 162 行.
NOTIC: [8] Use of undefined constant cate_id - assumed 'cate_id' D:\amp\apache\htdocs\Shop\application\Runtime\Cache\Home\53c73e4f9ee3e0b874d03b01f793e820.php 第 164 行.
NOTIC: [8] Use of undefined constant level - assumed 'level' D:\amp\apache\htdocs\Shop\application\Runtime\Cache\Home\53c73e4f9ee3e0b874d03b01f793e820.php 第 164 行.
NOTIC: [8] Use of undefined constant cate_id - assumed 'cate_id' D:\amp\apache\htdocs\Shop\application\Runtime\Cache\Home\53c73e4f9ee3e0b874d03b01f793e820.php 第 157 行.
NOTIC: [8] Use of undefined constant level - assumed 'level' D:\amp\apache\htdocs\Shop\application\Runtime\Cache\Home\53c73e4f9ee3e0b874d03b01f793e820.php 第 157 行.
NOTIC: [8] Use of undefined constant cate_name - assumed 'cate_name' D:\amp\apache\htdocs\Shop\application\Runtime\Cache\Home\53c73e4f9ee3e0b874d03b01f793e820.php 第 157 行.
NOTIC: [8] Use of undefined constant cate_id - assumed 'cate_id' D:\amp\apache\htdocs\Shop\application\Runtime\Cache\Home\53c73e4f9ee3e0b874d03b01f793e820.php 第 162 行.
NOTIC: [8] Use of undefined constant level - assumed 'level' D:\amp\apache\htdocs\Shop\application\Runtime\Cache\Home\53c73e4f9ee3e0b874d03b01f793e820.php 第 162 行.
NOTIC: [8] Use of undefined constant cate_id - assumed 'cate_id' D:\amp\apache\htdocs\Shop\application\Runtime\Cache\Home\53c73e4f9ee3e0b874d03b01f793e820.php 第 164 行.
NOTIC: [8] Use of undefined constant level - assumed 'level' D:\amp\apache\htdocs\Shop\application\Runtime\Cache\Home\53c73e4f9ee3e0b874d03b01f793e820.php 第 164 行.
NOTIC: [8] Use of undefined constant goods_id - assumed 'goods_id' D:\amp\apache\htdocs\Shop\application\Runtime\Cache\Home\53c73e4f9ee3e0b874d03b01f793e820.php 第 465 行.
NOTIC: [8] Use of undefined constant goods_id - assumed 'goods_id' D:\amp\apache\htdocs\Shop\application\Runtime\Cache\Home\53c73e4f9ee3e0b874d03b01f793e820.php 第 466 行.
NOTIC: [8] Use of undefined constant goods_id - assumed 'goods_id' D:\amp\apache\htdocs\Shop\application\Runtime\Cache\Home\53c73e4f9ee3e0b874d03b01f793e820.php 第 465 行.
NOTIC: [8] Use of undefined constant goods_id - assumed 'goods_id' D:\amp\apache\htdocs\Shop\application\Runtime\Cache\Home\53c73e4f9ee3e0b874d03b01f793e820.php 第 466 行.
NOTIC: [8] Use of undefined constant goods_id - assumed 'goods_id' D:\amp\apache\htdocs\Shop\application\Runtime\Cache\Home\53c73e4f9ee3e0b874d03b01f793e820.php 第 465 行.
NOTIC: [8] Use of undefined constant goods_id - assumed 'goods_id' D:\amp\apache\htdocs\Shop\application\Runtime\Cache\Home\53c73e4f9ee3e0b874d03b01f793e820.php 第 466 行.
NOTIC: [8] Use of undefined constant goods_id - assumed 'goods_id' D:\amp\apache\htdocs\Shop\application\Runtime\Cache\Home\53c73e4f9ee3e0b874d03b01f793e820.php 第 465 行.
NOTIC: [8] Use of undefined constant goods_id - assumed 'goods_id' D:\amp\apache\htdocs\Shop\application\Runtime\Cache\Home\53c73e4f9ee3e0b874d03b01f793e820.php 第 466 行.
NOTIC: [8] Use of undefined constant goods_id - assumed 'goods_id' D:\amp\apache\htdocs\Shop\application\Runtime\Cache\Home\53c73e4f9ee3e0b874d03b01f793e820.php 第 465 行.
NOTIC: [8] Use of undefined constant goods_id - assumed 'goods_id' D:\amp\apache\htdocs\Shop\application\Runtime\Cache\Home\53c73e4f9ee3e0b874d03b01f793e820.php 第 466 行.
INFO: Run Behavior\ParseTemplateBehavior [ RunTime:0.038331s ]
INFO: [ view_parse ] --END-- [ RunTime:0.038373s ]
INFO: [ view_filter ] --START--
INFO: Run Behavior\WriteHtmlCacheBehavior [ RunTime:0.000171s ]
INFO: [ view_filter ] --END-- [ RunTime:0.000199s ]
INFO: [ app_end ] --START--
INFO: Run Behavior\ShowPageTraceBehavior [ RunTime:0.000372s ]
INFO: [ app_end ] --END-- [ RunTime:0.000404s ]

[ 2017-09-05T00:10:13+08:00 ] 127.0.0.1 /Home/Index/detail/goods_id/15.html
INFO: [ app_init ] --START--
INFO: Run Behavior\BuildLiteBehavior [ RunTime:0.000010s ]
INFO: [ app_init ] --END-- [ RunTime:0.000276s ]
INFO: [ app_begin ] --START--
INFO: Run Behavior\ReadHtmlCacheBehavior [ RunTime:0.000533s ]
INFO: [ app_begin ] --END-- [ RunTime:0.000605s ]
SQL: SHOW COLUMNS FROM `sp_cate` [ RunTime:0.0163s ]
SQL: SELECT * FROM `sp_cate`  [ RunTime:0.0014s ]
NOTIC: [2] Invalid argument supplied for foreach() D:\amp\apache\htdocs\Shop\application\Home\Controller\CommonController.class.php 第 50 行.
SQL: SHOW COLUMNS FROM `sp_goods` [ RunTime:0.0091s ]
SQL: SELECT * FROM `sp_goods` WHERE `goods_id` = 15 LIMIT 1   [ RunTime:0.0005s ]
SQL: SELECT c.cate_name FROM sp_goods g LEFT JOIN sp_cate c ON g.goods_cateid=
c.cate_id WHERE goods_id = 15 [ RunTime:0.1046s ]
SQL: select a.attr_name,g.ga_vals from sp_goodsattr g left join sp_attribute a on a.attr_id=g.ga_attrid where ga_goodsid = 15 [ RunTime:0.0476s ]
SQL: SHOW COLUMNS FROM `sp_goodspic` [ RunTime:0.0178s ]
SQL: SELECT * FROM `sp_goodspic` WHERE ( pic_goodsid=15 )  [ RunTime:0.0005s ]
SQL: SHOW COLUMNS FROM `sp_attribute` [ RunTime:0.0101s ]
SQL: SELECT a.attr_name,g.ga_vals FROM sp_attribute a LEFT JOIN sp_goodsattr g ON a.attr_id=g.ga_attrid  WHERE ( a.attr_type='单选' AND g.ga_goodsid=15 )  [ RunTime:0.0005s ]
INFO: [ view_parse ] --START--
INFO: [ template_filter ] --START--
INFO: Run Behavior\ContentReplaceBehavior [ RunTime:0.000677s ]
INFO: [ template_filter ] --END-- [ RunTime:0.000757s ]
NOTIC: [8] Undefined index: memid D:\amp\apache\htdocs\Shop\application\Runtime\Cache\Home\ff6f5b9c0deb1b7a1d653459af8da9a5.php 第 27 行.
NOTIC: [8] Undefined index: memid D:\amp\apache\htdocs\Shop\application\Runtime\Cache\Home\ff6f5b9c0deb1b7a1d653459af8da9a5.php 第 36 行.
NOTIC: [8] Use of undefined constant goods_id - assumed 'goods_id' D:\amp\apache\htdocs\Shop\application\Runtime\Cache\Home\ff6f5b9c0deb1b7a1d653459af8da9a5.php 第 118 行.
NOTIC: [8] Use of undefined constant cate_id - assumed 'cate_id' D:\amp\apache\htdocs\Shop\application\Runtime\Cache\Home\ff6f5b9c0deb1b7a1d653459af8da9a5.php 第 157 行.
NOTIC: [8] Use of undefined constant level - assumed 'level' D:\amp\apache\htdocs\Shop\application\Runtime\Cache\Home\ff6f5b9c0deb1b7a1d653459af8da9a5.php 第 157 行.
NOTIC: [8] Use of undefined constant cate_name - assumed 'cate_name' D:\amp\apache\htdocs\Shop\application\Runtime\Cache\Home\ff6f5b9c0deb1b7a1d653459af8da9a5.php 第 157 行.
NOTIC: [8] Use of undefined constant cate_id - assumed 'cate_id' D:\amp\apache\htdocs\Shop\application\Runtime\Cache\Home\ff6f5b9c0deb1b7a1d653459af8da9a5.php 第 162 行.
NOTIC: [8] Use of undefined constant level - assumed 'level' D:\amp\apache\htdocs\Shop\application\Runtime\Cache\Home\ff6f5b9c0deb1b7a1d653459af8da9a5.php 第 162 行.
NOTIC: [8] Use of undefined constant cate_id - assumed 'cate_id' D:\amp\apache\htdocs\Shop\application\Runtime\Cache\Home\ff6f5b9c0deb1b7a1d653459af8da9a5.php 第 164 行.
NOTIC: [8] Use of undefined constant level - assumed 'level' D:\amp\apache\htdocs\Shop\application\Runtime\Cache\Home\ff6f5b9c0deb1b7a1d653459af8da9a5.php 第 164 行.
NOTIC: [8] Use of undefined constant cate_id - assumed 'cate_id' D:\amp\apache\htdocs\Shop\application\Runtime\Cache\Home\ff6f5b9c0deb1b7a1d653459af8da9a5.php 第 164 行.
NOTIC: [8] Use of undefined constant level - assumed 'level' D:\amp\apache\htdocs\Shop\application\Runtime\Cache\Home\ff6f5b9c0deb1b7a1d653459af8da9a5.php 第 164 行.
NOTIC: [8] Use of undefined constant cate_id - assumed 'cate_id' D:\amp\apache\htdocs\Shop\application\Runtime\Cache\Home\ff6f5b9c0deb1b7a1d653459af8da9a5.php 第 164 行.
NOTIC: [8] Use of undefined constant level - assumed 'level' D:\amp\apache\htdocs\Shop\application\Runtime\Cache\Home\ff6f5b9c0deb1b7a1d653459af8da9a5.php 第 164 行.
NOTIC: [8] Use of undefined constant cate_id - assumed 'cate_id' D:\amp\apache\htdocs\Shop\application\Runtime\Cache\Home\ff6f5b9c0deb1b7a1d653459af8da9a5.php 第 164 行.
NOTIC: [8] Use of undefined constant level - assumed 'level' D:\amp\apache\htdocs\Shop\application\Runtime\Cache\Home\ff6f5b9c0deb1b7a1d653459af8da9a5.php 第 164 行.
NOTIC: [8] Use of undefined constant cate_id - assumed 'cate_id' D:\amp\apache\htdocs\Shop\application\Runtime\Cache\Home\ff6f5b9c0deb1b7a1d653459af8da9a5.php 第 164 行.
NOTIC: [8] Use of undefined constant level - assumed 'level' D:\amp\apache\htdocs\Shop\application\Runtime\Cache\Home\ff6f5b9c0deb1b7a1d653459af8da9a5.php 第 164 行.
NOTIC: [8] Use of undefined constant cate_id - assumed 'cate_id' D:\amp\apache\htdocs\Shop\application\Runtime\Cache\Home\ff6f5b9c0deb1b7a1d653459af8da9a5.php 第 164 行.
NOTIC: [8] Use of undefined constant level - assumed 'level' D:\amp\apache\htdocs\Shop\application\Runtime\Cache\Home\ff6f5b9c0deb1b7a1d653459af8da9a5.php 第 164 行.
NOTIC: [8] Use of undefined constant cate_id - assumed 'cate_id' D:\amp\apache\htdocs\Shop\application\Runtime\Cache\Home\ff6f5b9c0deb1b7a1d653459af8da9a5.php 第 164 行.
NOTIC: [8] Use of undefined constant level - assumed 'level' D:\amp\apache\htdocs\Shop\application\Runtime\Cache\Home\ff6f5b9c0deb1b7a1d653459af8da9a5.php 第 164 行.
NOTIC: [8] Use of undefined constant cate_id - assumed 'cate_id' D:\amp\apache\htdocs\Shop\application\Runtime\Cache\Home\ff6f5b9c0deb1b7a1d653459af8da9a5.php 第 164 行.
NOTIC: [8] Use of undefined constant level - assumed 'level' D:\amp\apache\htdocs\Shop\application\Runtime\Cache\Home\ff6f5b9c0deb1b7a1d653459af8da9a5.php 第 164 行.
NOTIC: [8] Use of undefined constant cate_id - assumed 'cate_id' D:\amp\apache\htdocs\Shop\application\Runtime\Cache\Home\ff6f5b9c0deb1b7a1d653459af8da9a5.php 第 162 行.
NOTIC: [8] Use of undefined constant level - assumed 'level' D:\amp\apache\htdocs\Shop\application\Runtime\Cache\Home\ff6f5b9c0deb1b7a1d653459af8da9a5.php 第 162 行.
NOTIC: [8] Use of undefined constant cate_id - assumed 'cate_id' D:\amp\apache\htdocs\Shop\application\Runtime\Cache\Home\ff6f5b9c0deb1b7a1d653459af8da9a5.php 第 164 行.
NOTIC: [8] Use of undefined constant level - assumed 'level' D:\amp\apache\htdocs\Shop\application\Runtime\Cache\Home\ff6f5b9c0deb1b7a1d653459af8da9a5.php 第 164 行.
NOTIC: [8] Use of undefined constant cate_id - assumed 'cate_id' D:\amp\apache\htdocs\Shop\application\Runtime\Cache\Home\ff6f5b9c0deb1b7a1d653459af8da9a5.php 第 164 行.
NOTIC: [8] Use of undefined constant level - assumed 'level' D:\amp\apache\htdocs\Shop\application\Runtime\Cache\Home\ff6f5b9c0deb1b7a1d653459af8da9a5.php 第 164 行.
NOTIC: [8] Use of undefined constant cate_id - assumed 'cate_id' D:\amp\apache\htdocs\Shop\application\Runtime\Cache\Home\ff6f5b9c0deb1b7a1d653459af8da9a5.php 第 164 行.
NOTIC: [8] Use of undefined constant level - assumed 'level' D:\amp\apache\htdocs\Shop\application\Runtime\Cache\Home\ff6f5b9c0deb1b7a1d653459af8da9a5.php 第 164 行.
NOTIC: [8] Use of undefined constant cate_id - assumed 'cate_id' D:\amp\apache\htdocs\Shop\application\Runtime\Cache\Home\ff6f5b9c0deb1b7a1d653459af8da9a5.php 第 164 行.
NOTIC: [8] Use of undefined constant level - assumed 'level' D:\amp\apache\htdocs\Shop\application\Runtime\Cache\Home\ff6f5b9c0deb1b7a1d653459af8da9a5.php 第 164 行.
NOTIC: [8] Use of undefined constant cate_id - assumed 'cate_id' D:\amp\apache\htdocs\Shop\application\Runtime\Cache\Home\ff6f5b9c0deb1b7a1d653459af8da9a5.php 第 164 行.
NOTIC: [8] Use of undefined constant level - assumed 'level' D:\amp\apache\htdocs\Shop\application\Runtime\Cache\Home\ff6f5b9c0deb1b7a1d653459af8da9a5.php 第 164 行.
NOTIC: [8] Use of undefined constant cate_id - assumed 'cate_id' D:\amp\apache\htdocs\Shop\application\Runtime\Cache\Home\ff6f5b9c0deb1b7a1d653459af8da9a5.php 第 162 行.
NOTIC: [8] Use of undefined constant level - assumed 'level' D:\amp\apache\htdocs\Shop\application\Runtime\Cache\Home\ff6f5b9c0deb1b7a1d653459af8da9a5.php 第 162 行.
NOTIC: [8] Use of undefined constant cate_id - assumed 'cate_id' D:\amp\apache\htdocs\Shop\application\Runtime\Cache\Home\ff6f5b9c0deb1b7a1d653459af8da9a5.php 第 162 行.
NOTIC: [8] Use of undefined constant level - assumed 'level' D:\amp\apache\htdocs\Shop\application\Runtime\Cache\Home\ff6f5b9c0deb1b7a1d653459af8da9a5.php 第 162 行.
NOTIC: [8] Use of undefined constant cate_id - assumed 'cate_id' D:\amp\apache\htdocs\Shop\application\Runtime\Cache\Home\ff6f5b9c0deb1b7a1d653459af8da9a5.php 第 162 行.
NOTIC: [8] Use of undefined constant level - assumed 'level' D:\amp\apache\htdocs\Shop\application\Runtime\Cache\Home\ff6f5b9c0deb1b7a1d653459af8da9a5.php 第 162 行.
NOTIC: [8] Use of undefined constant cate_id - assumed 'cate_id' D:\amp\apache\htdocs\Shop\application\Runtime\Cache\Home\ff6f5b9c0deb1b7a1d653459af8da9a5.php 第 162 行.
NOTIC: [8] Use of undefined constant level - assumed 'level' D:\amp\apache\htdocs\Shop\application\Runtime\Cache\Home\ff6f5b9c0deb1b7a1d653459af8da9a5.php 第 162 行.
NOTIC: [8] Use of undefined constant cate_id - assumed 'cate_id' D:\amp\apache\htdocs\Shop\application\Runtime\Cache\Home\ff6f5b9c0deb1b7a1d653459af8da9a5.php 第 162 行.
NOTIC: [8] Use of undefined constant level - assumed 'level' D:\amp\apache\htdocs\Shop\application\Runtime\Cache\Home\ff6f5b9c0deb1b7a1d653459af8da9a5.php 第 162 行.
NOTIC: [8] Use of undefined constant cate_id - assumed 'cate_id' D:\amp\apache\htdocs\Shop\application\Runtime\Cache\Home\ff6f5b9c0deb1b7a1d653459af8da9a5.php 第 162 行.
NOTIC: [8] Use of undefined constant level - assumed 'level' D:\amp\apache\htdocs\Shop\application\Runtime\Cache\Home\ff6f5b9c0deb1b7a1d653459af8da9a5.php 第 162 行.
NOTIC: [8] Use of undefined constant cate_id - assumed 'cate_id' D:\amp\apache\htdocs\Shop\application\Runtime\Cache\Home\ff6f5b9c0deb1b7a1d653459af8da9a5.php 第 157 行.
NOTIC: [8] Use of undefined constant level - assumed 'level' D:\amp\apache\htdocs\Shop\application\Runtime\Cache\Home\ff6f5b9c0deb1b7a1d653459af8da9a5.php 第 157 行.
NOTIC: [8] Use of undefined constant cate_name - assumed 'cate_name' D:\amp\apache\htdocs\Shop\application\Runtime\Cache\Home\ff6f5b9c0deb1b7a1d653459af8da9a5.php 第 157 行.
NOTIC: [8] Use of undefined constant cate_id - assumed 'cate_id' D:\amp\apache\htdocs\Shop\application\Runtime\Cache\Home\ff6f5b9c0deb1b7a1d653459af8da9a5.php 第 162 行.
NOTIC: [8] Use of undefined constant level - assumed 'level' D:\amp\apache\htdocs\Shop\application\Runtime\Cache\Home\ff6f5b9c0deb1b7a1d653459af8da9a5.php 第 162 行.
NOTIC: [8] Use of undefined constant cate_id - assumed 'cate_id' D:\amp\apache\htdocs\Shop\application\Runtime\Cache\Home\ff6f5b9c0deb1b7a1d653459af8da9a5.php 第 164 行.
NOTIC: [8] Use of undefined constant level - assumed 'level' D:\amp\apache\htdocs\Shop\application\Runtime\Cache\Home\ff6f5b9c0deb1b7a1d653459af8da9a5.php 第 164 行.
NOTIC: [8] Use of undefined constant cate_id - assumed 'cate_id' D:\amp\apache\htdocs\Shop\application\Runtime\Cache\Home\ff6f5b9c0deb1b7a1d653459af8da9a5.php 第 164 行.
NOTIC: [8] Use of undefined constant level - assumed 'level' D:\amp\apache\htdocs\Shop\application\Runtime\Cache\Home\ff6f5b9c0deb1b7a1d653459af8da9a5.php 第 164 行.
NOTIC: [8] Use of undefined constant cate_id - assumed 'cate_id' D:\amp\apache\htdocs\Shop\application\Runtime\Cache\Home\ff6f5b9c0deb1b7a1d653459af8da9a5.php 第 164 行.
NOTIC: [8] Use of undefined constant level - assumed 'level' D:\amp\apache\htdocs\Shop\application\Runtime\Cache\Home\ff6f5b9c0deb1b7a1d653459af8da9a5.php 第 164 行.
NOTIC: [8] Use of undefined constant cate_id - assumed 'cate_id' D:\amp\apache\htdocs\Shop\application\Runtime\Cache\Home\ff6f5b9c0deb1b7a1d653459af8da9a5.php 第 164 行.
NOTIC: [8] Use of undefined constant level - assumed 'level' D:\amp\apache\htdocs\Shop\application\Runtime\Cache\Home\ff6f5b9c0deb1b7a1d653459af8da9a5.php 第 164 行.
NOTIC: [8] Use of undefined constant cate_id - assumed 'cate_id' D:\amp\apache\htdocs\Shop\application\Runtime\Cache\Home\ff6f5b9c0deb1b7a1d653459af8da9a5.php 第 164 行.
NOTIC: [8] Use of undefined constant level - assumed 'level' D:\amp\apache\htdocs\Shop\application\Runtime\Cache\Home\ff6f5b9c0deb1b7a1d653459af8da9a5.php 第 164 行.
NOTIC: [8] Use of undefined constant cate_id - assumed 'cate_id' D:\amp\apache\htdocs\Shop\application\Runtime\Cache\Home\ff6f5b9c0deb1b7a1d653459af8da9a5.php 第 164 行.
NOTIC: [8] Use of undefined constant level - assumed 'level' D:\amp\apache\htdocs\Shop\application\Runtime\Cache\Home\ff6f5b9c0deb1b7a1d653459af8da9a5.php 第 164 行.
NOTIC: [8] Use of undefined constant cate_id - assumed 'cate_id' D:\amp\apache\htdocs\Shop\application\Runtime\Cache\Home\ff6f5b9c0deb1b7a1d653459af8da9a5.php 第 162 行.
NOTIC: [8] Use of undefined constant level - assumed 'level' D:\amp\apache\htdocs\Shop\application\Runtime\Cache\Home\ff6f5b9c0deb1b7a1d653459af8da9a5.php 第 162 行.
NOTIC: [8] Use of undefined constant cate_id - assumed 'cate_id' D:\amp\apache\htdocs\Shop\application\Runtime\Cache\Home\ff6f5b9c0deb1b7a1d653459af8da9a5.php 第 164 行.
NOTIC: [8] Use of undefined constant level - assumed 'level' D:\amp\apache\htdocs\Shop\application\Runtime\Cache\Home\ff6f5b9c0deb1b7a1d653459af8da9a5.php 第 164 行.
NOTIC: [8] Use of undefined constant cate_id - assumed 'cate_id' D:\amp\apache\htdocs\Shop\application\Runtime\Cache\Home\ff6f5b9c0deb1b7a1d653459af8da9a5.php 第 164 行.
NOTIC: [8] Use of undefined constant level - assumed 'level' D:\amp\apache\htdocs\Shop\application\Runtime\Cache\Home\ff6f5b9c0deb1b7a1d653459af8da9a5.php 第 164 行.
NOTIC: [8] Use of undefined constant cate_id - assumed 'cate_id' D:\amp\apache\htdocs\Shop\application\Runtime\Cache\Home\ff6f5b9c0deb1b7a1d653459af8da9a5.php 第 164 行.
NOTIC: [8] Use of undefined constant level - assumed 'level' D:\amp\apache\htdocs\Shop\application\Runtime\Cache\Home\ff6f5b9c0deb1b7a1d653459af8da9a5.php 第 164 行.
NOTIC: [8] Use of undefined constant cate_id - assumed 'cate_id' D:\amp\apache\htdocs\Shop\application\Runtime\Cache\Home\ff6f5b9c0deb1b7a1d653459af8da9a5.php 第 164 行.
NOTIC: [8] Use of undefined constant level - assumed 'level' D:\amp\apache\htdocs\Shop\application\Runtime\Cache\Home\ff6f5b9c0deb1b7a1d653459af8da9a5.php 第 164 行.
NOTIC: [8] Use of undefined constant cate_id - assumed 'cate_id' D:\amp\apache\htdocs\Shop\application\Runtime\Cache\Home\ff6f5b9c0deb1b7a1d653459af8da9a5.php 第 164 行.
NOTIC: [8] Use of undefined constant level - assumed 'level' D:\amp\apache\htdocs\Shop\application\Runtime\Cache\Home\ff6f5b9c0deb1b7a1d653459af8da9a5.php 第 164 行.
NOTIC: [8] Use of undefined constant cate_id - assumed 'cate_id' D:\amp\apache\htdocs\Shop\application\Runtime\Cache\Home\ff6f5b9c0deb1b7a1d653459af8da9a5.php 第 164 行.
NOTIC: [8] Use of undefined constant level - assumed 'level' D:\amp\apache\htdocs\Shop\application\Runtime\Cache\Home\ff6f5b9c0deb1b7a1d653459af8da9a5.php 第 164 行.
NOTIC: [8] Use of undefined constant cate_id - assumed 'cate_id' D:\amp\apache\htdocs\Shop\application\Runtime\Cache\Home\ff6f5b9c0deb1b7a1d653459af8da9a5.php 第 164 行.
NOTIC: [8] Use of undefined constant level - assumed 'level' D:\amp\apache\htdocs\Shop\application\Runtime\Cache\Home\ff6f5b9c0deb1b7a1d653459af8da9a5.php 第 164 行.
NOTIC: [8] Use of undefined constant cate_id - assumed 'cate_id' D:\amp\apache\htdocs\Shop\application\Runtime\Cache\Home\ff6f5b9c0deb1b7a1d653459af8da9a5.php 第 162 行.
NOTIC: [8] Use of undefined constant level - assumed 'level' D:\amp\apache\htdocs\Shop\application\Runtime\Cache\Home\ff6f5b9c0deb1b7a1d653459af8da9a5.php 第 162 行.
NOTIC: [8] Use of undefined constant cate_id - assumed 'cate_id' D:\amp\apache\htdocs\Shop\application\Runtime\Cache\Home\ff6f5b9c0deb1b7a1d653459af8da9a5.php 第 162 行.
NOTIC: [8] Use of undefined constant level - assumed 'level' D:\amp\apache\htdocs\Shop\application\Runtime\Cache\Home\ff6f5b9c0deb1b7a1d653459af8da9a5.php 第 162 行.
NOTIC: [8] Use of undefined constant cate_id - assumed 'cate_id' D:\amp\apache\htdocs\Shop\application\Runtime\Cache\Home\ff6f5b9c0deb1b7a1d653459af8da9a5.php 第 162 行.
NOTIC: [8] Use of undefined constant level - assumed 'level' D:\amp\apache\htdocs\Shop\application\Runtime\Cache\Home\ff6f5b9c0deb1b7a1d653459af8da9a5.php 第 162 行.
NOTIC: [8] Use of undefined constant cate_id - assumed 'cate_id' D:\amp\apache\htdocs\Shop\application\Runtime\Cache\Home\ff6f5b9c0deb1b7a1d653459af8da9a5.php 第 157 行.
NOTIC: [8] Use of undefined constant level - assumed 'level' D:\amp\apache\htdocs\Shop\application\Runtime\Cache\Home\ff6f5b9c0deb1b7a1d653459af8da9a5.php 第 157 行.
NOTIC: [8] Use of undefined constant cate_name - assumed 'cate_name' D:\amp\apache\htdocs\Shop\application\Runtime\Cache\Home\ff6f5b9c0deb1b7a1d653459af8da9a5.php 第 157 行.
NOTIC: [8] Use of undefined constant cate_id - assumed 'cate_id' D:\amp\apache\htdocs\Shop\application\Runtime\Cache\Home\ff6f5b9c0deb1b7a1d653459af8da9a5.php 第 162 行.
NOTIC: [8] Use of undefined constant level - assumed 'level' D:\amp\apache\htdocs\Shop\application\Runtime\Cache\Home\ff6f5b9c0deb1b7a1d653459af8da9a5.php 第 162 行.
NOTIC: [8] Use of undefined constant cate_id - assumed 'cate_id' D:\amp\apache\htdocs\Shop\application\Runtime\Cache\Home\ff6f5b9c0deb1b7a1d653459af8da9a5.php 第 164 行.
NOTIC: [8] Use of undefined constant level - assumed 'level' D:\amp\apache\htdocs\Shop\application\Runtime\Cache\Home\ff6f5b9c0deb1b7a1d653459af8da9a5.php 第 164 行.
NOTIC: [8] Use of undefined constant cate_id - assumed 'cate_id' D:\amp\apache\htdocs\Shop\application\Runtime\Cache\Home\ff6f5b9c0deb1b7a1d653459af8da9a5.php 第 164 行.
NOTIC: [8] Use of undefined constant level - assumed 'level' D:\amp\apache\htdocs\Shop\application\Runtime\Cache\Home\ff6f5b9c0deb1b7a1d653459af8da9a5.php 第 164 行.
NOTIC: [8] Use of undefined constant cate_id - assumed 'cate_id' D:\amp\apache\htdocs\Shop\application\Runtime\Cache\Home\ff6f5b9c0deb1b7a1d653459af8da9a5.php 第 162 行.
NOTIC: [8] Use of undefined constant level - assumed 'level' D:\amp\apache\htdocs\Shop\application\Runtime\Cache\Home\ff6f5b9c0deb1b7a1d653459af8da9a5.php 第 162 行.
NOTIC: [8] Use of undefined constant cate_id - assumed 'cate_id' D:\amp\apache\htdocs\Shop\application\Runtime\Cache\Home\ff6f5b9c0deb1b7a1d653459af8da9a5.php 第 164 行.
NOTIC: [8] Use of undefined constant level - assumed 'level' D:\amp\apache\htdocs\Shop\application\Runtime\Cache\Home\ff6f5b9c0deb1b7a1d653459af8da9a5.php 第 164 行.
NOTIC: [8] Use of undefined constant cate_id - assumed 'cate_id' D:\amp\apache\htdocs\Shop\application\Runtime\Cache\Home\ff6f5b9c0deb1b7a1d653459af8da9a5.php 第 164 行.
NOTIC: [8] Use of undefined constant level - assumed 'level' D:\amp\apache\htdocs\Shop\application\Runtime\Cache\Home\ff6f5b9c0deb1b7a1d653459af8da9a5.php 第 164 行.
NOTIC: [8] Use of undefined constant cate_id - assumed 'cate_id' D:\amp\apache\htdocs\Shop\application\Runtime\Cache\Home\ff6f5b9c0deb1b7a1d653459af8da9a5.php 第 164 行.
NOTIC: [8] Use of undefined constant level - assumed 'level' D:\amp\apache\htdocs\Shop\application\Runtime\Cache\Home\ff6f5b9c0deb1b7a1d653459af8da9a5.php 第 164 行.
NOTIC: [8] Use of undefined constant cate_id - assumed 'cate_id' D:\amp\apache\htdocs\Shop\application\Runtime\Cache\Home\ff6f5b9c0deb1b7a1d653459af8da9a5.php 第 157 行.
NOTIC: [8] Use of undefined constant level - assumed 'level' D:\amp\apache\htdocs\Shop\application\Runtime\Cache\Home\ff6f5b9c0deb1b7a1d653459af8da9a5.php 第 157 行.
NOTIC: [8] Use of undefined constant cate_name - assumed 'cate_name' D:\amp\apache\htdocs\Shop\application\Runtime\Cache\Home\ff6f5b9c0deb1b7a1d653459af8da9a5.php 第 157 行.
NOTIC: [8] Use of undefined constant cate_id - assumed 'cate_id' D:\amp\apache\htdocs\Shop\application\Runtime\Cache\Home\ff6f5b9c0deb1b7a1d653459af8da9a5.php 第 162 行.
NOTIC: [8] Use of undefined constant level - assumed 'level' D:\amp\apache\htdocs\Shop\application\Runtime\Cache\Home\ff6f5b9c0deb1b7a1d653459af8da9a5.php 第 162 行.
NOTIC: [8] Use of undefined constant cate_id - assumed 'cate_id' D:\amp\apache\htdocs\Shop\application\Runtime\Cache\Home\ff6f5b9c0deb1b7a1d653459af8da9a5.php 第 164 行.
NOTIC: [8] Use of undefined constant level - assumed 'level' D:\amp\apache\htdocs\Shop\application\Runtime\Cache\Home\ff6f5b9c0deb1b7a1d653459af8da9a5.php 第 164 行.
NOTIC: [8] Use of undefined constant cate_id - assumed 'cate_id' D:\amp\apache\htdocs\Shop\application\Runtime\Cache\Home\ff6f5b9c0deb1b7a1d653459af8da9a5.php 第 164 行.
NOTIC: [8] Use of undefined constant level - assumed 'level' D:\amp\apache\htdocs\Shop\application\Runtime\Cache\Home\ff6f5b9c0deb1b7a1d653459af8da9a5.php 第 164 行.
NOTIC: [8] Use of undefined constant cate_id - assumed 'cate_id' D:\amp\apache\htdocs\Shop\application\Runtime\Cache\Home\ff6f5b9c0deb1b7a1d653459af8da9a5.php 第 162 行.
NOTIC: [8] Use of undefined constant level - assumed 'level' D:\amp\apache\htdocs\Shop\application\Runtime\Cache\Home\ff6f5b9c0deb1b7a1d653459af8da9a5.php 第 162 行.
NOTIC: [8] Use of undefined constant cate_id - assumed 'cate_id' D:\amp\apache\htdocs\Shop\application\Runtime\Cache\Home\ff6f5b9c0deb1b7a1d653459af8da9a5.php 第 164 行.
NOTIC: [8] Use of undefined constant level - assumed 'level' D:\amp\apache\htdocs\Shop\application\Runtime\Cache\Home\ff6f5b9c0deb1b7a1d653459af8da9a5.php 第 164 行.
NOTIC: [8] Use of undefined constant cate_id - assumed 'cate_id' D:\amp\apache\htdocs\Shop\application\Runtime\Cache\Home\ff6f5b9c0deb1b7a1d653459af8da9a5.php 第 164 行.
NOTIC: [8] Use of undefined constant level - assumed 'level' D:\amp\apache\htdocs\Shop\application\Runtime\Cache\Home\ff6f5b9c0deb1b7a1d653459af8da9a5.php 第 164 行.
NOTIC: [8] Use of undefined constant cate_id - assumed 'cate_id' D:\amp\apache\htdocs\Shop\application\Runtime\Cache\Home\ff6f5b9c0deb1b7a1d653459af8da9a5.php 第 164 行.
NOTIC: [8] Use of undefined constant level - assumed 'level' D:\amp\apache\htdocs\Shop\application\Runtime\Cache\Home\ff6f5b9c0deb1b7a1d653459af8da9a5.php 第 164 行.
NOTIC: [8] Use of undefined constant cate_id - assumed 'cate_id' D:\amp\apache\htdocs\Shop\application\Runtime\Cache\Home\ff6f5b9c0deb1b7a1d653459af8da9a5.php 第 164 行.
NOTIC: [8] Use of undefined constant level - assumed 'level' D:\amp\apache\htdocs\Shop\application\Runtime\Cache\Home\ff6f5b9c0deb1b7a1d653459af8da9a5.php 第 164 行.
NOTIC: [8] Use of undefined constant cate_id - assumed 'cate_id' D:\amp\apache\htdocs\Shop\application\Runtime\Cache\Home\ff6f5b9c0deb1b7a1d653459af8da9a5.php 第 157 行.
NOTIC: [8] Use of undefined constant level - assumed 'level' D:\amp\apache\htdocs\Shop\application\Runtime\Cache\Home\ff6f5b9c0deb1b7a1d653459af8da9a5.php 第 157 行.
NOTIC: [8] Use of undefined constant cate_name - assumed 'cate_name' D:\amp\apache\htdocs\Shop\application\Runtime\Cache\Home\ff6f5b9c0deb1b7a1d653459af8da9a5.php 第 157 行.
NOTIC: [8] Use of undefined constant cate_id - assumed 'cate_id' D:\amp\apache\htdocs\Shop\application\Runtime\Cache\Home\ff6f5b9c0deb1b7a1d653459af8da9a5.php 第 157 行.
NOTIC: [8] Use of undefined constant level - assumed 'level' D:\amp\apache\htdocs\Shop\application\Runtime\Cache\Home\ff6f5b9c0deb1b7a1d653459af8da9a5.php 第 157 行.
NOTIC: [8] Use of undefined constant cate_name - assumed 'cate_name' D:\amp\apache\htdocs\Shop\application\Runtime\Cache\Home\ff6f5b9c0deb1b7a1d653459af8da9a5.php 第 157 行.
NOTIC: [8] Use of undefined constant cate_id - assumed 'cate_id' D:\amp\apache\htdocs\Shop\application\Runtime\Cache\Home\ff6f5b9c0deb1b7a1d653459af8da9a5.php 第 157 行.
NOTIC: [8] Use of undefined constant level - assumed 'level' D:\amp\apache\htdocs\Shop\application\Runtime\Cache\Home\ff6f5b9c0deb1b7a1d653459af8da9a5.php 第 157 行.
NOTIC: [8] Use of undefined constant cate_name - assumed 'cate_name' D:\amp\apache\htdocs\Shop\application\Runtime\Cache\Home\ff6f5b9c0deb1b7a1d653459af8da9a5.php 第 157 行.
NOTIC: [8] Use of undefined constant cate_id - assumed 'cate_id' D:\amp\apache\htdocs\Shop\application\Runtime\Cache\Home\ff6f5b9c0deb1b7a1d653459af8da9a5.php 第 157 行.
NOTIC: [8] Use of undefined constant level - assumed 'level' D:\amp\apache\htdocs\Shop\application\Runtime\Cache\Home\ff6f5b9c0deb1b7a1d653459af8da9a5.php 第 157 行.
NOTIC: [8] Use of undefined constant cate_name - assumed 'cate_name' D:\amp\apache\htdocs\Shop\application\Runtime\Cache\Home\ff6f5b9c0deb1b7a1d653459af8da9a5.php 第 157 行.
NOTIC: [8] Use of undefined constant cate_id - assumed 'cate_id' D:\amp\apache\htdocs\Shop\application\Runtime\Cache\Home\ff6f5b9c0deb1b7a1d653459af8da9a5.php 第 157 行.
NOTIC: [8] Use of undefined constant level - assumed 'level' D:\amp\apache\htdocs\Shop\application\Runtime\Cache\Home\ff6f5b9c0deb1b7a1d653459af8da9a5.php 第 157 行.
NOTIC: [8] Use of undefined constant cate_name - assumed 'cate_name' D:\amp\apache\htdocs\Shop\application\Runtime\Cache\Home\ff6f5b9c0deb1b7a1d653459af8da9a5.php 第 157 行.
NOTIC: [8] Use of undefined constant cate_id - assumed 'cate_id' D:\amp\apache\htdocs\Shop\application\Runtime\Cache\Home\ff6f5b9c0deb1b7a1d653459af8da9a5.php 第 157 行.
NOTIC: [8] Use of undefined constant level - assumed 'level' D:\amp\apache\htdocs\Shop\application\Runtime\Cache\Home\ff6f5b9c0deb1b7a1d653459af8da9a5.php 第 157 行.
NOTIC: [8] Use of undefined constant cate_name - assumed 'cate_name' D:\amp\apache\htdocs\Shop\application\Runtime\Cache\Home\ff6f5b9c0deb1b7a1d653459af8da9a5.php 第 157 行.
NOTIC: [8] Use of undefined constant cate_id - assumed 'cate_id' D:\amp\apache\htdocs\Shop\application\Runtime\Cache\Home\ff6f5b9c0deb1b7a1d653459af8da9a5.php 第 157 行.
NOTIC: [8] Use of undefined constant level - assumed 'level' D:\amp\apache\htdocs\Shop\application\Runtime\Cache\Home\ff6f5b9c0deb1b7a1d653459af8da9a5.php 第 157 行.
NOTIC: [8] Use of undefined constant cate_name - assumed 'cate_name' D:\amp\apache\htdocs\Shop\application\Runtime\Cache\Home\ff6f5b9c0deb1b7a1d653459af8da9a5.php 第 157 行.
NOTIC: [8] Use of undefined constant cate_id - assumed 'cate_id' D:\amp\apache\htdocs\Shop\application\Runtime\Cache\Home\ff6f5b9c0deb1b7a1d653459af8da9a5.php 第 157 行.
NOTIC: [8] Use of undefined constant level - assumed 'level' D:\amp\apache\htdocs\Shop\application\Runtime\Cache\Home\ff6f5b9c0deb1b7a1d653459af8da9a5.php 第 157 行.
NOTIC: [8] Use of undefined constant cate_name - assumed 'cate_name' D:\amp\apache\htdocs\Shop\application\Runtime\Cache\Home\ff6f5b9c0deb1b7a1d653459af8da9a5.php 第 157 行.
NOTIC: [8] Use of undefined constant cate_id - assumed 'cate_id' D:\amp\apache\htdocs\Shop\application\Runtime\Cache\Home\ff6f5b9c0deb1b7a1d653459af8da9a5.php 第 157 行.
NOTIC: [8] Use of undefined constant level - assumed 'level' D:\amp\apache\htdocs\Shop\application\Runtime\Cache\Home\ff6f5b9c0deb1b7a1d653459af8da9a5.php 第 157 行.
NOTIC: [8] Use of undefined constant cate_name - assumed 'cate_name' D:\amp\apache\htdocs\Shop\application\Runtime\Cache\Home\ff6f5b9c0deb1b7a1d653459af8da9a5.php 第 157 行.
NOTIC: [8] Use of undefined constant cate_id - assumed 'cate_id' D:\amp\apache\htdocs\Shop\application\Runtime\Cache\Home\ff6f5b9c0deb1b7a1d653459af8da9a5.php 第 157 行.
NOTIC: [8] Use of undefined constant level - assumed 'level' D:\amp\apache\htdocs\Shop\application\Runtime\Cache\Home\ff6f5b9c0deb1b7a1d653459af8da9a5.php 第 157 行.
NOTIC: [8] Use of undefined constant cate_name - assumed 'cate_name' D:\amp\apache\htdocs\Shop\application\Runtime\Cache\Home\ff6f5b9c0deb1b7a1d653459af8da9a5.php 第 157 行.
NOTIC: [8] Use of undefined constant cate_id - assumed 'cate_id' D:\amp\apache\htdocs\Shop\application\Runtime\Cache\Home\ff6f5b9c0deb1b7a1d653459af8da9a5.php 第 162 行.
NOTIC: [8] Use of undefined constant level - assumed 'level' D:\amp\apache\htdocs\Shop\application\Runtime\Cache\Home\ff6f5b9c0deb1b7a1d653459af8da9a5.php 第 162 行.
NOTIC: [8] Use of undefined constant cate_id - assumed 'cate_id' D:\amp\apache\htdocs\Shop\application\Runtime\Cache\Home\ff6f5b9c0deb1b7a1d653459af8da9a5.php 第 164 行.
NOTIC: [8] Use of undefined constant level - assumed 'level' D:\amp\apache\htdocs\Shop\application\Runtime\Cache\Home\ff6f5b9c0deb1b7a1d653459af8da9a5.php 第 164 行.
NOTIC: [8] Use of undefined constant cate_id - assumed 'cate_id' D:\amp\apache\htdocs\Shop\application\Runtime\Cache\Home\ff6f5b9c0deb1b7a1d653459af8da9a5.php 第 157 行.
NOTIC: [8] Use of undefined constant level - assumed 'level' D:\amp\apache\htdocs\Shop\application\Runtime\Cache\Home\ff6f5b9c0deb1b7a1d653459af8da9a5.php 第 157 行.
NOTIC: [8] Use of undefined constant cate_name - assumed 'cate_name' D:\amp\apache\htdocs\Shop\application\Runtime\Cache\Home\ff6f5b9c0deb1b7a1d653459af8da9a5.php 第 157 行.
NOTIC: [8] Use of undefined constant cate_id - assumed 'cate_id' D:\amp\apache\htdocs\Shop\application\Runtime\Cache\Home\ff6f5b9c0deb1b7a1d653459af8da9a5.php 第 162 行.
NOTIC: [8] Use of undefined constant level - assumed 'level' D:\amp\apache\htdocs\Shop\application\Runtime\Cache\Home\ff6f5b9c0deb1b7a1d653459af8da9a5.php 第 162 行.
NOTIC: [8] Use of undefined constant cate_id - assumed 'cate_id' D:\amp\apache\htdocs\Shop\application\Runtime\Cache\Home\ff6f5b9c0deb1b7a1d653459af8da9a5.php 第 164 行.
NOTIC: [8] Use of undefined constant level - assumed 'level' D:\amp\apache\htdocs\Shop\application\Runtime\Cache\Home\ff6f5b9c0deb1b7a1d653459af8da9a5.php 第 164 行.
NOTIC: [8] Undefined variable: number_price D:\amp\apache\htdocs\Shop\application\Runtime\Cache\Home\ff6f5b9c0deb1b7a1d653459af8da9a5.php 第 218 行.
NOTIC: [8] Undefined variable: number_price D:\amp\apache\htdocs\Shop\application\Runtime\Cache\Home\ff6f5b9c0deb1b7a1d653459af8da9a5.php 第 219 行.
INFO: Run Behavior\ParseTemplateBehavior [ RunTime:0.060224s ]
INFO: [ view_parse ] --END-- [ RunTime:0.060328s ]
INFO: [ view_filter ] --START--
INFO: Run Behavior\WriteHtmlCacheBehavior [ RunTime:0.000567s ]
INFO: [ view_filter ] --END-- [ RunTime:0.000633s ]
INFO: [ app_end ] --START--
INFO: Run Behavior\ShowPageTraceBehavior [ RunTime:0.000790s ]
INFO: [ app_end ] --END-- [ RunTime:0.000862s ]

[ 2017-09-05T00:10:18+08:00 ] 127.0.0.1 /Home/Cart/addCart
INFO: [ app_init ] --START--
INFO: Run Behavior\BuildLiteBehavior [ RunTime:0.000009s ]
INFO: [ app_init ] --END-- [ RunTime:0.000299s ]
INFO: [ app_begin ] --START--
INFO: Run Behavior\ReadHtmlCacheBehavior [ RunTime:0.000372s ]
INFO: [ app_begin ] --END-- [ RunTime:0.000406s ]
SQL: SHOW COLUMNS FROM `sp_goods` [ RunTime:0.0170s ]
SQL: SELECT `goods_price` FROM `sp_goods` WHERE ( goods_id=15 ) LIMIT 1   [ RunTime:0.0005s ]
INFO: [ app_end ] --START--
INFO: Run Behavior\ShowPageTraceBehavior [ RunTime:0.001163s ]
INFO: [ app_end ] --END-- [ RunTime:0.001263s ]

[ 2017-09-05T00:10:21+08:00 ] 127.0.0.1 /Home/Cart/flow.html
INFO: [ app_init ] --START--
INFO: Run Behavior\BuildLiteBehavior [ RunTime:0.000012s ]
INFO: [ app_init ] --END-- [ RunTime:0.000313s ]
INFO: [ app_begin ] --START--
INFO: Run Behavior\ReadHtmlCacheBehavior [ RunTime:0.000346s ]
INFO: [ app_begin ] --END-- [ RunTime:0.000392s ]
SQL: SHOW COLUMNS FROM `sp_goods` [ RunTime:0.0076s ]
SQL: SELECT * FROM `sp_goods` WHERE `goods_id` = 15 LIMIT 1   [ RunTime:0.0004s ]
SQL: SELECT `goods_price` FROM `sp_goods` WHERE ( goods_id=15 ) LIMIT 1   [ RunTime:0.0003s ]
INFO: [ view_parse ] --START--
INFO: [ template_filter ] --START--
INFO: Run Behavior\ContentReplaceBehavior [ RunTime:0.000198s ]
INFO: [ template_filter ] --END-- [ RunTime:0.000235s ]
NOTIC: [8] Undefined index: memid D:\amp\apache\htdocs\Shop\application\Runtime\Cache\Home\e7f569b1355c49537758863399227c4f.php 第 27 行.
NOTIC: [8] Undefined index: memid D:\amp\apache\htdocs\Shop\application\Runtime\Cache\Home\e7f569b1355c49537758863399227c4f.php 第 36 行.
NOTIC: [8] Use of undefined constant goods_id - assumed 'goods_id' D:\amp\apache\htdocs\Shop\application\Runtime\Cache\Home\e7f569b1355c49537758863399227c4f.php 第 118 行.
NOTIC: [8] Undefined variable: goods_info D:\amp\apache\htdocs\Shop\application\Runtime\Cache\Home\e7f569b1355c49537758863399227c4f.php 第 118 行.
NOTIC: [8] Undefined variable: ac D:\amp\apache\htdocs\Shop\application\Runtime\Cache\Home\e7f569b1355c49537758863399227c4f.php 第 142 行.
NOTIC: [8] Undefined variable: ac D:\amp\apache\htdocs\Shop\application\Runtime\Cache\Home\e7f569b1355c49537758863399227c4f.php 第 153 行.
NOTIC: [8] Undefined variable: cateA D:\amp\apache\htdocs\Shop\application\Runtime\Cache\Home\e7f569b1355c49537758863399227c4f.php 第 156 行.
INFO: Run Behavior\ParseTemplateBehavior [ RunTime:0.124435s ]
INFO: [ view_parse ] --END-- [ RunTime:0.124511s ]
INFO: [ view_filter ] --START--
INFO: Run Behavior\WriteHtmlCacheBehavior [ RunTime:0.000522s ]
INFO: [ view_filter ] --END-- [ RunTime:0.000606s ]
INFO: [ app_end ] --START--
INFO: Run Behavior\ShowPageTraceBehavior [ RunTime:0.001102s ]
INFO: [ app_end ] --END-- [ RunTime:0.001201s ]

[ 2017-09-05T00:10:31+08:00 ] 127.0.0.1 /Home/Cart/save_cart.html?cart_id=0&num=12121245&goods_id=15&_=1504541430601
INFO: [ app_init ] --START--
INFO: Run Behavior\BuildLiteBehavior [ RunTime:0.000014s ]
INFO: [ app_init ] --END-- [ RunTime:0.000399s ]
INFO: [ app_begin ] --START--
INFO: Run Behavior\ReadHtmlCacheBehavior [ RunTime:0.000478s ]
INFO: [ app_begin ] --END-- [ RunTime:0.000530s ]
SQL: SHOW COLUMNS FROM `sp_goods` [ RunTime:0.0065s ]
SQL: SELECT `goods_num` FROM `sp_goods` WHERE ( goods_id=15 ) LIMIT 1   [ RunTime:0.0002s ]
SQL: SELECT `goods_num`,`goods_price` FROM `sp_goods` WHERE `goods_id` = 15 LIMIT 1   [ RunTime:0.0002s ]
SQL: SHOW COLUMNS FROM `sp_goods` [ RunTime:0.0066s ]
SQL: SELECT goods_price*20 total_price FROM `sp_goods` WHERE `goods_id` = 15 LIMIT 1   [ RunTime:0.1209s ]
SQL: SELECT `goods_price` FROM `sp_goods` WHERE ( goods_id=15 ) LIMIT 1   [ RunTime:0.0004s ]
INFO: [ app_end ] --START--
INFO: Run Behavior\ShowPageTraceBehavior [ RunTime:0.000478s ]
INFO: [ app_end ] --END-- [ RunTime:0.000511s ]

