[ 2017-08-05T16:11:34+08:00 ] 127.0.0.1 /
INFO: [ app_init ] --START--
INFO: Run Behavior\BuildLiteBehavior [ RunTime:0.000020s ]
INFO: [ app_init ] --END-- [ RunTime:0.000853s ]
INFO: [ app_begin ] --START--
INFO: Run Behavior\ReadHtmlCacheBehavior [ RunTime:0.001325s ]
INFO: [ app_begin ] --END-- [ RunTime:0.001405s ]
SQL: SHOW COLUMNS FROM `sp_cate` [ RunTime:0.0993s ]
SQL: SELECT * FROM `sp_cate`  [ RunTime:0.0015s ]
INFO: [ view_parse ] --START--
INFO: [ template_filter ] --START--
INFO: Run Behavior\ContentReplaceBehavior [ RunTime:0.000340s ]
INFO: [ template_filter ] --END-- [ RunTime:0.000401s ]
NOTIC: [8] Undefined index: memid D:\amp\apache\htdocs\Shop\application\Runtime\Cache\Home\0e9f9964b50249c273d1dbef3ee7dd51.php 第 27 行.
NOTIC: [8] Undefined index: memid D:\amp\apache\htdocs\Shop\application\Runtime\Cache\Home\0e9f9964b50249c273d1dbef3ee7dd51.php 第 36 行.
NOTIC: [8] Use of undefined constant goods_id - assumed 'goods_id' D:\amp\apache\htdocs\Shop\application\Runtime\Cache\Home\0e9f9964b50249c273d1dbef3ee7dd51.php 第 118 行.
NOTIC: [8] Undefined variable: goods_info D:\amp\apache\htdocs\Shop\application\Runtime\Cache\Home\0e9f9964b50249c273d1dbef3ee7dd51.php 第 118 行.
NOTIC: [8] Use of undefined constant cate_id - assumed 'cate_id' D:\amp\apache\htdocs\Shop\application\Runtime\Cache\Home\0e9f9964b50249c273d1dbef3ee7dd51.php 第 155 行.
NOTIC: [8] Use of undefined constant level - assumed 'level' D:\amp\apache\htdocs\Shop\application\Runtime\Cache\Home\0e9f9964b50249c273d1dbef3ee7dd51.php 第 155 行.
NOTIC: [8] Use of undefined constant cate_name - assumed 'cate_name' D:\amp\apache\htdocs\Shop\application\Runtime\Cache\Home\0e9f9964b50249c273d1dbef3ee7dd51.php 第 155 行.
NOTIC: [8] Use of undefined constant cate_id - assumed 'cate_id' D:\amp\apache\htdocs\Shop\application\Runtime\Cache\Home\0e9f9964b50249c273d1dbef3ee7dd51.php 第 160 行.
NOTIC: [8] Use of undefined constant level - assumed 'level' D:\amp\apache\htdocs\Shop\application\Runtime\Cache\Home\0e9f9964b50249c273d1dbef3ee7dd51.php 第 160 行.
NOTIC: [8] Use of undefined constant cate_id - assumed 'cate_id' D:\amp\apache\htdocs\Shop\application\Runtime\Cache\Home\0e9f9964b50249c273d1dbef3ee7dd51.php 第 160 行.
NOTIC: [8] Use of undefined constant level - assumed 'level' D:\amp\apache\htdocs\Shop\application\Runtime\Cache\Home\0e9f9964b50249c273d1dbef3ee7dd51.php 第 160 行.
NOTIC: [8] Use of undefined constant cate_id - assumed 'cate_id' D:\amp\apache\htdocs\Shop\application\Runtime\Cache\Home\0e9f9964b50249c273d1dbef3ee7dd51.php 第 155 行.
NOTIC: [8] Use of undefined constant level - assumed 'level' D:\amp\apache\htdocs\Shop\application\Runtime\Cache\Home\0e9f9964b50249c273d1dbef3ee7dd51.php 第 155 行.
NOTIC: [8] Use of undefined constant cate_name - assumed 'cate_name' D:\amp\apache\htdocs\Shop\application\Runtime\Cache\Home\0e9f9964b50249c273d1dbef3ee7dd51.php 第 155 行.
NOTIC: [8] Use of undefined constant cate_id - assumed 'cate_id' D:\amp\apache\htdocs\Shop\application\Runtime\Cache\Home\0e9f9964b50249c273d1dbef3ee7dd51.php 第 160 行.
NOTIC: [8] Use of undefined constant level - assumed 'level' D:\amp\apache\htdocs\Shop\application\Runtime\Cache\Home\0e9f9964b50249c273d1dbef3ee7dd51.php 第 160 行.
NOTIC: [8] Use of undefined constant cate_id - assumed 'cate_id' D:\amp\apache\htdocs\Shop\application\Runtime\Cache\Home\0e9f9964b50249c273d1dbef3ee7dd51.php 第 160 行.
NOTIC: [8] Use of undefined constant level - assumed 'level' D:\amp\apache\htdocs\Shop\application\Runtime\Cache\Home\0e9f9964b50249c273d1dbef3ee7dd51.php 第 160 行.
NOTIC: [8] Use of undefined constant cate_id - assumed 'cate_id' D:\amp\apache\htdocs\Shop\application\Runtime\Cache\Home\0e9f9964b50249c273d1dbef3ee7dd51.php 第 162 行.
NOTIC: [8] Use of undefined constant level - assumed 'level' D:\amp\apache\htdocs\Shop\application\Runtime\Cache\Home\0e9f9964b50249c273d1dbef3ee7dd51.php 第 162 行.
NOTIC: [8] Use of undefined constant cate_id - assumed 'cate_id' D:\amp\apache\htdocs\Shop\application\Runtime\Cache\Home\0e9f9964b50249c273d1dbef3ee7dd51.php 第 155 行.
NOTIC: [8] Use of undefined constant level - assumed 'level' D:\amp\apache\htdocs\Shop\application\Runtime\Cache\Home\0e9f9964b50249c273d1dbef3ee7dd51.php 第 155 行.
NOTIC: [8] Use of undefined constant cate_name - assumed 'cate_name' D:\amp\apache\htdocs\Shop\application\Runtime\Cache\Home\0e9f9964b50249c273d1dbef3ee7dd51.php 第 155 行.
NOTIC: [8] Use of undefined constant cate_id - assumed 'cate_id' D:\amp\apache\htdocs\Shop\application\Runtime\Cache\Home\0e9f9964b50249c273d1dbef3ee7dd51.php 第 160 行.
NOTIC: [8] Use of undefined constant level - assumed 'level' D:\amp\apache\htdocs\Shop\application\Runtime\Cache\Home\0e9f9964b50249c273d1dbef3ee7dd51.php 第 160 行.
NOTIC: [8] Use of undefined constant cate_id - assumed 'cate_id' D:\amp\apache\htdocs\Shop\application\Runtime\Cache\Home\0e9f9964b50249c273d1dbef3ee7dd51.php 第 162 行.
NOTIC: [8] Use of undefined constant level - assumed 'level' D:\amp\apache\htdocs\Shop\application\Runtime\Cache\Home\0e9f9964b50249c273d1dbef3ee7dd51.php 第 162 行.
NOTIC: [8] Use of undefined constant cate_id - assumed 'cate_id' D:\amp\apache\htdocs\Shop\application\Runtime\Cache\Home\0e9f9964b50249c273d1dbef3ee7dd51.php 第 162 行.
NOTIC: [8] Use of undefined constant level - assumed 'level' D:\amp\apache\htdocs\Shop\application\Runtime\Cache\Home\0e9f9964b50249c273d1dbef3ee7dd51.php 第 162 行.
NOTIC: [8] Use of undefined constant cate_id - assumed 'cate_id' D:\amp\apache\htdocs\Shop\application\Runtime\Cache\Home\0e9f9964b50249c273d1dbef3ee7dd51.php 第 160 行.
NOTIC: [8] Use of undefined constant level - assumed 'level' D:\amp\apache\htdocs\Shop\application\Runtime\Cache\Home\0e9f9964b50249c273d1dbef3ee7dd51.php 第 160 行.
NOTIC: [8] Use of undefined constant cate_id - assumed 'cate_id' D:\amp\apache\htdocs\Shop\application\Runtime\Cache\Home\0e9f9964b50249c273d1dbef3ee7dd51.php 第 162 行.
NOTIC: [8] Use of undefined constant level - assumed 'level' D:\amp\apache\htdocs\Shop\application\Runtime\Cache\Home\0e9f9964b50249c273d1dbef3ee7dd51.php 第 162 行.
NOTIC: [8] Use of undefined constant cate_id - assumed 'cate_id' D:\amp\apache\htdocs\Shop\application\Runtime\Cache\Home\0e9f9964b50249c273d1dbef3ee7dd51.php 第 155 行.
NOTIC: [8] Use of undefined constant level - assumed 'level' D:\amp\apache\htdocs\Shop\application\Runtime\Cache\Home\0e9f9964b50249c273d1dbef3ee7dd51.php 第 155 行.
NOTIC: [8] Use of undefined constant cate_name - assumed 'cate_name' D:\amp\apache\htdocs\Shop\application\Runtime\Cache\Home\0e9f9964b50249c273d1dbef3ee7dd51.php 第 155 行.
NOTIC: [8] Use of undefined constant cate_id - assumed 'cate_id' D:\amp\apache\htdocs\Shop\application\Runtime\Cache\Home\0e9f9964b50249c273d1dbef3ee7dd51.php 第 160 行.
NOTIC: [8] Use of undefined constant level - assumed 'level' D:\amp\apache\htdocs\Shop\application\Runtime\Cache\Home\0e9f9964b50249c273d1dbef3ee7dd51.php 第 160 行.
NOTIC: [8] Use of undefined constant cate_id - assumed 'cate_id' D:\amp\apache\htdocs\Shop\application\Runtime\Cache\Home\0e9f9964b50249c273d1dbef3ee7dd51.php 第 162 行.
NOTIC: [8] Use of undefined constant level - assumed 'level' D:\amp\apache\htdocs\Shop\application\Runtime\Cache\Home\0e9f9964b50249c273d1dbef3ee7dd51.php 第 162 行.
NOTIC: [8] Use of undefined constant cate_id - assumed 'cate_id' D:\amp\apache\htdocs\Shop\application\Runtime\Cache\Home\0e9f9964b50249c273d1dbef3ee7dd51.php 第 160 行.
NOTIC: [8] Use of undefined constant level - assumed 'level' D:\amp\apache\htdocs\Shop\application\Runtime\Cache\Home\0e9f9964b50249c273d1dbef3ee7dd51.php 第 160 行.
NOTIC: [8] Use of undefined constant cate_id - assumed 'cate_id' D:\amp\apache\htdocs\Shop\application\Runtime\Cache\Home\0e9f9964b50249c273d1dbef3ee7dd51.php 第 162 行.
NOTIC: [8] Use of undefined constant level - assumed 'level' D:\amp\apache\htdocs\Shop\application\Runtime\Cache\Home\0e9f9964b50249c273d1dbef3ee7dd51.php 第 162 行.
NOTIC: [8] Use of undefined constant cate_id - assumed 'cate_id' D:\amp\apache\htdocs\Shop\application\Runtime\Cache\Home\0e9f9964b50249c273d1dbef3ee7dd51.php 第 155 行.
NOTIC: [8] Use of undefined constant level - assumed 'level' D:\amp\apache\htdocs\Shop\application\Runtime\Cache\Home\0e9f9964b50249c273d1dbef3ee7dd51.php 第 155 行.
NOTIC: [8] Use of undefined constant cate_name - assumed 'cate_name' D:\amp\apache\htdocs\Shop\application\Runtime\Cache\Home\0e9f9964b50249c273d1dbef3ee7dd51.php 第 155 行.
NOTIC: [8] Use of undefined constant cate_id - assumed 'cate_id' D:\amp\apache\htdocs\Shop\application\Runtime\Cache\Home\0e9f9964b50249c273d1dbef3ee7dd51.php 第 155 行.
NOTIC: [8] Use of undefined constant level - assumed 'level' D:\amp\apache\htdocs\Shop\application\Runtime\Cache\Home\0e9f9964b50249c273d1dbef3ee7dd51.php 第 155 行.
NOTIC: [8] Use of undefined constant cate_name - assumed 'cate_name' D:\amp\apache\htdocs\Shop\application\Runtime\Cache\Home\0e9f9964b50249c273d1dbef3ee7dd51.php 第 155 行.
NOTIC: [8] Use of undefined constant cate_id - assumed 'cate_id' D:\amp\apache\htdocs\Shop\application\Runtime\Cache\Home\0e9f9964b50249c273d1dbef3ee7dd51.php 第 155 行.
NOTIC: [8] Use of undefined constant level - assumed 'level' D:\amp\apache\htdocs\Shop\application\Runtime\Cache\Home\0e9f9964b50249c273d1dbef3ee7dd51.php 第 155 行.
NOTIC: [8] Use of undefined constant cate_name - assumed 'cate_name' D:\amp\apache\htdocs\Shop\application\Runtime\Cache\Home\0e9f9964b50249c273d1dbef3ee7dd51.php 第 155 行.
NOTIC: [8] Use of undefined constant cate_id - assumed 'cate_id' D:\amp\apache\htdocs\Shop\application\Runtime\Cache\Home\0e9f9964b50249c273d1dbef3ee7dd51.php 第 155 行.
NOTIC: [8] Use of undefined constant level - assumed 'level' D:\amp\apache\htdocs\Shop\application\Runtime\Cache\Home\0e9f9964b50249c273d1dbef3ee7dd51.php 第 155 行.
NOTIC: [8] Use of undefined constant cate_name - assumed 'cate_name' D:\amp\apache\htdocs\Shop\application\Runtime\Cache\Home\0e9f9964b50249c273d1dbef3ee7dd51.php 第 155 行.
NOTIC: [8] Use of undefined constant cate_id - assumed 'cate_id' D:\amp\apache\htdocs\Shop\application\Runtime\Cache\Home\0e9f9964b50249c273d1dbef3ee7dd51.php 第 155 行.
NOTIC: [8] Use of undefined constant level - assumed 'level' D:\amp\apache\htdocs\Shop\application\Runtime\Cache\Home\0e9f9964b50249c273d1dbef3ee7dd51.php 第 155 行.
NOTIC: [8] Use of undefined constant cate_name - assumed 'cate_name' D:\amp\apache\htdocs\Shop\application\Runtime\Cache\Home\0e9f9964b50249c273d1dbef3ee7dd51.php 第 155 行.
NOTIC: [8] Use of undefined constant cate_id - assumed 'cate_id' D:\amp\apache\htdocs\Shop\application\Runtime\Cache\Home\0e9f9964b50249c273d1dbef3ee7dd51.php 第 155 行.
NOTIC: [8] Use of undefined constant level - assumed 'level' D:\amp\apache\htdocs\Shop\application\Runtime\Cache\Home\0e9f9964b50249c273d1dbef3ee7dd51.php 第 155 行.
NOTIC: [8] Use of undefined constant cate_name - assumed 'cate_name' D:\amp\apache\htdocs\Shop\application\Runtime\Cache\Home\0e9f9964b50249c273d1dbef3ee7dd51.php 第 155 行.
NOTIC: [8] Use of undefined constant cate_id - assumed 'cate_id' D:\amp\apache\htdocs\Shop\application\Runtime\Cache\Home\0e9f9964b50249c273d1dbef3ee7dd51.php 第 155 行.
NOTIC: [8] Use of undefined constant level - assumed 'level' D:\amp\apache\htdocs\Shop\application\Runtime\Cache\Home\0e9f9964b50249c273d1dbef3ee7dd51.php 第 155 行.
NOTIC: [8] Use of undefined constant cate_name - assumed 'cate_name' D:\amp\apache\htdocs\Shop\application\Runtime\Cache\Home\0e9f9964b50249c273d1dbef3ee7dd51.php 第 155 行.
NOTIC: [8] Use of undefined constant cate_id - assumed 'cate_id' D:\amp\apache\htdocs\Shop\application\Runtime\Cache\Home\0e9f9964b50249c273d1dbef3ee7dd51.php 第 155 行.
NOTIC: [8] Use of undefined constant level - assumed 'level' D:\amp\apache\htdocs\Shop\application\Runtime\Cache\Home\0e9f9964b50249c273d1dbef3ee7dd51.php 第 155 行.
NOTIC: [8] Use of undefined constant cate_name - assumed 'cate_name' D:\amp\apache\htdocs\Shop\application\Runtime\Cache\Home\0e9f9964b50249c273d1dbef3ee7dd51.php 第 155 行.
INFO: Run Behavior\ParseTemplateBehavior [ RunTime:0.132582s ]
INFO: [ view_parse ] --END-- [ RunTime:0.132627s ]
INFO: [ view_filter ] --START--
INFO: Run Behavior\WriteHtmlCacheBehavior [ RunTime:0.006112s ]
INFO: [ view_filter ] --END-- [ RunTime:0.006160s ]
INFO: [ app_end ] --START--
INFO: Run Behavior\ShowPageTraceBehavior [ RunTime:0.001098s ]
INFO: [ app_end ] --END-- [ RunTime:0.001150s ]

