[ 2017-07-28T08:53:03+08:00 ] 127.0.0.1 /
INFO: [ app_init ] --START--
INFO: Run Behavior\BuildLiteBehavior [ RunTime:0.000014s ]
INFO: [ app_init ] --END-- [ RunTime:0.010378s ]
INFO: [ app_begin ] --START--
INFO: Run Behavior\ReadHtmlCacheBehavior [ RunTime:0.017960s ]
INFO: [ app_begin ] --END-- [ RunTime:0.018066s ]
SQL: SHOW COLUMNS FROM `sp_cate` [ RunTime:0.0185s ]
SQL: SELECT * FROM `sp_cate`  [ RunTime:0.0004s ]
INFO: [ view_parse ] --START--
INFO: [ template_filter ] --START--
INFO: Run Behavior\ContentReplaceBehavior [ RunTime:0.000279s ]
INFO: [ template_filter ] --END-- [ RunTime:0.000320s ]
NOTIC: [8] Undefined index: memid D:\amp\apache\htdocs\Shop\application\Runtime\Cache\Home\0e9f9964b50249c273d1dbef3ee7dd51.php 第 27 行.
NOTIC: [8] Undefined index: memid D:\amp\apache\htdocs\Shop\application\Runtime\Cache\Home\0e9f9964b50249c273d1dbef3ee7dd51.php 第 36 行.
NOTIC: [8] Use of undefined constant goods_id - assumed 'goods_id' D:\amp\apache\htdocs\Shop\application\Runtime\Cache\Home\0e9f9964b50249c273d1dbef3ee7dd51.php 第 118 行.
NOTIC: [8] Undefined variable: goods_info D:\amp\apache\htdocs\Shop\application\Runtime\Cache\Home\0e9f9964b50249c273d1dbef3ee7dd51.php 第 118 行.
NOTIC: [8] Use of undefined constant cate_id - assumed 'cate_id' D:\amp\apache\htdocs\Shop\application\Runtime\Cache\Home\0e9f9964b50249c273d1dbef3ee7dd51.php 第 152 行.
NOTIC: [8] Use of undefined constant level - assumed 'level' D:\amp\apache\htdocs\Shop\application\Runtime\Cache\Home\0e9f9964b50249c273d1dbef3ee7dd51.php 第 152 行.
NOTIC: [8] Use of undefined constant cate_name - assumed 'cate_name' D:\amp\apache\htdocs\Shop\application\Runtime\Cache\Home\0e9f9964b50249c273d1dbef3ee7dd51.php 第 152 行.
NOTIC: [8] Use of undefined constant cate_id - assumed 'cate_id' D:\amp\apache\htdocs\Shop\application\Runtime\Cache\Home\0e9f9964b50249c273d1dbef3ee7dd51.php 第 157 行.
NOTIC: [8] Use of undefined constant level - assumed 'level' D:\amp\apache\htdocs\Shop\application\Runtime\Cache\Home\0e9f9964b50249c273d1dbef3ee7dd51.php 第 157 行.
NOTIC: [8] Use of undefined constant cate_id - assumed 'cate_id' D:\amp\apache\htdocs\Shop\application\Runtime\Cache\Home\0e9f9964b50249c273d1dbef3ee7dd51.php 第 157 行.
NOTIC: [8] Use of undefined constant level - assumed 'level' D:\amp\apache\htdocs\Shop\application\Runtime\Cache\Home\0e9f9964b50249c273d1dbef3ee7dd51.php 第 157 行.
NOTIC: [8] Use of undefined constant cate_id - assumed 'cate_id' D:\amp\apache\htdocs\Shop\application\Runtime\Cache\Home\0e9f9964b50249c273d1dbef3ee7dd51.php 第 152 行.
NOTIC: [8] Use of undefined constant level - assumed 'level' D:\amp\apache\htdocs\Shop\application\Runtime\Cache\Home\0e9f9964b50249c273d1dbef3ee7dd51.php 第 152 行.
NOTIC: [8] Use of undefined constant cate_name - assumed 'cate_name' D:\amp\apache\htdocs\Shop\application\Runtime\Cache\Home\0e9f9964b50249c273d1dbef3ee7dd51.php 第 152 行.
NOTIC: [8] Use of undefined constant cate_id - assumed 'cate_id' D:\amp\apache\htdocs\Shop\application\Runtime\Cache\Home\0e9f9964b50249c273d1dbef3ee7dd51.php 第 157 行.
NOTIC: [8] Use of undefined constant level - assumed 'level' D:\amp\apache\htdocs\Shop\application\Runtime\Cache\Home\0e9f9964b50249c273d1dbef3ee7dd51.php 第 157 行.
NOTIC: [8] Use of undefined constant cate_id - assumed 'cate_id' D:\amp\apache\htdocs\Shop\application\Runtime\Cache\Home\0e9f9964b50249c273d1dbef3ee7dd51.php 第 157 行.
NOTIC: [8] Use of undefined constant level - assumed 'level' D:\amp\apache\htdocs\Shop\application\Runtime\Cache\Home\0e9f9964b50249c273d1dbef3ee7dd51.php 第 157 行.
NOTIC: [8] Use of undefined constant cate_id - assumed 'cate_id' D:\amp\apache\htdocs\Shop\application\Runtime\Cache\Home\0e9f9964b50249c273d1dbef3ee7dd51.php 第 159 行.
NOTIC: [8] Use of undefined constant level - assumed 'level' D:\amp\apache\htdocs\Shop\application\Runtime\Cache\Home\0e9f9964b50249c273d1dbef3ee7dd51.php 第 159 行.
NOTIC: [8] Use of undefined constant cate_id - assumed 'cate_id' D:\amp\apache\htdocs\Shop\application\Runtime\Cache\Home\0e9f9964b50249c273d1dbef3ee7dd51.php 第 152 行.
NOTIC: [8] Use of undefined constant level - assumed 'level' D:\amp\apache\htdocs\Shop\application\Runtime\Cache\Home\0e9f9964b50249c273d1dbef3ee7dd51.php 第 152 行.
NOTIC: [8] Use of undefined constant cate_name - assumed 'cate_name' D:\amp\apache\htdocs\Shop\application\Runtime\Cache\Home\0e9f9964b50249c273d1dbef3ee7dd51.php 第 152 行.
NOTIC: [8] Use of undefined constant cate_id - assumed 'cate_id' D:\amp\apache\htdocs\Shop\application\Runtime\Cache\Home\0e9f9964b50249c273d1dbef3ee7dd51.php 第 157 行.
NOTIC: [8] Use of undefined constant level - assumed 'level' D:\amp\apache\htdocs\Shop\application\Runtime\Cache\Home\0e9f9964b50249c273d1dbef3ee7dd51.php 第 157 行.
NOTIC: [8] Use of undefined constant cate_id - assumed 'cate_id' D:\amp\apache\htdocs\Shop\application\Runtime\Cache\Home\0e9f9964b50249c273d1dbef3ee7dd51.php 第 159 行.
NOTIC: [8] Use of undefined constant level - assumed 'level' D:\amp\apache\htdocs\Shop\application\Runtime\Cache\Home\0e9f9964b50249c273d1dbef3ee7dd51.php 第 159 行.
NOTIC: [8] Use of undefined constant cate_id - assumed 'cate_id' D:\amp\apache\htdocs\Shop\application\Runtime\Cache\Home\0e9f9964b50249c273d1dbef3ee7dd51.php 第 159 行.
NOTIC: [8] Use of undefined constant level - assumed 'level' D:\amp\apache\htdocs\Shop\application\Runtime\Cache\Home\0e9f9964b50249c273d1dbef3ee7dd51.php 第 159 行.
NOTIC: [8] Use of undefined constant cate_id - assumed 'cate_id' D:\amp\apache\htdocs\Shop\application\Runtime\Cache\Home\0e9f9964b50249c273d1dbef3ee7dd51.php 第 157 行.
NOTIC: [8] Use of undefined constant level - assumed 'level' D:\amp\apache\htdocs\Shop\application\Runtime\Cache\Home\0e9f9964b50249c273d1dbef3ee7dd51.php 第 157 行.
NOTIC: [8] Use of undefined constant cate_id - assumed 'cate_id' D:\amp\apache\htdocs\Shop\application\Runtime\Cache\Home\0e9f9964b50249c273d1dbef3ee7dd51.php 第 159 行.
NOTIC: [8] Use of undefined constant level - assumed 'level' D:\amp\apache\htdocs\Shop\application\Runtime\Cache\Home\0e9f9964b50249c273d1dbef3ee7dd51.php 第 159 行.
NOTIC: [8] Use of undefined constant cate_id - assumed 'cate_id' D:\amp\apache\htdocs\Shop\application\Runtime\Cache\Home\0e9f9964b50249c273d1dbef3ee7dd51.php 第 152 行.
NOTIC: [8] Use of undefined constant level - assumed 'level' D:\amp\apache\htdocs\Shop\application\Runtime\Cache\Home\0e9f9964b50249c273d1dbef3ee7dd51.php 第 152 行.
NOTIC: [8] Use of undefined constant cate_name - assumed 'cate_name' D:\amp\apache\htdocs\Shop\application\Runtime\Cache\Home\0e9f9964b50249c273d1dbef3ee7dd51.php 第 152 行.
NOTIC: [8] Use of undefined constant cate_id - assumed 'cate_id' D:\amp\apache\htdocs\Shop\application\Runtime\Cache\Home\0e9f9964b50249c273d1dbef3ee7dd51.php 第 157 行.
NOTIC: [8] Use of undefined constant level - assumed 'level' D:\amp\apache\htdocs\Shop\application\Runtime\Cache\Home\0e9f9964b50249c273d1dbef3ee7dd51.php 第 157 行.
NOTIC: [8] Use of undefined constant cate_id - assumed 'cate_id' D:\amp\apache\htdocs\Shop\application\Runtime\Cache\Home\0e9f9964b50249c273d1dbef3ee7dd51.php 第 159 行.
NOTIC: [8] Use of undefined constant level - assumed 'level' D:\amp\apache\htdocs\Shop\application\Runtime\Cache\Home\0e9f9964b50249c273d1dbef3ee7dd51.php 第 159 行.
NOTIC: [8] Use of undefined constant cate_id - assumed 'cate_id' D:\amp\apache\htdocs\Shop\application\Runtime\Cache\Home\0e9f9964b50249c273d1dbef3ee7dd51.php 第 157 行.
NOTIC: [8] Use of undefined constant level - assumed 'level' D:\amp\apache\htdocs\Shop\application\Runtime\Cache\Home\0e9f9964b50249c273d1dbef3ee7dd51.php 第 157 行.
NOTIC: [8] Use of undefined constant cate_id - assumed 'cate_id' D:\amp\apache\htdocs\Shop\application\Runtime\Cache\Home\0e9f9964b50249c273d1dbef3ee7dd51.php 第 159 行.
NOTIC: [8] Use of undefined constant level - assumed 'level' D:\amp\apache\htdocs\Shop\application\Runtime\Cache\Home\0e9f9964b50249c273d1dbef3ee7dd51.php 第 159 行.
NOTIC: [8] Use of undefined constant cate_id - assumed 'cate_id' D:\amp\apache\htdocs\Shop\application\Runtime\Cache\Home\0e9f9964b50249c273d1dbef3ee7dd51.php 第 152 行.
NOTIC: [8] Use of undefined constant level - assumed 'level' D:\amp\apache\htdocs\Shop\application\Runtime\Cache\Home\0e9f9964b50249c273d1dbef3ee7dd51.php 第 152 行.
NOTIC: [8] Use of undefined constant cate_name - assumed 'cate_name' D:\amp\apache\htdocs\Shop\application\Runtime\Cache\Home\0e9f9964b50249c273d1dbef3ee7dd51.php 第 152 行.
NOTIC: [8] Use of undefined constant cate_id - assumed 'cate_id' D:\amp\apache\htdocs\Shop\application\Runtime\Cache\Home\0e9f9964b50249c273d1dbef3ee7dd51.php 第 152 行.
NOTIC: [8] Use of undefined constant level - assumed 'level' D:\amp\apache\htdocs\Shop\application\Runtime\Cache\Home\0e9f9964b50249c273d1dbef3ee7dd51.php 第 152 行.
NOTIC: [8] Use of undefined constant cate_name - assumed 'cate_name' D:\amp\apache\htdocs\Shop\application\Runtime\Cache\Home\0e9f9964b50249c273d1dbef3ee7dd51.php 第 152 行.
NOTIC: [8] Use of undefined constant cate_id - assumed 'cate_id' D:\amp\apache\htdocs\Shop\application\Runtime\Cache\Home\0e9f9964b50249c273d1dbef3ee7dd51.php 第 152 行.
NOTIC: [8] Use of undefined constant level - assumed 'level' D:\amp\apache\htdocs\Shop\application\Runtime\Cache\Home\0e9f9964b50249c273d1dbef3ee7dd51.php 第 152 行.
NOTIC: [8] Use of undefined constant cate_name - assumed 'cate_name' D:\amp\apache\htdocs\Shop\application\Runtime\Cache\Home\0e9f9964b50249c273d1dbef3ee7dd51.php 第 152 行.
NOTIC: [8] Use of undefined constant cate_id - assumed 'cate_id' D:\amp\apache\htdocs\Shop\application\Runtime\Cache\Home\0e9f9964b50249c273d1dbef3ee7dd51.php 第 152 行.
NOTIC: [8] Use of undefined constant level - assumed 'level' D:\amp\apache\htdocs\Shop\application\Runtime\Cache\Home\0e9f9964b50249c273d1dbef3ee7dd51.php 第 152 行.
NOTIC: [8] Use of undefined constant cate_name - assumed 'cate_name' D:\amp\apache\htdocs\Shop\application\Runtime\Cache\Home\0e9f9964b50249c273d1dbef3ee7dd51.php 第 152 行.
NOTIC: [8] Use of undefined constant cate_id - assumed 'cate_id' D:\amp\apache\htdocs\Shop\application\Runtime\Cache\Home\0e9f9964b50249c273d1dbef3ee7dd51.php 第 152 行.
NOTIC: [8] Use of undefined constant level - assumed 'level' D:\amp\apache\htdocs\Shop\application\Runtime\Cache\Home\0e9f9964b50249c273d1dbef3ee7dd51.php 第 152 行.
NOTIC: [8] Use of undefined constant cate_name - assumed 'cate_name' D:\amp\apache\htdocs\Shop\application\Runtime\Cache\Home\0e9f9964b50249c273d1dbef3ee7dd51.php 第 152 行.
NOTIC: [8] Use of undefined constant cate_id - assumed 'cate_id' D:\amp\apache\htdocs\Shop\application\Runtime\Cache\Home\0e9f9964b50249c273d1dbef3ee7dd51.php 第 152 行.
NOTIC: [8] Use of undefined constant level - assumed 'level' D:\amp\apache\htdocs\Shop\application\Runtime\Cache\Home\0e9f9964b50249c273d1dbef3ee7dd51.php 第 152 行.
NOTIC: [8] Use of undefined constant cate_name - assumed 'cate_name' D:\amp\apache\htdocs\Shop\application\Runtime\Cache\Home\0e9f9964b50249c273d1dbef3ee7dd51.php 第 152 行.
NOTIC: [8] Use of undefined constant cate_id - assumed 'cate_id' D:\amp\apache\htdocs\Shop\application\Runtime\Cache\Home\0e9f9964b50249c273d1dbef3ee7dd51.php 第 152 行.
NOTIC: [8] Use of undefined constant level - assumed 'level' D:\amp\apache\htdocs\Shop\application\Runtime\Cache\Home\0e9f9964b50249c273d1dbef3ee7dd51.php 第 152 行.
NOTIC: [8] Use of undefined constant cate_name - assumed 'cate_name' D:\amp\apache\htdocs\Shop\application\Runtime\Cache\Home\0e9f9964b50249c273d1dbef3ee7dd51.php 第 152 行.
NOTIC: [8] Use of undefined constant cate_id - assumed 'cate_id' D:\amp\apache\htdocs\Shop\application\Runtime\Cache\Home\0e9f9964b50249c273d1dbef3ee7dd51.php 第 152 行.
NOTIC: [8] Use of undefined constant level - assumed 'level' D:\amp\apache\htdocs\Shop\application\Runtime\Cache\Home\0e9f9964b50249c273d1dbef3ee7dd51.php 第 152 行.
NOTIC: [8] Use of undefined constant cate_name - assumed 'cate_name' D:\amp\apache\htdocs\Shop\application\Runtime\Cache\Home\0e9f9964b50249c273d1dbef3ee7dd51.php 第 152 行.
INFO: Run Behavior\ParseTemplateBehavior [ RunTime:0.312554s ]
INFO: [ view_parse ] --END-- [ RunTime:0.312593s ]
INFO: [ view_filter ] --START--
INFO: Run Behavior\WriteHtmlCacheBehavior [ RunTime:0.022145s ]
INFO: [ view_filter ] --END-- [ RunTime:0.022186s ]
INFO: [ app_end ] --START--
INFO: Run Behavior\ShowPageTraceBehavior [ RunTime:0.013904s ]
INFO: [ app_end ] --END-- [ RunTime:0.013961s ]

[ 2017-07-28T20:41:37+08:00 ] 127.0.0.1 /
INFO: [ app_init ] --START--
INFO: Run Behavior\BuildLiteBehavior [ RunTime:0.000022s ]
INFO: [ app_init ] --END-- [ RunTime:0.011154s ]
INFO: [ app_begin ] --START--
INFO: Run Behavior\ReadHtmlCacheBehavior [ RunTime:0.001790s ]
INFO: [ app_begin ] --END-- [ RunTime:0.001840s ]
SQL: SHOW COLUMNS FROM `sp_cate` [ RunTime:0.0395s ]
SQL: SELECT * FROM `sp_cate`  [ RunTime:0.0012s ]
INFO: [ view_parse ] --START--
INFO: [ template_filter ] --START--
INFO: Run Behavior\ContentReplaceBehavior [ RunTime:0.000436s ]
INFO: [ template_filter ] --END-- [ RunTime:0.000515s ]
NOTIC: [8] Undefined index: memid D:\amp\apache\htdocs\Shop\application\Runtime\Cache\Home\0e9f9964b50249c273d1dbef3ee7dd51.php 第 27 行.
NOTIC: [8] Undefined index: memid D:\amp\apache\htdocs\Shop\application\Runtime\Cache\Home\0e9f9964b50249c273d1dbef3ee7dd51.php 第 36 行.
NOTIC: [8] Use of undefined constant goods_id - assumed 'goods_id' D:\amp\apache\htdocs\Shop\application\Runtime\Cache\Home\0e9f9964b50249c273d1dbef3ee7dd51.php 第 118 行.
NOTIC: [8] Undefined variable: goods_info D:\amp\apache\htdocs\Shop\application\Runtime\Cache\Home\0e9f9964b50249c273d1dbef3ee7dd51.php 第 118 行.
NOTIC: [8] Use of undefined constant cate_id - assumed 'cate_id' D:\amp\apache\htdocs\Shop\application\Runtime\Cache\Home\0e9f9964b50249c273d1dbef3ee7dd51.php 第 152 行.
NOTIC: [8] Use of undefined constant level - assumed 'level' D:\amp\apache\htdocs\Shop\application\Runtime\Cache\Home\0e9f9964b50249c273d1dbef3ee7dd51.php 第 152 行.
NOTIC: [8] Use of undefined constant cate_name - assumed 'cate_name' D:\amp\apache\htdocs\Shop\application\Runtime\Cache\Home\0e9f9964b50249c273d1dbef3ee7dd51.php 第 152 行.
NOTIC: [8] Use of undefined constant cate_id - assumed 'cate_id' D:\amp\apache\htdocs\Shop\application\Runtime\Cache\Home\0e9f9964b50249c273d1dbef3ee7dd51.php 第 157 行.
NOTIC: [8] Use of undefined constant level - assumed 'level' D:\amp\apache\htdocs\Shop\application\Runtime\Cache\Home\0e9f9964b50249c273d1dbef3ee7dd51.php 第 157 行.
NOTIC: [8] Use of undefined constant cate_id - assumed 'cate_id' D:\amp\apache\htdocs\Shop\application\Runtime\Cache\Home\0e9f9964b50249c273d1dbef3ee7dd51.php 第 157 行.
NOTIC: [8] Use of undefined constant level - assumed 'level' D:\amp\apache\htdocs\Shop\application\Runtime\Cache\Home\0e9f9964b50249c273d1dbef3ee7dd51.php 第 157 行.
NOTIC: [8] Use of undefined constant cate_id - assumed 'cate_id' D:\amp\apache\htdocs\Shop\application\Runtime\Cache\Home\0e9f9964b50249c273d1dbef3ee7dd51.php 第 152 行.
NOTIC: [8] Use of undefined constant level - assumed 'level' D:\amp\apache\htdocs\Shop\application\Runtime\Cache\Home\0e9f9964b50249c273d1dbef3ee7dd51.php 第 152 行.
NOTIC: [8] Use of undefined constant cate_name - assumed 'cate_name' D:\amp\apache\htdocs\Shop\application\Runtime\Cache\Home\0e9f9964b50249c273d1dbef3ee7dd51.php 第 152 行.
NOTIC: [8] Use of undefined constant cate_id - assumed 'cate_id' D:\amp\apache\htdocs\Shop\application\Runtime\Cache\Home\0e9f9964b50249c273d1dbef3ee7dd51.php 第 157 行.
NOTIC: [8] Use of undefined constant level - assumed 'level' D:\amp\apache\htdocs\Shop\application\Runtime\Cache\Home\0e9f9964b50249c273d1dbef3ee7dd51.php 第 157 行.
NOTIC: [8] Use of undefined constant cate_id - assumed 'cate_id' D:\amp\apache\htdocs\Shop\application\Runtime\Cache\Home\0e9f9964b50249c273d1dbef3ee7dd51.php 第 157 行.
NOTIC: [8] Use of undefined constant level - assumed 'level' D:\amp\apache\htdocs\Shop\application\Runtime\Cache\Home\0e9f9964b50249c273d1dbef3ee7dd51.php 第 157 行.
NOTIC: [8] Use of undefined constant cate_id - assumed 'cate_id' D:\amp\apache\htdocs\Shop\application\Runtime\Cache\Home\0e9f9964b50249c273d1dbef3ee7dd51.php 第 159 行.
NOTIC: [8] Use of undefined constant level - assumed 'level' D:\amp\apache\htdocs\Shop\application\Runtime\Cache\Home\0e9f9964b50249c273d1dbef3ee7dd51.php 第 159 行.
NOTIC: [8] Use of undefined constant cate_id - assumed 'cate_id' D:\amp\apache\htdocs\Shop\application\Runtime\Cache\Home\0e9f9964b50249c273d1dbef3ee7dd51.php 第 152 行.
NOTIC: [8] Use of undefined constant level - assumed 'level' D:\amp\apache\htdocs\Shop\application\Runtime\Cache\Home\0e9f9964b50249c273d1dbef3ee7dd51.php 第 152 行.
NOTIC: [8] Use of undefined constant cate_name - assumed 'cate_name' D:\amp\apache\htdocs\Shop\application\Runtime\Cache\Home\0e9f9964b50249c273d1dbef3ee7dd51.php 第 152 行.
NOTIC: [8] Use of undefined constant cate_id - assumed 'cate_id' D:\amp\apache\htdocs\Shop\application\Runtime\Cache\Home\0e9f9964b50249c273d1dbef3ee7dd51.php 第 157 行.
NOTIC: [8] Use of undefined constant level - assumed 'level' D:\amp\apache\htdocs\Shop\application\Runtime\Cache\Home\0e9f9964b50249c273d1dbef3ee7dd51.php 第 157 行.
NOTIC: [8] Use of undefined constant cate_id - assumed 'cate_id' D:\amp\apache\htdocs\Shop\application\Runtime\Cache\Home\0e9f9964b50249c273d1dbef3ee7dd51.php 第 159 行.
NOTIC: [8] Use of undefined constant level - assumed 'level' D:\amp\apache\htdocs\Shop\application\Runtime\Cache\Home\0e9f9964b50249c273d1dbef3ee7dd51.php 第 159 行.
NOTIC: [8] Use of undefined constant cate_id - assumed 'cate_id' D:\amp\apache\htdocs\Shop\application\Runtime\Cache\Home\0e9f9964b50249c273d1dbef3ee7dd51.php 第 159 行.
NOTIC: [8] Use of undefined constant level - assumed 'level' D:\amp\apache\htdocs\Shop\application\Runtime\Cache\Home\0e9f9964b50249c273d1dbef3ee7dd51.php 第 159 行.
NOTIC: [8] Use of undefined constant cate_id - assumed 'cate_id' D:\amp\apache\htdocs\Shop\application\Runtime\Cache\Home\0e9f9964b50249c273d1dbef3ee7dd51.php 第 157 行.
NOTIC: [8] Use of undefined constant level - assumed 'level' D:\amp\apache\htdocs\Shop\application\Runtime\Cache\Home\0e9f9964b50249c273d1dbef3ee7dd51.php 第 157 行.
NOTIC: [8] Use of undefined constant cate_id - assumed 'cate_id' D:\amp\apache\htdocs\Shop\application\Runtime\Cache\Home\0e9f9964b50249c273d1dbef3ee7dd51.php 第 159 行.
NOTIC: [8] Use of undefined constant level - assumed 'level' D:\amp\apache\htdocs\Shop\application\Runtime\Cache\Home\0e9f9964b50249c273d1dbef3ee7dd51.php 第 159 行.
NOTIC: [8] Use of undefined constant cate_id - assumed 'cate_id' D:\amp\apache\htdocs\Shop\application\Runtime\Cache\Home\0e9f9964b50249c273d1dbef3ee7dd51.php 第 152 行.
NOTIC: [8] Use of undefined constant level - assumed 'level' D:\amp\apache\htdocs\Shop\application\Runtime\Cache\Home\0e9f9964b50249c273d1dbef3ee7dd51.php 第 152 行.
NOTIC: [8] Use of undefined constant cate_name - assumed 'cate_name' D:\amp\apache\htdocs\Shop\application\Runtime\Cache\Home\0e9f9964b50249c273d1dbef3ee7dd51.php 第 152 行.
NOTIC: [8] Use of undefined constant cate_id - assumed 'cate_id' D:\amp\apache\htdocs\Shop\application\Runtime\Cache\Home\0e9f9964b50249c273d1dbef3ee7dd51.php 第 157 行.
NOTIC: [8] Use of undefined constant level - assumed 'level' D:\amp\apache\htdocs\Shop\application\Runtime\Cache\Home\0e9f9964b50249c273d1dbef3ee7dd51.php 第 157 行.
NOTIC: [8] Use of undefined constant cate_id - assumed 'cate_id' D:\amp\apache\htdocs\Shop\application\Runtime\Cache\Home\0e9f9964b50249c273d1dbef3ee7dd51.php 第 159 行.
NOTIC: [8] Use of undefined constant level - assumed 'level' D:\amp\apache\htdocs\Shop\application\Runtime\Cache\Home\0e9f9964b50249c273d1dbef3ee7dd51.php 第 159 行.
NOTIC: [8] Use of undefined constant cate_id - assumed 'cate_id' D:\amp\apache\htdocs\Shop\application\Runtime\Cache\Home\0e9f9964b50249c273d1dbef3ee7dd51.php 第 157 行.
NOTIC: [8] Use of undefined constant level - assumed 'level' D:\amp\apache\htdocs\Shop\application\Runtime\Cache\Home\0e9f9964b50249c273d1dbef3ee7dd51.php 第 157 行.
NOTIC: [8] Use of undefined constant cate_id - assumed 'cate_id' D:\amp\apache\htdocs\Shop\application\Runtime\Cache\Home\0e9f9964b50249c273d1dbef3ee7dd51.php 第 159 行.
NOTIC: [8] Use of undefined constant level - assumed 'level' D:\amp\apache\htdocs\Shop\application\Runtime\Cache\Home\0e9f9964b50249c273d1dbef3ee7dd51.php 第 159 行.
NOTIC: [8] Use of undefined constant cate_id - assumed 'cate_id' D:\amp\apache\htdocs\Shop\application\Runtime\Cache\Home\0e9f9964b50249c273d1dbef3ee7dd51.php 第 152 行.
NOTIC: [8] Use of undefined constant level - assumed 'level' D:\amp\apache\htdocs\Shop\application\Runtime\Cache\Home\0e9f9964b50249c273d1dbef3ee7dd51.php 第 152 行.
NOTIC: [8] Use of undefined constant cate_name - assumed 'cate_name' D:\amp\apache\htdocs\Shop\application\Runtime\Cache\Home\0e9f9964b50249c273d1dbef3ee7dd51.php 第 152 行.
NOTIC: [8] Use of undefined constant cate_id - assumed 'cate_id' D:\amp\apache\htdocs\Shop\application\Runtime\Cache\Home\0e9f9964b50249c273d1dbef3ee7dd51.php 第 152 行.
NOTIC: [8] Use of undefined constant level - assumed 'level' D:\amp\apache\htdocs\Shop\application\Runtime\Cache\Home\0e9f9964b50249c273d1dbef3ee7dd51.php 第 152 行.
NOTIC: [8] Use of undefined constant cate_name - assumed 'cate_name' D:\amp\apache\htdocs\Shop\application\Runtime\Cache\Home\0e9f9964b50249c273d1dbef3ee7dd51.php 第 152 行.
NOTIC: [8] Use of undefined constant cate_id - assumed 'cate_id' D:\amp\apache\htdocs\Shop\application\Runtime\Cache\Home\0e9f9964b50249c273d1dbef3ee7dd51.php 第 152 行.
NOTIC: [8] Use of undefined constant level - assumed 'level' D:\amp\apache\htdocs\Shop\application\Runtime\Cache\Home\0e9f9964b50249c273d1dbef3ee7dd51.php 第 152 行.
NOTIC: [8] Use of undefined constant cate_name - assumed 'cate_name' D:\amp\apache\htdocs\Shop\application\Runtime\Cache\Home\0e9f9964b50249c273d1dbef3ee7dd51.php 第 152 行.
NOTIC: [8] Use of undefined constant cate_id - assumed 'cate_id' D:\amp\apache\htdocs\Shop\application\Runtime\Cache\Home\0e9f9964b50249c273d1dbef3ee7dd51.php 第 152 行.
NOTIC: [8] Use of undefined constant level - assumed 'level' D:\amp\apache\htdocs\Shop\application\Runtime\Cache\Home\0e9f9964b50249c273d1dbef3ee7dd51.php 第 152 行.
NOTIC: [8] Use of undefined constant cate_name - assumed 'cate_name' D:\amp\apache\htdocs\Shop\application\Runtime\Cache\Home\0e9f9964b50249c273d1dbef3ee7dd51.php 第 152 行.
NOTIC: [8] Use of undefined constant cate_id - assumed 'cate_id' D:\amp\apache\htdocs\Shop\application\Runtime\Cache\Home\0e9f9964b50249c273d1dbef3ee7dd51.php 第 152 行.
NOTIC: [8] Use of undefined constant level - assumed 'level' D:\amp\apache\htdocs\Shop\application\Runtime\Cache\Home\0e9f9964b50249c273d1dbef3ee7dd51.php 第 152 行.
NOTIC: [8] Use of undefined constant cate_name - assumed 'cate_name' D:\amp\apache\htdocs\Shop\application\Runtime\Cache\Home\0e9f9964b50249c273d1dbef3ee7dd51.php 第 152 行.
NOTIC: [8] Use of undefined constant cate_id - assumed 'cate_id' D:\amp\apache\htdocs\Shop\application\Runtime\Cache\Home\0e9f9964b50249c273d1dbef3ee7dd51.php 第 152 行.
NOTIC: [8] Use of undefined constant level - assumed 'level' D:\amp\apache\htdocs\Shop\application\Runtime\Cache\Home\0e9f9964b50249c273d1dbef3ee7dd51.php 第 152 行.
NOTIC: [8] Use of undefined constant cate_name - assumed 'cate_name' D:\amp\apache\htdocs\Shop\application\Runtime\Cache\Home\0e9f9964b50249c273d1dbef3ee7dd51.php 第 152 行.
NOTIC: [8] Use of undefined constant cate_id - assumed 'cate_id' D:\amp\apache\htdocs\Shop\application\Runtime\Cache\Home\0e9f9964b50249c273d1dbef3ee7dd51.php 第 152 行.
NOTIC: [8] Use of undefined constant level - assumed 'level' D:\amp\apache\htdocs\Shop\application\Runtime\Cache\Home\0e9f9964b50249c273d1dbef3ee7dd51.php 第 152 行.
NOTIC: [8] Use of undefined constant cate_name - assumed 'cate_name' D:\amp\apache\htdocs\Shop\application\Runtime\Cache\Home\0e9f9964b50249c273d1dbef3ee7dd51.php 第 152 行.
NOTIC: [8] Use of undefined constant cate_id - assumed 'cate_id' D:\amp\apache\htdocs\Shop\application\Runtime\Cache\Home\0e9f9964b50249c273d1dbef3ee7dd51.php 第 152 行.
NOTIC: [8] Use of undefined constant level - assumed 'level' D:\amp\apache\htdocs\Shop\application\Runtime\Cache\Home\0e9f9964b50249c273d1dbef3ee7dd51.php 第 152 行.
NOTIC: [8] Use of undefined constant cate_name - assumed 'cate_name' D:\amp\apache\htdocs\Shop\application\Runtime\Cache\Home\0e9f9964b50249c273d1dbef3ee7dd51.php 第 152 行.
INFO: Run Behavior\ParseTemplateBehavior [ RunTime:0.358971s ]
INFO: [ view_parse ] --END-- [ RunTime:0.359073s ]
INFO: [ view_filter ] --START--
INFO: Run Behavior\WriteHtmlCacheBehavior [ RunTime:0.018384s ]
INFO: [ view_filter ] --END-- [ RunTime:0.018428s ]
INFO: [ app_end ] --START--
INFO: Run Behavior\ShowPageTraceBehavior [ RunTime:0.011781s ]
INFO: [ app_end ] --END-- [ RunTime:0.012024s ]

[ 2017-07-28T20:41:37+08:00 ] 127.0.0.1 /
INFO: [ app_init ] --START--
INFO: Run Behavior\BuildLiteBehavior [ RunTime:0.000011s ]
INFO: [ app_init ] --END-- [ RunTime:0.000312s ]
INFO: [ app_begin ] --START--
INFO: Run Behavior\ReadHtmlCacheBehavior [ RunTime:0.000605s ]
INFO: [ app_begin ] --END-- [ RunTime:0.000660s ]
SQL: SHOW COLUMNS FROM `sp_cate` [ RunTime:0.0109s ]
SQL: SELECT * FROM `sp_cate`  [ RunTime:0.0004s ]
INFO: [ view_parse ] --START--
INFO: [ template_filter ] --START--
INFO: Run Behavior\ContentReplaceBehavior [ RunTime:0.000363s ]
INFO: [ template_filter ] --END-- [ RunTime:0.000410s ]
NOTIC: [8] Undefined index: memid D:\amp\apache\htdocs\Shop\application\Runtime\Cache\Home\0e9f9964b50249c273d1dbef3ee7dd51.php 第 27 行.
NOTIC: [8] Undefined index: memid D:\amp\apache\htdocs\Shop\application\Runtime\Cache\Home\0e9f9964b50249c273d1dbef3ee7dd51.php 第 36 行.
NOTIC: [8] Use of undefined constant goods_id - assumed 'goods_id' D:\amp\apache\htdocs\Shop\application\Runtime\Cache\Home\0e9f9964b50249c273d1dbef3ee7dd51.php 第 118 行.
NOTIC: [8] Undefined variable: goods_info D:\amp\apache\htdocs\Shop\application\Runtime\Cache\Home\0e9f9964b50249c273d1dbef3ee7dd51.php 第 118 行.
NOTIC: [8] Use of undefined constant cate_id - assumed 'cate_id' D:\amp\apache\htdocs\Shop\application\Runtime\Cache\Home\0e9f9964b50249c273d1dbef3ee7dd51.php 第 152 行.
NOTIC: [8] Use of undefined constant level - assumed 'level' D:\amp\apache\htdocs\Shop\application\Runtime\Cache\Home\0e9f9964b50249c273d1dbef3ee7dd51.php 第 152 行.
NOTIC: [8] Use of undefined constant cate_name - assumed 'cate_name' D:\amp\apache\htdocs\Shop\application\Runtime\Cache\Home\0e9f9964b50249c273d1dbef3ee7dd51.php 第 152 行.
NOTIC: [8] Use of undefined constant cate_id - assumed 'cate_id' D:\amp\apache\htdocs\Shop\application\Runtime\Cache\Home\0e9f9964b50249c273d1dbef3ee7dd51.php 第 157 行.
NOTIC: [8] Use of undefined constant level - assumed 'level' D:\amp\apache\htdocs\Shop\application\Runtime\Cache\Home\0e9f9964b50249c273d1dbef3ee7dd51.php 第 157 行.
NOTIC: [8] Use of undefined constant cate_id - assumed 'cate_id' D:\amp\apache\htdocs\Shop\application\Runtime\Cache\Home\0e9f9964b50249c273d1dbef3ee7dd51.php 第 157 行.
NOTIC: [8] Use of undefined constant level - assumed 'level' D:\amp\apache\htdocs\Shop\application\Runtime\Cache\Home\0e9f9964b50249c273d1dbef3ee7dd51.php 第 157 行.
NOTIC: [8] Use of undefined constant cate_id - assumed 'cate_id' D:\amp\apache\htdocs\Shop\application\Runtime\Cache\Home\0e9f9964b50249c273d1dbef3ee7dd51.php 第 152 行.
NOTIC: [8] Use of undefined constant level - assumed 'level' D:\amp\apache\htdocs\Shop\application\Runtime\Cache\Home\0e9f9964b50249c273d1dbef3ee7dd51.php 第 152 行.
NOTIC: [8] Use of undefined constant cate_name - assumed 'cate_name' D:\amp\apache\htdocs\Shop\application\Runtime\Cache\Home\0e9f9964b50249c273d1dbef3ee7dd51.php 第 152 行.
NOTIC: [8] Use of undefined constant cate_id - assumed 'cate_id' D:\amp\apache\htdocs\Shop\application\Runtime\Cache\Home\0e9f9964b50249c273d1dbef3ee7dd51.php 第 157 行.
NOTIC: [8] Use of undefined constant level - assumed 'level' D:\amp\apache\htdocs\Shop\application\Runtime\Cache\Home\0e9f9964b50249c273d1dbef3ee7dd51.php 第 157 行.
NOTIC: [8] Use of undefined constant cate_id - assumed 'cate_id' D:\amp\apache\htdocs\Shop\application\Runtime\Cache\Home\0e9f9964b50249c273d1dbef3ee7dd51.php 第 157 行.
NOTIC: [8] Use of undefined constant level - assumed 'level' D:\amp\apache\htdocs\Shop\application\Runtime\Cache\Home\0e9f9964b50249c273d1dbef3ee7dd51.php 第 157 行.
NOTIC: [8] Use of undefined constant cate_id - assumed 'cate_id' D:\amp\apache\htdocs\Shop\application\Runtime\Cache\Home\0e9f9964b50249c273d1dbef3ee7dd51.php 第 159 行.
NOTIC: [8] Use of undefined constant level - assumed 'level' D:\amp\apache\htdocs\Shop\application\Runtime\Cache\Home\0e9f9964b50249c273d1dbef3ee7dd51.php 第 159 行.
NOTIC: [8] Use of undefined constant cate_id - assumed 'cate_id' D:\amp\apache\htdocs\Shop\application\Runtime\Cache\Home\0e9f9964b50249c273d1dbef3ee7dd51.php 第 152 行.
NOTIC: [8] Use of undefined constant level - assumed 'level' D:\amp\apache\htdocs\Shop\application\Runtime\Cache\Home\0e9f9964b50249c273d1dbef3ee7dd51.php 第 152 行.
NOTIC: [8] Use of undefined constant cate_name - assumed 'cate_name' D:\amp\apache\htdocs\Shop\application\Runtime\Cache\Home\0e9f9964b50249c273d1dbef3ee7dd51.php 第 152 行.
NOTIC: [8] Use of undefined constant cate_id - assumed 'cate_id' D:\amp\apache\htdocs\Shop\application\Runtime\Cache\Home\0e9f9964b50249c273d1dbef3ee7dd51.php 第 157 行.
NOTIC: [8] Use of undefined constant level - assumed 'level' D:\amp\apache\htdocs\Shop\application\Runtime\Cache\Home\0e9f9964b50249c273d1dbef3ee7dd51.php 第 157 行.
NOTIC: [8] Use of undefined constant cate_id - assumed 'cate_id' D:\amp\apache\htdocs\Shop\application\Runtime\Cache\Home\0e9f9964b50249c273d1dbef3ee7dd51.php 第 159 行.
NOTIC: [8] Use of undefined constant level - assumed 'level' D:\amp\apache\htdocs\Shop\application\Runtime\Cache\Home\0e9f9964b50249c273d1dbef3ee7dd51.php 第 159 行.
NOTIC: [8] Use of undefined constant cate_id - assumed 'cate_id' D:\amp\apache\htdocs\Shop\application\Runtime\Cache\Home\0e9f9964b50249c273d1dbef3ee7dd51.php 第 159 行.
NOTIC: [8] Use of undefined constant level - assumed 'level' D:\amp\apache\htdocs\Shop\application\Runtime\Cache\Home\0e9f9964b50249c273d1dbef3ee7dd51.php 第 159 行.
NOTIC: [8] Use of undefined constant cate_id - assumed 'cate_id' D:\amp\apache\htdocs\Shop\application\Runtime\Cache\Home\0e9f9964b50249c273d1dbef3ee7dd51.php 第 157 行.
NOTIC: [8] Use of undefined constant level - assumed 'level' D:\amp\apache\htdocs\Shop\application\Runtime\Cache\Home\0e9f9964b50249c273d1dbef3ee7dd51.php 第 157 行.
NOTIC: [8] Use of undefined constant cate_id - assumed 'cate_id' D:\amp\apache\htdocs\Shop\application\Runtime\Cache\Home\0e9f9964b50249c273d1dbef3ee7dd51.php 第 159 行.
NOTIC: [8] Use of undefined constant level - assumed 'level' D:\amp\apache\htdocs\Shop\application\Runtime\Cache\Home\0e9f9964b50249c273d1dbef3ee7dd51.php 第 159 行.
NOTIC: [8] Use of undefined constant cate_id - assumed 'cate_id' D:\amp\apache\htdocs\Shop\application\Runtime\Cache\Home\0e9f9964b50249c273d1dbef3ee7dd51.php 第 152 行.
NOTIC: [8] Use of undefined constant level - assumed 'level' D:\amp\apache\htdocs\Shop\application\Runtime\Cache\Home\0e9f9964b50249c273d1dbef3ee7dd51.php 第 152 行.
NOTIC: [8] Use of undefined constant cate_name - assumed 'cate_name' D:\amp\apache\htdocs\Shop\application\Runtime\Cache\Home\0e9f9964b50249c273d1dbef3ee7dd51.php 第 152 行.
NOTIC: [8] Use of undefined constant cate_id - assumed 'cate_id' D:\amp\apache\htdocs\Shop\application\Runtime\Cache\Home\0e9f9964b50249c273d1dbef3ee7dd51.php 第 157 行.
NOTIC: [8] Use of undefined constant level - assumed 'level' D:\amp\apache\htdocs\Shop\application\Runtime\Cache\Home\0e9f9964b50249c273d1dbef3ee7dd51.php 第 157 行.
NOTIC: [8] Use of undefined constant cate_id - assumed 'cate_id' D:\amp\apache\htdocs\Shop\application\Runtime\Cache\Home\0e9f9964b50249c273d1dbef3ee7dd51.php 第 159 行.
NOTIC: [8] Use of undefined constant level - assumed 'level' D:\amp\apache\htdocs\Shop\application\Runtime\Cache\Home\0e9f9964b50249c273d1dbef3ee7dd51.php 第 159 行.
NOTIC: [8] Use of undefined constant cate_id - assumed 'cate_id' D:\amp\apache\htdocs\Shop\application\Runtime\Cache\Home\0e9f9964b50249c273d1dbef3ee7dd51.php 第 157 行.
NOTIC: [8] Use of undefined constant level - assumed 'level' D:\amp\apache\htdocs\Shop\application\Runtime\Cache\Home\0e9f9964b50249c273d1dbef3ee7dd51.php 第 157 行.
NOTIC: [8] Use of undefined constant cate_id - assumed 'cate_id' D:\amp\apache\htdocs\Shop\application\Runtime\Cache\Home\0e9f9964b50249c273d1dbef3ee7dd51.php 第 159 行.
NOTIC: [8] Use of undefined constant level - assumed 'level' D:\amp\apache\htdocs\Shop\application\Runtime\Cache\Home\0e9f9964b50249c273d1dbef3ee7dd51.php 第 159 行.
NOTIC: [8] Use of undefined constant cate_id - assumed 'cate_id' D:\amp\apache\htdocs\Shop\application\Runtime\Cache\Home\0e9f9964b50249c273d1dbef3ee7dd51.php 第 152 行.
NOTIC: [8] Use of undefined constant level - assumed 'level' D:\amp\apache\htdocs\Shop\application\Runtime\Cache\Home\0e9f9964b50249c273d1dbef3ee7dd51.php 第 152 行.
NOTIC: [8] Use of undefined constant cate_name - assumed 'cate_name' D:\amp\apache\htdocs\Shop\application\Runtime\Cache\Home\0e9f9964b50249c273d1dbef3ee7dd51.php 第 152 行.
NOTIC: [8] Use of undefined constant cate_id - assumed 'cate_id' D:\amp\apache\htdocs\Shop\application\Runtime\Cache\Home\0e9f9964b50249c273d1dbef3ee7dd51.php 第 152 行.
NOTIC: [8] Use of undefined constant level - assumed 'level' D:\amp\apache\htdocs\Shop\application\Runtime\Cache\Home\0e9f9964b50249c273d1dbef3ee7dd51.php 第 152 行.
NOTIC: [8] Use of undefined constant cate_name - assumed 'cate_name' D:\amp\apache\htdocs\Shop\application\Runtime\Cache\Home\0e9f9964b50249c273d1dbef3ee7dd51.php 第 152 行.
NOTIC: [8] Use of undefined constant cate_id - assumed 'cate_id' D:\amp\apache\htdocs\Shop\application\Runtime\Cache\Home\0e9f9964b50249c273d1dbef3ee7dd51.php 第 152 行.
NOTIC: [8] Use of undefined constant level - assumed 'level' D:\amp\apache\htdocs\Shop\application\Runtime\Cache\Home\0e9f9964b50249c273d1dbef3ee7dd51.php 第 152 行.
NOTIC: [8] Use of undefined constant cate_name - assumed 'cate_name' D:\amp\apache\htdocs\Shop\application\Runtime\Cache\Home\0e9f9964b50249c273d1dbef3ee7dd51.php 第 152 行.
NOTIC: [8] Use of undefined constant cate_id - assumed 'cate_id' D:\amp\apache\htdocs\Shop\application\Runtime\Cache\Home\0e9f9964b50249c273d1dbef3ee7dd51.php 第 152 行.
NOTIC: [8] Use of undefined constant level - assumed 'level' D:\amp\apache\htdocs\Shop\application\Runtime\Cache\Home\0e9f9964b50249c273d1dbef3ee7dd51.php 第 152 行.
NOTIC: [8] Use of undefined constant cate_name - assumed 'cate_name' D:\amp\apache\htdocs\Shop\application\Runtime\Cache\Home\0e9f9964b50249c273d1dbef3ee7dd51.php 第 152 行.
NOTIC: [8] Use of undefined constant cate_id - assumed 'cate_id' D:\amp\apache\htdocs\Shop\application\Runtime\Cache\Home\0e9f9964b50249c273d1dbef3ee7dd51.php 第 152 行.
NOTIC: [8] Use of undefined constant level - assumed 'level' D:\amp\apache\htdocs\Shop\application\Runtime\Cache\Home\0e9f9964b50249c273d1dbef3ee7dd51.php 第 152 行.
NOTIC: [8] Use of undefined constant cate_name - assumed 'cate_name' D:\amp\apache\htdocs\Shop\application\Runtime\Cache\Home\0e9f9964b50249c273d1dbef3ee7dd51.php 第 152 行.
NOTIC: [8] Use of undefined constant cate_id - assumed 'cate_id' D:\amp\apache\htdocs\Shop\application\Runtime\Cache\Home\0e9f9964b50249c273d1dbef3ee7dd51.php 第 152 行.
NOTIC: [8] Use of undefined constant level - assumed 'level' D:\amp\apache\htdocs\Shop\application\Runtime\Cache\Home\0e9f9964b50249c273d1dbef3ee7dd51.php 第 152 行.
NOTIC: [8] Use of undefined constant cate_name - assumed 'cate_name' D:\amp\apache\htdocs\Shop\application\Runtime\Cache\Home\0e9f9964b50249c273d1dbef3ee7dd51.php 第 152 行.
NOTIC: [8] Use of undefined constant cate_id - assumed 'cate_id' D:\amp\apache\htdocs\Shop\application\Runtime\Cache\Home\0e9f9964b50249c273d1dbef3ee7dd51.php 第 152 行.
NOTIC: [8] Use of undefined constant level - assumed 'level' D:\amp\apache\htdocs\Shop\application\Runtime\Cache\Home\0e9f9964b50249c273d1dbef3ee7dd51.php 第 152 行.
NOTIC: [8] Use of undefined constant cate_name - assumed 'cate_name' D:\amp\apache\htdocs\Shop\application\Runtime\Cache\Home\0e9f9964b50249c273d1dbef3ee7dd51.php 第 152 行.
NOTIC: [8] Use of undefined constant cate_id - assumed 'cate_id' D:\amp\apache\htdocs\Shop\application\Runtime\Cache\Home\0e9f9964b50249c273d1dbef3ee7dd51.php 第 152 行.
NOTIC: [8] Use of undefined constant level - assumed 'level' D:\amp\apache\htdocs\Shop\application\Runtime\Cache\Home\0e9f9964b50249c273d1dbef3ee7dd51.php 第 152 行.
NOTIC: [8] Use of undefined constant cate_name - assumed 'cate_name' D:\amp\apache\htdocs\Shop\application\Runtime\Cache\Home\0e9f9964b50249c273d1dbef3ee7dd51.php 第 152 行.
INFO: Run Behavior\ParseTemplateBehavior [ RunTime:0.280148s ]
INFO: [ view_parse ] --END-- [ RunTime:0.280205s ]
INFO: [ view_filter ] --START--
INFO: Run Behavior\WriteHtmlCacheBehavior [ RunTime:0.018382s ]
INFO: [ view_filter ] --END-- [ RunTime:0.018425s ]
INFO: [ app_end ] --START--
INFO: Run Behavior\ShowPageTraceBehavior [ RunTime:0.011556s ]
INFO: [ app_end ] --END-- [ RunTime:0.011646s ]

[ 2017-07-28T21:13:53+08:00 ] 127.0.0.1 /Home/Index/getGoodsByCateid/cate_id/42/level/0.html
INFO: [ app_init ] --START--
INFO: Run Behavior\BuildLiteBehavior [ RunTime:0.000012s ]
INFO: [ app_init ] --END-- [ RunTime:0.000316s ]
INFO: [ app_begin ] --START--
INFO: Run Behavior\ReadHtmlCacheBehavior [ RunTime:0.000621s ]
INFO: [ app_begin ] --END-- [ RunTime:0.000662s ]
SQL: SHOW COLUMNS FROM `sp_cate` [ RunTime:0.0310s ]
SQL: SELECT * FROM `sp_cate`  [ RunTime:0.0007s ]
SQL: SELECT * FROM sp_goods WHERE goods_cateid IN
            (SELECT cate_id FROM sp_cate WHERE cate_pid IN
            (SELECT cate_id FROM sp_cate WHERE cate_pid=42)
            ) [ RunTime:0.0297s ]
INFO: [ view_parse ] --START--
INFO: [ template_filter ] --START--
INFO: Run Behavior\ContentReplaceBehavior [ RunTime:0.000238s ]
INFO: [ template_filter ] --END-- [ RunTime:0.000292s ]
NOTIC: [8] Undefined index: memid D:\amp\apache\htdocs\Shop\application\Runtime\Cache\Home\53c73e4f9ee3e0b874d03b01f793e820.php 第 27 行.
NOTIC: [8] Undefined index: memid D:\amp\apache\htdocs\Shop\application\Runtime\Cache\Home\53c73e4f9ee3e0b874d03b01f793e820.php 第 36 行.
NOTIC: [8] Use of undefined constant goods_id - assumed 'goods_id' D:\amp\apache\htdocs\Shop\application\Runtime\Cache\Home\53c73e4f9ee3e0b874d03b01f793e820.php 第 118 行.
NOTIC: [8] Undefined variable: goods_info D:\amp\apache\htdocs\Shop\application\Runtime\Cache\Home\53c73e4f9ee3e0b874d03b01f793e820.php 第 118 行.
NOTIC: [8] Use of undefined constant cate_id - assumed 'cate_id' D:\amp\apache\htdocs\Shop\application\Runtime\Cache\Home\53c73e4f9ee3e0b874d03b01f793e820.php 第 152 行.
NOTIC: [8] Use of undefined constant level - assumed 'level' D:\amp\apache\htdocs\Shop\application\Runtime\Cache\Home\53c73e4f9ee3e0b874d03b01f793e820.php 第 152 行.
NOTIC: [8] Use of undefined constant cate_name - assumed 'cate_name' D:\amp\apache\htdocs\Shop\application\Runtime\Cache\Home\53c73e4f9ee3e0b874d03b01f793e820.php 第 152 行.
NOTIC: [8] Use of undefined constant cate_id - assumed 'cate_id' D:\amp\apache\htdocs\Shop\application\Runtime\Cache\Home\53c73e4f9ee3e0b874d03b01f793e820.php 第 157 行.
NOTIC: [8] Use of undefined constant level - assumed 'level' D:\amp\apache\htdocs\Shop\application\Runtime\Cache\Home\53c73e4f9ee3e0b874d03b01f793e820.php 第 157 行.
NOTIC: [8] Use of undefined constant cate_id - assumed 'cate_id' D:\amp\apache\htdocs\Shop\application\Runtime\Cache\Home\53c73e4f9ee3e0b874d03b01f793e820.php 第 157 行.
NOTIC: [8] Use of undefined constant level - assumed 'level' D:\amp\apache\htdocs\Shop\application\Runtime\Cache\Home\53c73e4f9ee3e0b874d03b01f793e820.php 第 157 行.
NOTIC: [8] Use of undefined constant cate_id - assumed 'cate_id' D:\amp\apache\htdocs\Shop\application\Runtime\Cache\Home\53c73e4f9ee3e0b874d03b01f793e820.php 第 152 行.
NOTIC: [8] Use of undefined constant level - assumed 'level' D:\amp\apache\htdocs\Shop\application\Runtime\Cache\Home\53c73e4f9ee3e0b874d03b01f793e820.php 第 152 行.
NOTIC: [8] Use of undefined constant cate_name - assumed 'cate_name' D:\amp\apache\htdocs\Shop\application\Runtime\Cache\Home\53c73e4f9ee3e0b874d03b01f793e820.php 第 152 行.
NOTIC: [8] Use of undefined constant cate_id - assumed 'cate_id' D:\amp\apache\htdocs\Shop\application\Runtime\Cache\Home\53c73e4f9ee3e0b874d03b01f793e820.php 第 157 行.
NOTIC: [8] Use of undefined constant level - assumed 'level' D:\amp\apache\htdocs\Shop\application\Runtime\Cache\Home\53c73e4f9ee3e0b874d03b01f793e820.php 第 157 行.
NOTIC: [8] Use of undefined constant cate_id - assumed 'cate_id' D:\amp\apache\htdocs\Shop\application\Runtime\Cache\Home\53c73e4f9ee3e0b874d03b01f793e820.php 第 157 行.
NOTIC: [8] Use of undefined constant level - assumed 'level' D:\amp\apache\htdocs\Shop\application\Runtime\Cache\Home\53c73e4f9ee3e0b874d03b01f793e820.php 第 157 行.
NOTIC: [8] Use of undefined constant cate_id - assumed 'cate_id' D:\amp\apache\htdocs\Shop\application\Runtime\Cache\Home\53c73e4f9ee3e0b874d03b01f793e820.php 第 159 行.
NOTIC: [8] Use of undefined constant level - assumed 'level' D:\amp\apache\htdocs\Shop\application\Runtime\Cache\Home\53c73e4f9ee3e0b874d03b01f793e820.php 第 159 行.
NOTIC: [8] Use of undefined constant cate_id - assumed 'cate_id' D:\amp\apache\htdocs\Shop\application\Runtime\Cache\Home\53c73e4f9ee3e0b874d03b01f793e820.php 第 152 行.
NOTIC: [8] Use of undefined constant level - assumed 'level' D:\amp\apache\htdocs\Shop\application\Runtime\Cache\Home\53c73e4f9ee3e0b874d03b01f793e820.php 第 152 行.
NOTIC: [8] Use of undefined constant cate_name - assumed 'cate_name' D:\amp\apache\htdocs\Shop\application\Runtime\Cache\Home\53c73e4f9ee3e0b874d03b01f793e820.php 第 152 行.
NOTIC: [8] Use of undefined constant cate_id - assumed 'cate_id' D:\amp\apache\htdocs\Shop\application\Runtime\Cache\Home\53c73e4f9ee3e0b874d03b01f793e820.php 第 157 行.
NOTIC: [8] Use of undefined constant level - assumed 'level' D:\amp\apache\htdocs\Shop\application\Runtime\Cache\Home\53c73e4f9ee3e0b874d03b01f793e820.php 第 157 行.
NOTIC: [8] Use of undefined constant cate_id - assumed 'cate_id' D:\amp\apache\htdocs\Shop\application\Runtime\Cache\Home\53c73e4f9ee3e0b874d03b01f793e820.php 第 159 行.
NOTIC: [8] Use of undefined constant level - assumed 'level' D:\amp\apache\htdocs\Shop\application\Runtime\Cache\Home\53c73e4f9ee3e0b874d03b01f793e820.php 第 159 行.
NOTIC: [8] Use of undefined constant cate_id - assumed 'cate_id' D:\amp\apache\htdocs\Shop\application\Runtime\Cache\Home\53c73e4f9ee3e0b874d03b01f793e820.php 第 159 行.
NOTIC: [8] Use of undefined constant level - assumed 'level' D:\amp\apache\htdocs\Shop\application\Runtime\Cache\Home\53c73e4f9ee3e0b874d03b01f793e820.php 第 159 行.
NOTIC: [8] Use of undefined constant cate_id - assumed 'cate_id' D:\amp\apache\htdocs\Shop\application\Runtime\Cache\Home\53c73e4f9ee3e0b874d03b01f793e820.php 第 157 行.
NOTIC: [8] Use of undefined constant level - assumed 'level' D:\amp\apache\htdocs\Shop\application\Runtime\Cache\Home\53c73e4f9ee3e0b874d03b01f793e820.php 第 157 行.
NOTIC: [8] Use of undefined constant cate_id - assumed 'cate_id' D:\amp\apache\htdocs\Shop\application\Runtime\Cache\Home\53c73e4f9ee3e0b874d03b01f793e820.php 第 159 行.
NOTIC: [8] Use of undefined constant level - assumed 'level' D:\amp\apache\htdocs\Shop\application\Runtime\Cache\Home\53c73e4f9ee3e0b874d03b01f793e820.php 第 159 行.
NOTIC: [8] Use of undefined constant cate_id - assumed 'cate_id' D:\amp\apache\htdocs\Shop\application\Runtime\Cache\Home\53c73e4f9ee3e0b874d03b01f793e820.php 第 152 行.
NOTIC: [8] Use of undefined constant level - assumed 'level' D:\amp\apache\htdocs\Shop\application\Runtime\Cache\Home\53c73e4f9ee3e0b874d03b01f793e820.php 第 152 行.
NOTIC: [8] Use of undefined constant cate_name - assumed 'cate_name' D:\amp\apache\htdocs\Shop\application\Runtime\Cache\Home\53c73e4f9ee3e0b874d03b01f793e820.php 第 152 行.
NOTIC: [8] Use of undefined constant cate_id - assumed 'cate_id' D:\amp\apache\htdocs\Shop\application\Runtime\Cache\Home\53c73e4f9ee3e0b874d03b01f793e820.php 第 157 行.
NOTIC: [8] Use of undefined constant level - assumed 'level' D:\amp\apache\htdocs\Shop\application\Runtime\Cache\Home\53c73e4f9ee3e0b874d03b01f793e820.php 第 157 行.
NOTIC: [8] Use of undefined constant cate_id - assumed 'cate_id' D:\amp\apache\htdocs\Shop\application\Runtime\Cache\Home\53c73e4f9ee3e0b874d03b01f793e820.php 第 159 行.
NOTIC: [8] Use of undefined constant level - assumed 'level' D:\amp\apache\htdocs\Shop\application\Runtime\Cache\Home\53c73e4f9ee3e0b874d03b01f793e820.php 第 159 行.
NOTIC: [8] Use of undefined constant cate_id - assumed 'cate_id' D:\amp\apache\htdocs\Shop\application\Runtime\Cache\Home\53c73e4f9ee3e0b874d03b01f793e820.php 第 157 行.
NOTIC: [8] Use of undefined constant level - assumed 'level' D:\amp\apache\htdocs\Shop\application\Runtime\Cache\Home\53c73e4f9ee3e0b874d03b01f793e820.php 第 157 行.
NOTIC: [8] Use of undefined constant cate_id - assumed 'cate_id' D:\amp\apache\htdocs\Shop\application\Runtime\Cache\Home\53c73e4f9ee3e0b874d03b01f793e820.php 第 159 行.
NOTIC: [8] Use of undefined constant level - assumed 'level' D:\amp\apache\htdocs\Shop\application\Runtime\Cache\Home\53c73e4f9ee3e0b874d03b01f793e820.php 第 159 行.
NOTIC: [8] Use of undefined constant cate_id - assumed 'cate_id' D:\amp\apache\htdocs\Shop\application\Runtime\Cache\Home\53c73e4f9ee3e0b874d03b01f793e820.php 第 152 行.
NOTIC: [8] Use of undefined constant level - assumed 'level' D:\amp\apache\htdocs\Shop\application\Runtime\Cache\Home\53c73e4f9ee3e0b874d03b01f793e820.php 第 152 行.
NOTIC: [8] Use of undefined constant cate_name - assumed 'cate_name' D:\amp\apache\htdocs\Shop\application\Runtime\Cache\Home\53c73e4f9ee3e0b874d03b01f793e820.php 第 152 行.
NOTIC: [8] Use of undefined constant cate_id - assumed 'cate_id' D:\amp\apache\htdocs\Shop\application\Runtime\Cache\Home\53c73e4f9ee3e0b874d03b01f793e820.php 第 152 行.
NOTIC: [8] Use of undefined constant level - assumed 'level' D:\amp\apache\htdocs\Shop\application\Runtime\Cache\Home\53c73e4f9ee3e0b874d03b01f793e820.php 第 152 行.
NOTIC: [8] Use of undefined constant cate_name - assumed 'cate_name' D:\amp\apache\htdocs\Shop\application\Runtime\Cache\Home\53c73e4f9ee3e0b874d03b01f793e820.php 第 152 行.
NOTIC: [8] Use of undefined constant cate_id - assumed 'cate_id' D:\amp\apache\htdocs\Shop\application\Runtime\Cache\Home\53c73e4f9ee3e0b874d03b01f793e820.php 第 152 行.
NOTIC: [8] Use of undefined constant level - assumed 'level' D:\amp\apache\htdocs\Shop\application\Runtime\Cache\Home\53c73e4f9ee3e0b874d03b01f793e820.php 第 152 行.
NOTIC: [8] Use of undefined constant cate_name - assumed 'cate_name' D:\amp\apache\htdocs\Shop\application\Runtime\Cache\Home\53c73e4f9ee3e0b874d03b01f793e820.php 第 152 行.
NOTIC: [8] Use of undefined constant cate_id - assumed 'cate_id' D:\amp\apache\htdocs\Shop\application\Runtime\Cache\Home\53c73e4f9ee3e0b874d03b01f793e820.php 第 152 行.
NOTIC: [8] Use of undefined constant level - assumed 'level' D:\amp\apache\htdocs\Shop\application\Runtime\Cache\Home\53c73e4f9ee3e0b874d03b01f793e820.php 第 152 行.
NOTIC: [8] Use of undefined constant cate_name - assumed 'cate_name' D:\amp\apache\htdocs\Shop\application\Runtime\Cache\Home\53c73e4f9ee3e0b874d03b01f793e820.php 第 152 行.
NOTIC: [8] Use of undefined constant cate_id - assumed 'cate_id' D:\amp\apache\htdocs\Shop\application\Runtime\Cache\Home\53c73e4f9ee3e0b874d03b01f793e820.php 第 152 行.
NOTIC: [8] Use of undefined constant level - assumed 'level' D:\amp\apache\htdocs\Shop\application\Runtime\Cache\Home\53c73e4f9ee3e0b874d03b01f793e820.php 第 152 行.
NOTIC: [8] Use of undefined constant cate_name - assumed 'cate_name' D:\amp\apache\htdocs\Shop\application\Runtime\Cache\Home\53c73e4f9ee3e0b874d03b01f793e820.php 第 152 行.
NOTIC: [8] Use of undefined constant cate_id - assumed 'cate_id' D:\amp\apache\htdocs\Shop\application\Runtime\Cache\Home\53c73e4f9ee3e0b874d03b01f793e820.php 第 152 行.
NOTIC: [8] Use of undefined constant level - assumed 'level' D:\amp\apache\htdocs\Shop\application\Runtime\Cache\Home\53c73e4f9ee3e0b874d03b01f793e820.php 第 152 行.
NOTIC: [8] Use of undefined constant cate_name - assumed 'cate_name' D:\amp\apache\htdocs\Shop\application\Runtime\Cache\Home\53c73e4f9ee3e0b874d03b01f793e820.php 第 152 行.
NOTIC: [8] Use of undefined constant cate_id - assumed 'cate_id' D:\amp\apache\htdocs\Shop\application\Runtime\Cache\Home\53c73e4f9ee3e0b874d03b01f793e820.php 第 152 行.
NOTIC: [8] Use of undefined constant level - assumed 'level' D:\amp\apache\htdocs\Shop\application\Runtime\Cache\Home\53c73e4f9ee3e0b874d03b01f793e820.php 第 152 行.
NOTIC: [8] Use of undefined constant cate_name - assumed 'cate_name' D:\amp\apache\htdocs\Shop\application\Runtime\Cache\Home\53c73e4f9ee3e0b874d03b01f793e820.php 第 152 行.
NOTIC: [8] Use of undefined constant cate_id - assumed 'cate_id' D:\amp\apache\htdocs\Shop\application\Runtime\Cache\Home\53c73e4f9ee3e0b874d03b01f793e820.php 第 152 行.
NOTIC: [8] Use of undefined constant level - assumed 'level' D:\amp\apache\htdocs\Shop\application\Runtime\Cache\Home\53c73e4f9ee3e0b874d03b01f793e820.php 第 152 行.
NOTIC: [8] Use of undefined constant cate_name - assumed 'cate_name' D:\amp\apache\htdocs\Shop\application\Runtime\Cache\Home\53c73e4f9ee3e0b874d03b01f793e820.php 第 152 行.
NOTIC: [8] Use of undefined constant goods_id - assumed 'goods_id' D:\amp\apache\htdocs\Shop\application\Runtime\Cache\Home\53c73e4f9ee3e0b874d03b01f793e820.php 第 460 行.
NOTIC: [8] Use of undefined constant goods_id - assumed 'goods_id' D:\amp\apache\htdocs\Shop\application\Runtime\Cache\Home\53c73e4f9ee3e0b874d03b01f793e820.php 第 461 行.
NOTIC: [8] Use of undefined constant goods_id - assumed 'goods_id' D:\amp\apache\htdocs\Shop\application\Runtime\Cache\Home\53c73e4f9ee3e0b874d03b01f793e820.php 第 460 行.
NOTIC: [8] Use of undefined constant goods_id - assumed 'goods_id' D:\amp\apache\htdocs\Shop\application\Runtime\Cache\Home\53c73e4f9ee3e0b874d03b01f793e820.php 第 461 行.
NOTIC: [8] Use of undefined constant goods_id - assumed 'goods_id' D:\amp\apache\htdocs\Shop\application\Runtime\Cache\Home\53c73e4f9ee3e0b874d03b01f793e820.php 第 460 行.
NOTIC: [8] Use of undefined constant goods_id - assumed 'goods_id' D:\amp\apache\htdocs\Shop\application\Runtime\Cache\Home\53c73e4f9ee3e0b874d03b01f793e820.php 第 461 行.
NOTIC: [8] Use of undefined constant goods_id - assumed 'goods_id' D:\amp\apache\htdocs\Shop\application\Runtime\Cache\Home\53c73e4f9ee3e0b874d03b01f793e820.php 第 460 行.
NOTIC: [8] Use of undefined constant goods_id - assumed 'goods_id' D:\amp\apache\htdocs\Shop\application\Runtime\Cache\Home\53c73e4f9ee3e0b874d03b01f793e820.php 第 461 行.
INFO: Run Behavior\ParseTemplateBehavior [ RunTime:0.089764s ]
INFO: [ view_parse ] --END-- [ RunTime:0.089906s ]
INFO: [ view_filter ] --START--
INFO: Run Behavior\WriteHtmlCacheBehavior [ RunTime:0.000438s ]
INFO: [ view_filter ] --END-- [ RunTime:0.000485s ]
INFO: [ app_end ] --START--
INFO: Run Behavior\ShowPageTraceBehavior [ RunTime:0.000886s ]
INFO: [ app_end ] --END-- [ RunTime:0.000939s ]

