[ 2017-08-28T09:48:10+08:00 ] 127.0.0.1 /Admin/Main/left
INFO: [ app_init ] --START--
INFO: Run Behavior\BuildLiteBehavior [ RunTime:0.000009s ]
INFO: [ app_init ] --END-- [ RunTime:0.000225s ]
INFO: [ app_begin ] --START--
INFO: Run Behavior\ReadHtmlCacheBehavior [ RunTime:0.000315s ]
INFO: [ app_begin ] --END-- [ RunTime:0.000356s ]
INFO: [ view_parse ] --START--
INFO: [ template_filter ] --START--
INFO: Run Behavior\ContentReplaceBehavior [ RunTime:0.009723s ]
INFO: [ template_filter ] --END-- [ RunTime:0.009788s ]
INFO: Run Behavior\ParseTemplateBehavior [ RunTime:0.037795s ]
INFO: [ view_parse ] --END-- [ RunTime:0.037841s ]
INFO: [ view_filter ] --START--
INFO: Run Behavior\WriteHtmlCacheBehavior [ RunTime:0.000191s ]
INFO: [ view_filter ] --END-- [ RunTime:0.000225s ]

[ 2017-08-28T09:48:14+08:00 ] 127.0.0.1 /Admin/Index/login.html
INFO: [ app_init ] --START--
INFO: Run Behavior\BuildLiteBehavior [ RunTime:0.000010s ]
INFO: [ app_init ] --END-- [ RunTime:0.000301s ]
INFO: [ app_begin ] --START--
INFO: Run Behavior\ReadHtmlCacheBehavior [ RunTime:0.000422s ]
INFO: [ app_begin ] --END-- [ RunTime:0.000457s ]
INFO: [ view_parse ] --START--
INFO: [ template_filter ] --START--
INFO: Run Behavior\ContentReplaceBehavior [ RunTime:0.000070s ]
INFO: [ template_filter ] --END-- [ RunTime:0.000114s ]
INFO: Run Behavior\ParseTemplateBehavior [ RunTime:0.070665s ]
INFO: [ view_parse ] --END-- [ RunTime:0.070713s ]
INFO: [ view_filter ] --START--
INFO: Run Behavior\WriteHtmlCacheBehavior [ RunTime:0.000152s ]
INFO: [ view_filter ] --END-- [ RunTime:0.000179s ]
INFO: [ app_end ] --START--
INFO: Run Behavior\ShowPageTraceBehavior [ RunTime:0.000327s ]
INFO: [ app_end ] --END-- [ RunTime:0.000357s ]

[ 2017-08-28T09:48:14+08:00 ] 127.0.0.1 /Admin/Index/login.html
INFO: [ app_init ] --START--
INFO: Run Behavior\BuildLiteBehavior [ RunTime:0.000014s ]
INFO: [ app_init ] --END-- [ RunTime:0.000305s ]
INFO: [ app_begin ] --START--
INFO: Run Behavior\ReadHtmlCacheBehavior [ RunTime:0.000544s ]
INFO: [ app_begin ] --END-- [ RunTime:0.000597s ]
INFO: [ view_parse ] --START--
INFO: [ template_filter ] --START--
INFO: Run Behavior\ContentReplaceBehavior [ RunTime:0.000052s ]
INFO: [ template_filter ] --END-- [ RunTime:0.000093s ]
INFO: Run Behavior\ParseTemplateBehavior [ RunTime:0.007481s ]
INFO: [ view_parse ] --END-- [ RunTime:0.007524s ]
INFO: [ view_filter ] --START--
INFO: Run Behavior\WriteHtmlCacheBehavior [ RunTime:0.000208s ]
INFO: [ view_filter ] --END-- [ RunTime:0.000235s ]
INFO: [ app_end ] --START--
INFO: Run Behavior\ShowPageTraceBehavior [ RunTime:0.000347s ]
INFO: [ app_end ] --END-- [ RunTime:0.000376s ]

[ 2017-08-28T09:48:14+08:00 ] 127.0.0.1 /Admin/Index/verify.html
INFO: [ app_init ] --START--
INFO: Run Behavior\BuildLiteBehavior [ RunTime:0.000009s ]
INFO: [ app_init ] --END-- [ RunTime:0.000256s ]
INFO: [ app_begin ] --START--
INFO: Run Behavior\ReadHtmlCacheBehavior [ RunTime:0.000598s ]
INFO: [ app_begin ] --END-- [ RunTime:0.000651s ]
INFO: [ app_end ] --START--
INFO: Run Behavior\ShowPageTraceBehavior [ RunTime:0.001528s ]
INFO: [ app_end ] --END-- [ RunTime:0.001690s ]

[ 2017-08-28T09:48:23+08:00 ] 127.0.0.1 /Admin/Index/login.html
INFO: [ app_init ] --START--
INFO: Run Behavior\BuildLiteBehavior [ RunTime:0.000030s ]
INFO: [ app_init ] --END-- [ RunTime:0.000342s ]
INFO: [ app_begin ] --START--
INFO: Run Behavior\ReadHtmlCacheBehavior [ RunTime:0.000651s ]
INFO: [ app_begin ] --END-- [ RunTime:0.000723s ]
SQL: SELECT * FROM `sp_manager` WHERE ( manager_name='admin' ) LIMIT 1   [ RunTime:0.0005s ]
SQL: UPDATE `sp_manager` SET `manager_login`='1503884903' WHERE `manager_id` = '1' [ RunTime:0.0643s ]
INFO: [ view_parse ] --START--
INFO: [ template_filter ] --START--
INFO: Run Behavior\ContentReplaceBehavior [ RunTime:0.000044s ]
INFO: [ template_filter ] --END-- [ RunTime:0.000081s ]
INFO: Run Behavior\ParseTemplateBehavior [ RunTime:0.005641s ]
INFO: [ view_parse ] --END-- [ RunTime:0.005683s ]
INFO: [ view_filter ] --START--
INFO: Run Behavior\WriteHtmlCacheBehavior [ RunTime:0.000256s ]
INFO: [ view_filter ] --END-- [ RunTime:0.000285s ]
INFO: [ app_end ] --START--
INFO: Run Behavior\ShowPageTraceBehavior [ RunTime:0.000311s ]
INFO: [ app_end ] --END-- [ RunTime:0.000341s ]

[ 2017-08-28T09:48:25+08:00 ] 127.0.0.1 /Admin/Main/index.html
INFO: [ app_init ] --START--
INFO: Run Behavior\BuildLiteBehavior [ RunTime:0.000029s ]
INFO: [ app_init ] --END-- [ RunTime:0.000623s ]
INFO: [ app_begin ] --START--
INFO: Run Behavior\ReadHtmlCacheBehavior [ RunTime:0.000481s ]
INFO: [ app_begin ] --END-- [ RunTime:0.000519s ]
INFO: [ view_parse ] --START--
INFO: [ template_filter ] --START--
INFO: Run Behavior\ContentReplaceBehavior [ RunTime:0.000039s ]
INFO: [ template_filter ] --END-- [ RunTime:0.000080s ]
INFO: Run Behavior\ParseTemplateBehavior [ RunTime:0.146983s ]
INFO: [ view_parse ] --END-- [ RunTime:0.147040s ]
INFO: [ view_filter ] --START--
INFO: Run Behavior\WriteHtmlCacheBehavior [ RunTime:0.000263s ]
INFO: [ view_filter ] --END-- [ RunTime:0.000291s ]
INFO: [ app_end ] --START--
INFO: Run Behavior\ShowPageTraceBehavior [ RunTime:0.000371s ]
INFO: [ app_end ] --END-- [ RunTime:0.000399s ]

[ 2017-08-28T09:48:25+08:00 ] 127.0.0.1 /Admin/Main/top.html
INFO: [ app_init ] --START--
INFO: Run Behavior\BuildLiteBehavior [ RunTime:0.000025s ]
INFO: [ app_init ] --END-- [ RunTime:0.000320s ]
INFO: [ app_begin ] --START--
INFO: Run Behavior\ReadHtmlCacheBehavior [ RunTime:0.000362s ]
INFO: [ app_begin ] --END-- [ RunTime:0.000425s ]
INFO: [ view_parse ] --START--
INFO: [ template_filter ] --START--
INFO: Run Behavior\ContentReplaceBehavior [ RunTime:0.000047s ]
INFO: [ template_filter ] --END-- [ RunTime:0.000088s ]
INFO: Run Behavior\ParseTemplateBehavior [ RunTime:0.051261s ]
INFO: [ view_parse ] --END-- [ RunTime:0.051307s ]
INFO: [ view_filter ] --START--
INFO: Run Behavior\WriteHtmlCacheBehavior [ RunTime:0.000316s ]
INFO: [ view_filter ] --END-- [ RunTime:0.000347s ]
INFO: [ app_end ] --START--
INFO: Run Behavior\ShowPageTraceBehavior [ RunTime:0.000325s ]
INFO: [ app_end ] --END-- [ RunTime:0.000356s ]

[ 2017-08-28T09:48:26+08:00 ] 127.0.0.1 /Admin/Main/left.html
INFO: [ app_init ] --START--
INFO: Run Behavior\BuildLiteBehavior [ RunTime:0.000020s ]
INFO: [ app_init ] --END-- [ RunTime:0.000405s ]
INFO: [ app_begin ] --START--
INFO: Run Behavior\ReadHtmlCacheBehavior [ RunTime:0.000326s ]
INFO: [ app_begin ] --END-- [ RunTime:0.000364s ]
SQL: SHOW COLUMNS FROM `sp_role` [ RunTime:0.0181s ]
SQL: SHOW COLUMNS FROM `sp_auth` [ RunTime:0.0140s ]
SQL: SELECT * FROM `sp_auth` WHERE ( auth_pid=0 and auth_show=1 )  [ RunTime:0.1069s ]
SQL: SELECT * FROM `sp_auth` WHERE ( auth_pid!=0 and auth_show=1 )  [ RunTime:0.0003s ]
INFO: [ view_parse ] --START--
INFO: [ template_filter ] --START--
INFO: Run Behavior\ContentReplaceBehavior [ RunTime:0.000044s ]
INFO: [ template_filter ] --END-- [ RunTime:0.000090s ]
NOTIC: [8] Use of undefined constant auth_c - assumed 'auth_c' D:\amp\apache\htdocs\Shop\application\Runtime\Cache\Admin\8886c883f26679820c2d578a40e6f967.php 第 39 行.
NOTIC: [8] Use of undefined constant auth_a - assumed 'auth_a' D:\amp\apache\htdocs\Shop\application\Runtime\Cache\Admin\8886c883f26679820c2d578a40e6f967.php 第 39 行.
NOTIC: [8] Use of undefined constant auth_c - assumed 'auth_c' D:\amp\apache\htdocs\Shop\application\Runtime\Cache\Admin\8886c883f26679820c2d578a40e6f967.php 第 39 行.
NOTIC: [8] Use of undefined constant auth_a - assumed 'auth_a' D:\amp\apache\htdocs\Shop\application\Runtime\Cache\Admin\8886c883f26679820c2d578a40e6f967.php 第 39 行.
NOTIC: [8] Use of undefined constant auth_c - assumed 'auth_c' D:\amp\apache\htdocs\Shop\application\Runtime\Cache\Admin\8886c883f26679820c2d578a40e6f967.php 第 39 行.
NOTIC: [8] Use of undefined constant auth_a - assumed 'auth_a' D:\amp\apache\htdocs\Shop\application\Runtime\Cache\Admin\8886c883f26679820c2d578a40e6f967.php 第 39 行.
NOTIC: [8] Use of undefined constant auth_c - assumed 'auth_c' D:\amp\apache\htdocs\Shop\application\Runtime\Cache\Admin\8886c883f26679820c2d578a40e6f967.php 第 39 行.
NOTIC: [8] Use of undefined constant auth_a - assumed 'auth_a' D:\amp\apache\htdocs\Shop\application\Runtime\Cache\Admin\8886c883f26679820c2d578a40e6f967.php 第 39 行.
NOTIC: [8] Use of undefined constant auth_c - assumed 'auth_c' D:\amp\apache\htdocs\Shop\application\Runtime\Cache\Admin\8886c883f26679820c2d578a40e6f967.php 第 39 行.
NOTIC: [8] Use of undefined constant auth_a - assumed 'auth_a' D:\amp\apache\htdocs\Shop\application\Runtime\Cache\Admin\8886c883f26679820c2d578a40e6f967.php 第 39 行.
NOTIC: [8] Use of undefined constant auth_c - assumed 'auth_c' D:\amp\apache\htdocs\Shop\application\Runtime\Cache\Admin\8886c883f26679820c2d578a40e6f967.php 第 39 行.
NOTIC: [8] Use of undefined constant auth_a - assumed 'auth_a' D:\amp\apache\htdocs\Shop\application\Runtime\Cache\Admin\8886c883f26679820c2d578a40e6f967.php 第 39 行.
NOTIC: [8] Use of undefined constant auth_c - assumed 'auth_c' D:\amp\apache\htdocs\Shop\application\Runtime\Cache\Admin\8886c883f26679820c2d578a40e6f967.php 第 39 行.
NOTIC: [8] Use of undefined constant auth_a - assumed 'auth_a' D:\amp\apache\htdocs\Shop\application\Runtime\Cache\Admin\8886c883f26679820c2d578a40e6f967.php 第 39 行.
NOTIC: [8] Use of undefined constant auth_c - assumed 'auth_c' D:\amp\apache\htdocs\Shop\application\Runtime\Cache\Admin\8886c883f26679820c2d578a40e6f967.php 第 39 行.
NOTIC: [8] Use of undefined constant auth_a - assumed 'auth_a' D:\amp\apache\htdocs\Shop\application\Runtime\Cache\Admin\8886c883f26679820c2d578a40e6f967.php 第 39 行.
NOTIC: [8] Use of undefined constant auth_c - assumed 'auth_c' D:\amp\apache\htdocs\Shop\application\Runtime\Cache\Admin\8886c883f26679820c2d578a40e6f967.php 第 39 行.
NOTIC: [8] Use of undefined constant auth_a - assumed 'auth_a' D:\amp\apache\htdocs\Shop\application\Runtime\Cache\Admin\8886c883f26679820c2d578a40e6f967.php 第 39 行.
NOTIC: [8] Use of undefined constant auth_c - assumed 'auth_c' D:\amp\apache\htdocs\Shop\application\Runtime\Cache\Admin\8886c883f26679820c2d578a40e6f967.php 第 39 行.
NOTIC: [8] Use of undefined constant auth_a - assumed 'auth_a' D:\amp\apache\htdocs\Shop\application\Runtime\Cache\Admin\8886c883f26679820c2d578a40e6f967.php 第 39 行.
NOTIC: [8] Use of undefined constant auth_c - assumed 'auth_c' D:\amp\apache\htdocs\Shop\application\Runtime\Cache\Admin\8886c883f26679820c2d578a40e6f967.php 第 39 行.
NOTIC: [8] Use of undefined constant auth_a - assumed 'auth_a' D:\amp\apache\htdocs\Shop\application\Runtime\Cache\Admin\8886c883f26679820c2d578a40e6f967.php 第 39 行.
INFO: Run Behavior\ParseTemplateBehavior [ RunTime:0.066285s ]
INFO: [ view_parse ] --END-- [ RunTime:0.066351s ]
INFO: [ view_filter ] --START--
INFO: Run Behavior\WriteHtmlCacheBehavior [ RunTime:0.000202s ]
INFO: [ view_filter ] --END-- [ RunTime:0.000231s ]
INFO: [ app_end ] --START--
INFO: Run Behavior\ShowPageTraceBehavior [ RunTime:0.000325s ]
INFO: [ app_end ] --END-- [ RunTime:0.000354s ]

[ 2017-08-28T09:48:27+08:00 ] 127.0.0.1 /Admin/Main/main.html
INFO: [ app_init ] --START--
INFO: Run Behavior\BuildLiteBehavior [ RunTime:0.000010s ]
INFO: [ app_init ] --END-- [ RunTime:0.000264s ]
INFO: [ app_begin ] --START--
INFO: Run Behavior\ReadHtmlCacheBehavior [ RunTime:0.000414s ]
INFO: [ app_begin ] --END-- [ RunTime:0.000455s ]
SQL: SELECT * FROM `sp_manager` WHERE `manager_id` = '1' LIMIT 1   [ RunTime:0.0009s ]
INFO: [ view_parse ] --START--
INFO: [ template_filter ] --START--
INFO: Run Behavior\ContentReplaceBehavior [ RunTime:0.000047s ]
INFO: [ template_filter ] --END-- [ RunTime:0.000096s ]
INFO: Run Behavior\ParseTemplateBehavior [ RunTime:0.131624s ]
INFO: [ view_parse ] --END-- [ RunTime:0.131700s ]
INFO: [ view_filter ] --START--
INFO: Run Behavior\WriteHtmlCacheBehavior [ RunTime:0.000258s ]
INFO: [ view_filter ] --END-- [ RunTime:0.000285s ]
INFO: [ app_end ] --START--
INFO: Run Behavior\ShowPageTraceBehavior [ RunTime:0.000410s ]
INFO: [ app_end ] --END-- [ RunTime:0.000458s ]

[ 2017-08-28T09:48:33+08:00 ] 127.0.0.1 /Admin/Main/left
INFO: [ app_init ] --START--
INFO: Run Behavior\BuildLiteBehavior [ RunTime:0.000049s ]
INFO: [ app_init ] --END-- [ RunTime:0.000730s ]
INFO: [ app_begin ] --START--
INFO: Run Behavior\ReadHtmlCacheBehavior [ RunTime:0.000525s ]
INFO: [ app_begin ] --END-- [ RunTime:0.000628s ]
SQL: SHOW COLUMNS FROM `sp_role` [ RunTime:0.0132s ]
SQL: SHOW COLUMNS FROM `sp_auth` [ RunTime:0.0070s ]
SQL: SELECT * FROM `sp_auth` WHERE ( auth_pid=0 and auth_show=1 )  [ RunTime:0.0003s ]
SQL: SELECT * FROM `sp_auth` WHERE ( auth_pid!=0 and auth_show=1 )  [ RunTime:0.0004s ]
INFO: [ view_parse ] --START--
INFO: [ template_filter ] --START--
INFO: Run Behavior\ContentReplaceBehavior [ RunTime:0.000062s ]
INFO: [ template_filter ] --END-- [ RunTime:0.000114s ]
NOTIC: [8] Use of undefined constant auth_c - assumed 'auth_c' D:\amp\apache\htdocs\Shop\application\Runtime\Cache\Admin\8886c883f26679820c2d578a40e6f967.php 第 39 行.
NOTIC: [8] Use of undefined constant auth_a - assumed 'auth_a' D:\amp\apache\htdocs\Shop\application\Runtime\Cache\Admin\8886c883f26679820c2d578a40e6f967.php 第 39 行.
NOTIC: [8] Use of undefined constant auth_c - assumed 'auth_c' D:\amp\apache\htdocs\Shop\application\Runtime\Cache\Admin\8886c883f26679820c2d578a40e6f967.php 第 39 行.
NOTIC: [8] Use of undefined constant auth_a - assumed 'auth_a' D:\amp\apache\htdocs\Shop\application\Runtime\Cache\Admin\8886c883f26679820c2d578a40e6f967.php 第 39 行.
NOTIC: [8] Use of undefined constant auth_c - assumed 'auth_c' D:\amp\apache\htdocs\Shop\application\Runtime\Cache\Admin\8886c883f26679820c2d578a40e6f967.php 第 39 行.
NOTIC: [8] Use of undefined constant auth_a - assumed 'auth_a' D:\amp\apache\htdocs\Shop\application\Runtime\Cache\Admin\8886c883f26679820c2d578a40e6f967.php 第 39 行.
NOTIC: [8] Use of undefined constant auth_c - assumed 'auth_c' D:\amp\apache\htdocs\Shop\application\Runtime\Cache\Admin\8886c883f26679820c2d578a40e6f967.php 第 39 行.
NOTIC: [8] Use of undefined constant auth_a - assumed 'auth_a' D:\amp\apache\htdocs\Shop\application\Runtime\Cache\Admin\8886c883f26679820c2d578a40e6f967.php 第 39 行.
NOTIC: [8] Use of undefined constant auth_c - assumed 'auth_c' D:\amp\apache\htdocs\Shop\application\Runtime\Cache\Admin\8886c883f26679820c2d578a40e6f967.php 第 39 行.
NOTIC: [8] Use of undefined constant auth_a - assumed 'auth_a' D:\amp\apache\htdocs\Shop\application\Runtime\Cache\Admin\8886c883f26679820c2d578a40e6f967.php 第 39 行.
NOTIC: [8] Use of undefined constant auth_c - assumed 'auth_c' D:\amp\apache\htdocs\Shop\application\Runtime\Cache\Admin\8886c883f26679820c2d578a40e6f967.php 第 39 行.
NOTIC: [8] Use of undefined constant auth_a - assumed 'auth_a' D:\amp\apache\htdocs\Shop\application\Runtime\Cache\Admin\8886c883f26679820c2d578a40e6f967.php 第 39 行.
NOTIC: [8] Use of undefined constant auth_c - assumed 'auth_c' D:\amp\apache\htdocs\Shop\application\Runtime\Cache\Admin\8886c883f26679820c2d578a40e6f967.php 第 39 行.
NOTIC: [8] Use of undefined constant auth_a - assumed 'auth_a' D:\amp\apache\htdocs\Shop\application\Runtime\Cache\Admin\8886c883f26679820c2d578a40e6f967.php 第 39 行.
NOTIC: [8] Use of undefined constant auth_c - assumed 'auth_c' D:\amp\apache\htdocs\Shop\application\Runtime\Cache\Admin\8886c883f26679820c2d578a40e6f967.php 第 39 行.
NOTIC: [8] Use of undefined constant auth_a - assumed 'auth_a' D:\amp\apache\htdocs\Shop\application\Runtime\Cache\Admin\8886c883f26679820c2d578a40e6f967.php 第 39 行.
NOTIC: [8] Use of undefined constant auth_c - assumed 'auth_c' D:\amp\apache\htdocs\Shop\application\Runtime\Cache\Admin\8886c883f26679820c2d578a40e6f967.php 第 39 行.
NOTIC: [8] Use of undefined constant auth_a - assumed 'auth_a' D:\amp\apache\htdocs\Shop\application\Runtime\Cache\Admin\8886c883f26679820c2d578a40e6f967.php 第 39 行.
NOTIC: [8] Use of undefined constant auth_c - assumed 'auth_c' D:\amp\apache\htdocs\Shop\application\Runtime\Cache\Admin\8886c883f26679820c2d578a40e6f967.php 第 39 行.
NOTIC: [8] Use of undefined constant auth_a - assumed 'auth_a' D:\amp\apache\htdocs\Shop\application\Runtime\Cache\Admin\8886c883f26679820c2d578a40e6f967.php 第 39 行.
NOTIC: [8] Use of undefined constant auth_c - assumed 'auth_c' D:\amp\apache\htdocs\Shop\application\Runtime\Cache\Admin\8886c883f26679820c2d578a40e6f967.php 第 39 行.
NOTIC: [8] Use of undefined constant auth_a - assumed 'auth_a' D:\amp\apache\htdocs\Shop\application\Runtime\Cache\Admin\8886c883f26679820c2d578a40e6f967.php 第 39 行.
INFO: Run Behavior\ParseTemplateBehavior [ RunTime:0.006582s ]
INFO: [ view_parse ] --END-- [ RunTime:0.006631s ]
INFO: [ view_filter ] --START--
INFO: Run Behavior\WriteHtmlCacheBehavior [ RunTime:0.000148s ]
INFO: [ view_filter ] --END-- [ RunTime:0.000174s ]
INFO: [ app_end ] --START--
INFO: Run Behavior\ShowPageTraceBehavior [ RunTime:0.000289s ]
INFO: [ app_end ] --END-- [ RunTime:0.000315s ]

[ 2017-08-28T09:48:38+08:00 ] 127.0.0.1 /Admin/Auth/authList.html
INFO: [ app_init ] --START--
INFO: Run Behavior\BuildLiteBehavior [ RunTime:0.000012s ]
INFO: [ app_init ] --END-- [ RunTime:0.000275s ]
INFO: [ app_begin ] --START--
INFO: Run Behavior\ReadHtmlCacheBehavior [ RunTime:0.000352s ]
INFO: [ app_begin ] --END-- [ RunTime:0.000403s ]
SQL: SHOW COLUMNS FROM `sp_auth` [ RunTime:0.0168s ]
SQL: SELECT * FROM `sp_auth`  [ RunTime:0.0006s ]
INFO: [ view_parse ] --START--
INFO: [ template_filter ] --START--
INFO: Run Behavior\ContentReplaceBehavior [ RunTime:0.000169s ]
INFO: [ template_filter ] --END-- [ RunTime:0.000371s ]
INFO: Run Behavior\ParseTemplateBehavior [ RunTime:0.151860s ]
INFO: [ view_parse ] --END-- [ RunTime:0.151922s ]
INFO: [ view_filter ] --START--
INFO: Run Behavior\WriteHtmlCacheBehavior [ RunTime:0.000161s ]
INFO: [ view_filter ] --END-- [ RunTime:0.000187s ]
INFO: [ app_end ] --START--
INFO: Run Behavior\ShowPageTraceBehavior [ RunTime:0.000589s ]
INFO: [ app_end ] --END-- [ RunTime:0.000636s ]

[ 2017-08-28T09:48:46+08:00 ] 127.0.0.1 /Admin/Auth/addAuth.html
INFO: [ app_init ] --START--
INFO: Run Behavior\BuildLiteBehavior [ RunTime:0.000082s ]
INFO: [ app_init ] --END-- [ RunTime:0.000669s ]
INFO: [ app_begin ] --START--
INFO: Run Behavior\ReadHtmlCacheBehavior [ RunTime:0.000634s ]
INFO: [ app_begin ] --END-- [ RunTime:0.000702s ]
SQL: SHOW COLUMNS FROM `sp_auth` [ RunTime:0.0173s ]
SQL: SELECT * FROM `sp_auth` WHERE ( auth_pid=0 )  [ RunTime:0.0005s ]
INFO: [ view_parse ] --START--
INFO: [ template_filter ] --START--
INFO: Run Behavior\ContentReplaceBehavior [ RunTime:0.000230s ]
INFO: [ template_filter ] --END-- [ RunTime:0.000405s ]
INFO: Run Behavior\ParseTemplateBehavior [ RunTime:0.149946s ]
INFO: [ view_parse ] --END-- [ RunTime:0.150012s ]
INFO: [ view_filter ] --START--
INFO: Run Behavior\WriteHtmlCacheBehavior [ RunTime:0.000151s ]
INFO: [ view_filter ] --END-- [ RunTime:0.000179s ]
INFO: [ app_end ] --START--
INFO: Run Behavior\ShowPageTraceBehavior [ RunTime:0.000414s ]
INFO: [ app_end ] --END-- [ RunTime:0.000442s ]

[ 2017-08-28T09:48:52+08:00 ] 127.0.0.1 /Admin/Role/roleList.html
INFO: [ app_init ] --START--
INFO: Run Behavior\BuildLiteBehavior [ RunTime:0.000011s ]
INFO: [ app_init ] --END-- [ RunTime:0.000286s ]
INFO: [ app_begin ] --START--
INFO: Run Behavior\ReadHtmlCacheBehavior [ RunTime:0.000642s ]
INFO: [ app_begin ] --END-- [ RunTime:0.000707s ]
SQL: SHOW COLUMNS FROM `sp_role` [ RunTime:0.0122s ]
SQL: SELECT * FROM `sp_role`  [ RunTime:0.0004s ]
INFO: [ view_parse ] --START--
INFO: [ template_filter ] --START--
INFO: Run Behavior\ContentReplaceBehavior [ RunTime:0.000052s ]
INFO: [ template_filter ] --END-- [ RunTime:0.000092s ]
NOTIC: [8] Use of undefined constant role_id - assumed 'role_id' D:\amp\apache\htdocs\Shop\application\Runtime\Cache\Admin\eff937b7e5cb99cf1ddc38e604827ab7.php 第 72 行.
NOTIC: [8] Use of undefined constant role_id - assumed 'role_id' D:\amp\apache\htdocs\Shop\application\Runtime\Cache\Admin\eff937b7e5cb99cf1ddc38e604827ab7.php 第 72 行.
NOTIC: [8] Use of undefined constant role_id - assumed 'role_id' D:\amp\apache\htdocs\Shop\application\Runtime\Cache\Admin\eff937b7e5cb99cf1ddc38e604827ab7.php 第 72 行.
INFO: Run Behavior\ParseTemplateBehavior [ RunTime:0.150091s ]
INFO: [ view_parse ] --END-- [ RunTime:0.150128s ]
INFO: [ view_filter ] --START--
INFO: Run Behavior\WriteHtmlCacheBehavior [ RunTime:0.000215s ]
INFO: [ view_filter ] --END-- [ RunTime:0.000241s ]
INFO: [ app_end ] --START--
INFO: Run Behavior\ShowPageTraceBehavior [ RunTime:0.000874s ]
INFO: [ app_end ] --END-- [ RunTime:0.000909s ]

[ 2017-08-28T09:48:57+08:00 ] 127.0.0.1 /Admin/Role/distribute/role_id/1.html
INFO: [ app_init ] --START--
INFO: Run Behavior\BuildLiteBehavior [ RunTime:0.000011s ]
INFO: [ app_init ] --END-- [ RunTime:0.000255s ]
INFO: [ app_begin ] --START--
INFO: Run Behavior\ReadHtmlCacheBehavior [ RunTime:0.000317s ]
INFO: [ app_begin ] --END-- [ RunTime:0.000356s ]
SQL: SHOW COLUMNS FROM `sp_role` [ RunTime:0.0147s ]
SQL: SHOW COLUMNS FROM `sp_auth` [ RunTime:0.0105s ]
SQL: SELECT * FROM `sp_role` WHERE `role_id` = 1 LIMIT 1   [ RunTime:0.0004s ]
SQL: SELECT * FROM `sp_auth` WHERE ( auth_pid=0 )  [ RunTime:0.0003s ]
SQL: SELECT * FROM `sp_auth` WHERE ( auth_pid!=0 )  [ RunTime:0.0003s ]
INFO: [ view_parse ] --START--
INFO: [ template_filter ] --START--
INFO: Run Behavior\ContentReplaceBehavior [ RunTime:0.000065s ]
INFO: [ template_filter ] --END-- [ RunTime:0.000103s ]
INFO: Run Behavior\ParseTemplateBehavior [ RunTime:0.153240s ]
INFO: [ view_parse ] --END-- [ RunTime:0.153340s ]
INFO: [ view_filter ] --START--
INFO: Run Behavior\WriteHtmlCacheBehavior [ RunTime:0.000254s ]
INFO: [ view_filter ] --END-- [ RunTime:0.000333s ]
INFO: [ app_end ] --START--
INFO: Run Behavior\ShowPageTraceBehavior [ RunTime:0.000613s ]
INFO: [ app_end ] --END-- [ RunTime:0.000685s ]

[ 2017-08-28T14:47:45+08:00 ] 127.0.0.1 /Admin/Main/left
INFO: [ app_init ] --START--
INFO: Run Behavior\BuildLiteBehavior [ RunTime:0.000010s ]
INFO: [ app_init ] --END-- [ RunTime:0.000347s ]
INFO: [ app_begin ] --START--
INFO: Run Behavior\ReadHtmlCacheBehavior [ RunTime:0.000559s ]
INFO: [ app_begin ] --END-- [ RunTime:0.000598s ]
SQL: SHOW COLUMNS FROM `sp_role` [ RunTime:0.0197s ]
SQL: SHOW COLUMNS FROM `sp_auth` [ RunTime:0.0141s ]
SQL: SELECT * FROM `sp_auth` WHERE ( auth_pid=0 and auth_show=1 )  [ RunTime:0.0008s ]
SQL: SELECT * FROM `sp_auth` WHERE ( auth_pid!=0 and auth_show=1 )  [ RunTime:0.0005s ]
INFO: [ view_parse ] --START--
INFO: [ template_filter ] --START--
INFO: Run Behavior\ContentReplaceBehavior [ RunTime:0.000061s ]
INFO: [ template_filter ] --END-- [ RunTime:0.000122s ]
NOTIC: [8] Use of undefined constant auth_c - assumed 'auth_c' D:\amp\apache\htdocs\Shop\application\Runtime\Cache\Admin\8886c883f26679820c2d578a40e6f967.php 第 39 行.
NOTIC: [8] Use of undefined constant auth_a - assumed 'auth_a' D:\amp\apache\htdocs\Shop\application\Runtime\Cache\Admin\8886c883f26679820c2d578a40e6f967.php 第 39 行.
NOTIC: [8] Use of undefined constant auth_c - assumed 'auth_c' D:\amp\apache\htdocs\Shop\application\Runtime\Cache\Admin\8886c883f26679820c2d578a40e6f967.php 第 39 行.
NOTIC: [8] Use of undefined constant auth_a - assumed 'auth_a' D:\amp\apache\htdocs\Shop\application\Runtime\Cache\Admin\8886c883f26679820c2d578a40e6f967.php 第 39 行.
NOTIC: [8] Use of undefined constant auth_c - assumed 'auth_c' D:\amp\apache\htdocs\Shop\application\Runtime\Cache\Admin\8886c883f26679820c2d578a40e6f967.php 第 39 行.
NOTIC: [8] Use of undefined constant auth_a - assumed 'auth_a' D:\amp\apache\htdocs\Shop\application\Runtime\Cache\Admin\8886c883f26679820c2d578a40e6f967.php 第 39 行.
NOTIC: [8] Use of undefined constant auth_c - assumed 'auth_c' D:\amp\apache\htdocs\Shop\application\Runtime\Cache\Admin\8886c883f26679820c2d578a40e6f967.php 第 39 行.
NOTIC: [8] Use of undefined constant auth_a - assumed 'auth_a' D:\amp\apache\htdocs\Shop\application\Runtime\Cache\Admin\8886c883f26679820c2d578a40e6f967.php 第 39 行.
NOTIC: [8] Use of undefined constant auth_c - assumed 'auth_c' D:\amp\apache\htdocs\Shop\application\Runtime\Cache\Admin\8886c883f26679820c2d578a40e6f967.php 第 39 行.
NOTIC: [8] Use of undefined constant auth_a - assumed 'auth_a' D:\amp\apache\htdocs\Shop\application\Runtime\Cache\Admin\8886c883f26679820c2d578a40e6f967.php 第 39 行.
NOTIC: [8] Use of undefined constant auth_c - assumed 'auth_c' D:\amp\apache\htdocs\Shop\application\Runtime\Cache\Admin\8886c883f26679820c2d578a40e6f967.php 第 39 行.
NOTIC: [8] Use of undefined constant auth_a - assumed 'auth_a' D:\amp\apache\htdocs\Shop\application\Runtime\Cache\Admin\8886c883f26679820c2d578a40e6f967.php 第 39 行.
NOTIC: [8] Use of undefined constant auth_c - assumed 'auth_c' D:\amp\apache\htdocs\Shop\application\Runtime\Cache\Admin\8886c883f26679820c2d578a40e6f967.php 第 39 行.
NOTIC: [8] Use of undefined constant auth_a - assumed 'auth_a' D:\amp\apache\htdocs\Shop\application\Runtime\Cache\Admin\8886c883f26679820c2d578a40e6f967.php 第 39 行.
NOTIC: [8] Use of undefined constant auth_c - assumed 'auth_c' D:\amp\apache\htdocs\Shop\application\Runtime\Cache\Admin\8886c883f26679820c2d578a40e6f967.php 第 39 行.
NOTIC: [8] Use of undefined constant auth_a - assumed 'auth_a' D:\amp\apache\htdocs\Shop\application\Runtime\Cache\Admin\8886c883f26679820c2d578a40e6f967.php 第 39 行.
NOTIC: [8] Use of undefined constant auth_c - assumed 'auth_c' D:\amp\apache\htdocs\Shop\application\Runtime\Cache\Admin\8886c883f26679820c2d578a40e6f967.php 第 39 行.
NOTIC: [8] Use of undefined constant auth_a - assumed 'auth_a' D:\amp\apache\htdocs\Shop\application\Runtime\Cache\Admin\8886c883f26679820c2d578a40e6f967.php 第 39 行.
NOTIC: [8] Use of undefined constant auth_c - assumed 'auth_c' D:\amp\apache\htdocs\Shop\application\Runtime\Cache\Admin\8886c883f26679820c2d578a40e6f967.php 第 39 行.
NOTIC: [8] Use of undefined constant auth_a - assumed 'auth_a' D:\amp\apache\htdocs\Shop\application\Runtime\Cache\Admin\8886c883f26679820c2d578a40e6f967.php 第 39 行.
NOTIC: [8] Use of undefined constant auth_c - assumed 'auth_c' D:\amp\apache\htdocs\Shop\application\Runtime\Cache\Admin\8886c883f26679820c2d578a40e6f967.php 第 39 行.
NOTIC: [8] Use of undefined constant auth_a - assumed 'auth_a' D:\amp\apache\htdocs\Shop\application\Runtime\Cache\Admin\8886c883f26679820c2d578a40e6f967.php 第 39 行.
INFO: Run Behavior\ParseTemplateBehavior [ RunTime:0.036969s ]
INFO: [ view_parse ] --END-- [ RunTime:0.037013s ]
INFO: [ view_filter ] --START--
INFO: Run Behavior\WriteHtmlCacheBehavior [ RunTime:0.000587s ]
INFO: [ view_filter ] --END-- [ RunTime:0.000622s ]
INFO: [ app_end ] --START--
INFO: Run Behavior\ShowPageTraceBehavior [ RunTime:0.000638s ]
INFO: [ app_end ] --END-- [ RunTime:0.000676s ]

[ 2017-08-28T14:47:46+08:00 ] 127.0.0.1 /Admin/Main/left
INFO: [ app_init ] --START--
INFO: Run Behavior\BuildLiteBehavior [ RunTime:0.000009s ]
INFO: [ app_init ] --END-- [ RunTime:0.000260s ]
INFO: [ app_begin ] --START--
INFO: Run Behavior\ReadHtmlCacheBehavior [ RunTime:0.000476s ]
INFO: [ app_begin ] --END-- [ RunTime:0.000514s ]
SQL: SHOW COLUMNS FROM `sp_role` [ RunTime:0.0179s ]
SQL: SHOW COLUMNS FROM `sp_auth` [ RunTime:0.0112s ]
SQL: SELECT * FROM `sp_auth` WHERE ( auth_pid=0 and auth_show=1 )  [ RunTime:0.0006s ]
SQL: SELECT * FROM `sp_auth` WHERE ( auth_pid!=0 and auth_show=1 )  [ RunTime:0.0006s ]
INFO: [ view_parse ] --START--
INFO: [ template_filter ] --START--
INFO: Run Behavior\ContentReplaceBehavior [ RunTime:0.000051s ]
INFO: [ template_filter ] --END-- [ RunTime:0.000116s ]
NOTIC: [8] Use of undefined constant auth_c - assumed 'auth_c' D:\amp\apache\htdocs\Shop\application\Runtime\Cache\Admin\8886c883f26679820c2d578a40e6f967.php 第 39 行.
NOTIC: [8] Use of undefined constant auth_a - assumed 'auth_a' D:\amp\apache\htdocs\Shop\application\Runtime\Cache\Admin\8886c883f26679820c2d578a40e6f967.php 第 39 行.
NOTIC: [8] Use of undefined constant auth_c - assumed 'auth_c' D:\amp\apache\htdocs\Shop\application\Runtime\Cache\Admin\8886c883f26679820c2d578a40e6f967.php 第 39 行.
NOTIC: [8] Use of undefined constant auth_a - assumed 'auth_a' D:\amp\apache\htdocs\Shop\application\Runtime\Cache\Admin\8886c883f26679820c2d578a40e6f967.php 第 39 行.
NOTIC: [8] Use of undefined constant auth_c - assumed 'auth_c' D:\amp\apache\htdocs\Shop\application\Runtime\Cache\Admin\8886c883f26679820c2d578a40e6f967.php 第 39 行.
NOTIC: [8] Use of undefined constant auth_a - assumed 'auth_a' D:\amp\apache\htdocs\Shop\application\Runtime\Cache\Admin\8886c883f26679820c2d578a40e6f967.php 第 39 行.
NOTIC: [8] Use of undefined constant auth_c - assumed 'auth_c' D:\amp\apache\htdocs\Shop\application\Runtime\Cache\Admin\8886c883f26679820c2d578a40e6f967.php 第 39 行.
NOTIC: [8] Use of undefined constant auth_a - assumed 'auth_a' D:\amp\apache\htdocs\Shop\application\Runtime\Cache\Admin\8886c883f26679820c2d578a40e6f967.php 第 39 行.
NOTIC: [8] Use of undefined constant auth_c - assumed 'auth_c' D:\amp\apache\htdocs\Shop\application\Runtime\Cache\Admin\8886c883f26679820c2d578a40e6f967.php 第 39 行.
NOTIC: [8] Use of undefined constant auth_a - assumed 'auth_a' D:\amp\apache\htdocs\Shop\application\Runtime\Cache\Admin\8886c883f26679820c2d578a40e6f967.php 第 39 行.
NOTIC: [8] Use of undefined constant auth_c - assumed 'auth_c' D:\amp\apache\htdocs\Shop\application\Runtime\Cache\Admin\8886c883f26679820c2d578a40e6f967.php 第 39 行.
NOTIC: [8] Use of undefined constant auth_a - assumed 'auth_a' D:\amp\apache\htdocs\Shop\application\Runtime\Cache\Admin\8886c883f26679820c2d578a40e6f967.php 第 39 行.
NOTIC: [8] Use of undefined constant auth_c - assumed 'auth_c' D:\amp\apache\htdocs\Shop\application\Runtime\Cache\Admin\8886c883f26679820c2d578a40e6f967.php 第 39 行.
NOTIC: [8] Use of undefined constant auth_a - assumed 'auth_a' D:\amp\apache\htdocs\Shop\application\Runtime\Cache\Admin\8886c883f26679820c2d578a40e6f967.php 第 39 行.
NOTIC: [8] Use of undefined constant auth_c - assumed 'auth_c' D:\amp\apache\htdocs\Shop\application\Runtime\Cache\Admin\8886c883f26679820c2d578a40e6f967.php 第 39 行.
NOTIC: [8] Use of undefined constant auth_a - assumed 'auth_a' D:\amp\apache\htdocs\Shop\application\Runtime\Cache\Admin\8886c883f26679820c2d578a40e6f967.php 第 39 行.
NOTIC: [8] Use of undefined constant auth_c - assumed 'auth_c' D:\amp\apache\htdocs\Shop\application\Runtime\Cache\Admin\8886c883f26679820c2d578a40e6f967.php 第 39 行.
NOTIC: [8] Use of undefined constant auth_a - assumed 'auth_a' D:\amp\apache\htdocs\Shop\application\Runtime\Cache\Admin\8886c883f26679820c2d578a40e6f967.php 第 39 行.
NOTIC: [8] Use of undefined constant auth_c - assumed 'auth_c' D:\amp\apache\htdocs\Shop\application\Runtime\Cache\Admin\8886c883f26679820c2d578a40e6f967.php 第 39 行.
NOTIC: [8] Use of undefined constant auth_a - assumed 'auth_a' D:\amp\apache\htdocs\Shop\application\Runtime\Cache\Admin\8886c883f26679820c2d578a40e6f967.php 第 39 行.
NOTIC: [8] Use of undefined constant auth_c - assumed 'auth_c' D:\amp\apache\htdocs\Shop\application\Runtime\Cache\Admin\8886c883f26679820c2d578a40e6f967.php 第 39 行.
NOTIC: [8] Use of undefined constant auth_a - assumed 'auth_a' D:\amp\apache\htdocs\Shop\application\Runtime\Cache\Admin\8886c883f26679820c2d578a40e6f967.php 第 39 行.
INFO: Run Behavior\ParseTemplateBehavior [ RunTime:0.009245s ]
INFO: [ view_parse ] --END-- [ RunTime:0.009321s ]
INFO: [ view_filter ] --START--
INFO: Run Behavior\WriteHtmlCacheBehavior [ RunTime:0.001032s ]
INFO: [ view_filter ] --END-- [ RunTime:0.001111s ]
INFO: [ app_end ] --START--
INFO: Run Behavior\ShowPageTraceBehavior [ RunTime:0.000798s ]
INFO: [ app_end ] --END-- [ RunTime:0.000860s ]

[ 2017-08-28T14:47:51+08:00 ] 127.0.0.1 /Admin/Auth/addAuth.html
INFO: [ app_init ] --START--
INFO: Run Behavior\BuildLiteBehavior [ RunTime:0.000028s ]
INFO: [ app_init ] --END-- [ RunTime:0.000383s ]
INFO: [ app_begin ] --START--
INFO: Run Behavior\ReadHtmlCacheBehavior [ RunTime:0.000511s ]
INFO: [ app_begin ] --END-- [ RunTime:0.000576s ]
SQL: SHOW COLUMNS FROM `sp_auth` [ RunTime:0.0193s ]
SQL: SELECT * FROM `sp_auth` WHERE ( auth_pid=0 )  [ RunTime:0.0004s ]
INFO: [ view_parse ] --START--
INFO: [ template_filter ] --START--
INFO: Run Behavior\ContentReplaceBehavior [ RunTime:0.000062s ]
INFO: [ template_filter ] --END-- [ RunTime:0.000108s ]
INFO: Run Behavior\ParseTemplateBehavior [ RunTime:0.028493s ]
INFO: [ view_parse ] --END-- [ RunTime:0.028660s ]
INFO: [ view_filter ] --START--
INFO: Run Behavior\WriteHtmlCacheBehavior [ RunTime:0.000410s ]
INFO: [ view_filter ] --END-- [ RunTime:0.000493s ]
INFO: [ app_end ] --START--
INFO: Run Behavior\ShowPageTraceBehavior [ RunTime:0.000855s ]
INFO: [ app_end ] --END-- [ RunTime:0.000917s ]

[ 2017-08-28T15:37:22+08:00 ] 127.0.0.1 /Admin/Cate/addCate.html
INFO: [ app_init ] --START--
INFO: Run Behavior\BuildLiteBehavior [ RunTime:0.000012s ]
INFO: [ app_init ] --END-- [ RunTime:0.000381s ]
INFO: [ app_begin ] --START--
INFO: Run Behavior\ReadHtmlCacheBehavior [ RunTime:0.000954s ]
INFO: [ app_begin ] --END-- [ RunTime:0.001066s ]
SQL: SHOW COLUMNS FROM `sp_cate` [ RunTime:0.0111s ]
SQL: SELECT * FROM `sp_cate`  [ RunTime:0.0007s ]
INFO: [ view_parse ] --START--
INFO: [ template_filter ] --START--
INFO: Run Behavior\ContentReplaceBehavior [ RunTime:0.000067s ]
INFO: [ template_filter ] --END-- [ RunTime:0.000106s ]
INFO: Run Behavior\ParseTemplateBehavior [ RunTime:0.144305s ]
INFO: [ view_parse ] --END-- [ RunTime:0.144387s ]
INFO: [ view_filter ] --START--
INFO: Run Behavior\WriteHtmlCacheBehavior [ RunTime:0.000365s ]
INFO: [ view_filter ] --END-- [ RunTime:0.000395s ]
INFO: [ app_end ] --START--
INFO: Run Behavior\ShowPageTraceBehavior [ RunTime:0.000839s ]
INFO: [ app_end ] --END-- [ RunTime:0.000907s ]

