[ 2017-08-21T15:10:34+08:00 ] 127.0.0.1 /Admin/Main/left
INFO: [ app_init ] --START--
INFO: Run Behavior\BuildLiteBehavior [ RunTime:0.000009s ]
INFO: [ app_init ] --END-- [ RunTime:0.000311s ]
INFO: [ app_begin ] --START--
INFO: Run Behavior\ReadHtmlCacheBehavior [ RunTime:0.000474s ]
INFO: [ app_begin ] --END-- [ RunTime:0.000566s ]
INFO: [ view_parse ] --START--
INFO: [ template_filter ] --START--
INFO: Run Behavior\ContentReplaceBehavior [ RunTime:0.000046s ]
INFO: [ template_filter ] --END-- [ RunTime:0.000088s ]
INFO: Run Behavior\ParseTemplateBehavior [ RunTime:0.032973s ]
INFO: [ view_parse ] --END-- [ RunTime:0.033021s ]
INFO: [ view_filter ] --START--
INFO: Run Behavior\WriteHtmlCacheBehavior [ RunTime:0.000285s ]
INFO: [ view_filter ] --END-- [ RunTime:0.000314s ]

[ 2017-08-21T15:10:36+08:00 ] 127.0.0.1 /Admin/Index/login.html
INFO: [ app_init ] --START--
INFO: Run Behavior\BuildLiteBehavior [ RunTime:0.000010s ]
INFO: [ app_init ] --END-- [ RunTime:0.000285s ]
INFO: [ app_begin ] --START--
INFO: Run Behavior\ReadHtmlCacheBehavior [ RunTime:0.000433s ]
INFO: [ app_begin ] --END-- [ RunTime:0.000472s ]
INFO: [ view_parse ] --START--
INFO: [ template_filter ] --START--
INFO: Run Behavior\ContentReplaceBehavior [ RunTime:0.000100s ]
INFO: [ template_filter ] --END-- [ RunTime:0.000150s ]
INFO: Run Behavior\ParseTemplateBehavior [ RunTime:0.051834s ]
INFO: [ view_parse ] --END-- [ RunTime:0.051888s ]
INFO: [ view_filter ] --START--
INFO: Run Behavior\WriteHtmlCacheBehavior [ RunTime:0.000316s ]
INFO: [ view_filter ] --END-- [ RunTime:0.000349s ]
INFO: [ app_end ] --START--
INFO: Run Behavior\ShowPageTraceBehavior [ RunTime:0.000454s ]
INFO: [ app_end ] --END-- [ RunTime:0.000491s ]

[ 2017-08-21T15:10:36+08:00 ] 127.0.0.1 /Admin/Index/verify.html
INFO: [ app_init ] --START--
INFO: Run Behavior\BuildLiteBehavior [ RunTime:0.000016s ]
INFO: [ app_init ] --END-- [ RunTime:0.000296s ]
INFO: [ app_begin ] --START--
INFO: Run Behavior\ReadHtmlCacheBehavior [ RunTime:0.000566s ]
INFO: [ app_begin ] --END-- [ RunTime:0.000631s ]
INFO: [ app_end ] --START--
INFO: Run Behavior\ShowPageTraceBehavior [ RunTime:0.000895s ]
INFO: [ app_end ] --END-- [ RunTime:0.002895s ]

[ 2017-08-21T15:10:50+08:00 ] 127.0.0.1 /Admin/Index/login.html
INFO: [ app_init ] --START--
INFO: Run Behavior\BuildLiteBehavior [ RunTime:0.000012s ]
INFO: [ app_init ] --END-- [ RunTime:0.000418s ]
INFO: [ app_begin ] --START--
INFO: Run Behavior\ReadHtmlCacheBehavior [ RunTime:0.000535s ]
INFO: [ app_begin ] --END-- [ RunTime:0.000590s ]
SQL: SELECT * FROM `sp_manager` WHERE ( manager_name='zs' ) LIMIT 1   [ RunTime:0.1359s ]
INFO: [ view_parse ] --START--
INFO: [ template_filter ] --START--
INFO: Run Behavior\ContentReplaceBehavior [ RunTime:0.000053s ]
INFO: [ template_filter ] --END-- [ RunTime:0.000106s ]
INFO: Run Behavior\ParseTemplateBehavior [ RunTime:0.010836s ]
INFO: [ view_parse ] --END-- [ RunTime:0.010921s ]
INFO: [ view_filter ] --START--
INFO: Run Behavior\WriteHtmlCacheBehavior [ RunTime:0.000320s ]
INFO: [ view_filter ] --END-- [ RunTime:0.000355s ]

[ 2017-08-21T15:10:51+08:00 ] 127.0.0.1 /Admin/Index/login.html
INFO: [ app_init ] --START--
INFO: Run Behavior\BuildLiteBehavior [ RunTime:0.000010s ]
INFO: [ app_init ] --END-- [ RunTime:0.000246s ]
INFO: [ app_begin ] --START--
INFO: Run Behavior\ReadHtmlCacheBehavior [ RunTime:0.000426s ]
INFO: [ app_begin ] --END-- [ RunTime:0.000463s ]
INFO: [ view_parse ] --START--
INFO: [ template_filter ] --START--
INFO: Run Behavior\ContentReplaceBehavior [ RunTime:0.000060s ]
INFO: [ template_filter ] --END-- [ RunTime:0.000103s ]
INFO: Run Behavior\ParseTemplateBehavior [ RunTime:0.005798s ]
INFO: [ view_parse ] --END-- [ RunTime:0.005842s ]
INFO: [ view_filter ] --START--
INFO: Run Behavior\WriteHtmlCacheBehavior [ RunTime:0.000319s ]
INFO: [ view_filter ] --END-- [ RunTime:0.000372s ]
INFO: [ app_end ] --START--
INFO: Run Behavior\ShowPageTraceBehavior [ RunTime:0.000461s ]
INFO: [ app_end ] --END-- [ RunTime:0.000495s ]

[ 2017-08-21T15:10:52+08:00 ] 127.0.0.1 /Admin/Index/verify.html
INFO: [ app_init ] --START--
INFO: Run Behavior\BuildLiteBehavior [ RunTime:0.000014s ]
INFO: [ app_init ] --END-- [ RunTime:0.000296s ]
INFO: [ app_begin ] --START--
INFO: Run Behavior\ReadHtmlCacheBehavior [ RunTime:0.000394s ]
INFO: [ app_begin ] --END-- [ RunTime:0.000433s ]
INFO: [ app_end ] --START--
INFO: Run Behavior\ShowPageTraceBehavior [ RunTime:0.000444s ]
INFO: [ app_end ] --END-- [ RunTime:0.000488s ]

[ 2017-08-21T15:11:04+08:00 ] 127.0.0.1 /Admin/Index/login.html
INFO: [ app_init ] --START--
INFO: Run Behavior\BuildLiteBehavior [ RunTime:0.000010s ]
INFO: [ app_init ] --END-- [ RunTime:0.000279s ]
INFO: [ app_begin ] --START--
INFO: Run Behavior\ReadHtmlCacheBehavior [ RunTime:0.000299s ]
INFO: [ app_begin ] --END-- [ RunTime:0.000372s ]
SQL: SELECT * FROM `sp_manager` WHERE ( manager_name='admin' ) LIMIT 1   [ RunTime:0.0005s ]
SQL: UPDATE `sp_manager` SET `manager_login`='1503299464' WHERE `manager_id` = '1' [ RunTime:0.1587s ]
INFO: [ view_parse ] --START--
INFO: [ template_filter ] --START--
INFO: Run Behavior\ContentReplaceBehavior [ RunTime:0.000050s ]
INFO: [ template_filter ] --END-- [ RunTime:0.000097s ]
INFO: Run Behavior\ParseTemplateBehavior [ RunTime:0.011361s ]
INFO: [ view_parse ] --END-- [ RunTime:0.011489s ]
INFO: [ view_filter ] --START--
INFO: Run Behavior\WriteHtmlCacheBehavior [ RunTime:0.000745s ]
INFO: [ view_filter ] --END-- [ RunTime:0.000788s ]
INFO: [ app_end ] --START--
INFO: Run Behavior\ShowPageTraceBehavior [ RunTime:0.000689s ]
INFO: [ app_end ] --END-- [ RunTime:0.000798s ]

[ 2017-08-21T15:11:05+08:00 ] 127.0.0.1 /Admin/Main/index.html
INFO: [ app_init ] --START--
INFO: Run Behavior\BuildLiteBehavior [ RunTime:0.000010s ]
INFO: [ app_init ] --END-- [ RunTime:0.000241s ]
INFO: [ app_begin ] --START--
INFO: Run Behavior\ReadHtmlCacheBehavior [ RunTime:0.000349s ]
INFO: [ app_begin ] --END-- [ RunTime:0.000385s ]
INFO: [ view_parse ] --START--
INFO: [ template_filter ] --START--
INFO: Run Behavior\ContentReplaceBehavior [ RunTime:0.000089s ]
INFO: [ template_filter ] --END-- [ RunTime:0.000136s ]
INFO: Run Behavior\ParseTemplateBehavior [ RunTime:0.146560s ]
INFO: [ view_parse ] --END-- [ RunTime:0.146626s ]
INFO: [ view_filter ] --START--
INFO: Run Behavior\WriteHtmlCacheBehavior [ RunTime:0.000275s ]
INFO: [ view_filter ] --END-- [ RunTime:0.000304s ]
INFO: [ app_end ] --START--
INFO: Run Behavior\ShowPageTraceBehavior [ RunTime:0.000459s ]
INFO: [ app_end ] --END-- [ RunTime:0.000488s ]

[ 2017-08-21T15:11:05+08:00 ] 127.0.0.1 /Admin/Main/top.html
INFO: [ app_init ] --START--
INFO: Run Behavior\BuildLiteBehavior [ RunTime:0.000011s ]
INFO: [ app_init ] --END-- [ RunTime:0.000331s ]
INFO: [ app_begin ] --START--
INFO: Run Behavior\ReadHtmlCacheBehavior [ RunTime:0.000383s ]
INFO: [ app_begin ] --END-- [ RunTime:0.000463s ]
INFO: [ view_parse ] --START--
INFO: [ template_filter ] --START--
INFO: Run Behavior\ContentReplaceBehavior [ RunTime:0.000067s ]
INFO: [ template_filter ] --END-- [ RunTime:0.000114s ]
INFO: Run Behavior\ParseTemplateBehavior [ RunTime:0.051543s ]
INFO: [ view_parse ] --END-- [ RunTime:0.051602s ]
INFO: [ view_filter ] --START--
INFO: Run Behavior\WriteHtmlCacheBehavior [ RunTime:0.000346s ]
INFO: [ view_filter ] --END-- [ RunTime:0.000380s ]
INFO: [ app_end ] --START--
INFO: Run Behavior\ShowPageTraceBehavior [ RunTime:0.000482s ]
INFO: [ app_end ] --END-- [ RunTime:0.000513s ]

[ 2017-08-21T15:11:07+08:00 ] 127.0.0.1 /Admin/Main/left.html
INFO: [ app_init ] --START--
INFO: Run Behavior\BuildLiteBehavior [ RunTime:0.000013s ]
INFO: [ app_init ] --END-- [ RunTime:0.000384s ]
INFO: [ app_begin ] --START--
INFO: Run Behavior\ReadHtmlCacheBehavior [ RunTime:0.000579s ]
INFO: [ app_begin ] --END-- [ RunTime:0.000631s ]
SQL: SHOW COLUMNS FROM `sp_role` [ RunTime:0.1492s ]
SQL: SHOW COLUMNS FROM `sp_auth` [ RunTime:0.0173s ]
SQL: SELECT * FROM `sp_auth` WHERE ( auth_pid=0 and auth_show=1 )  [ RunTime:0.0003s ]
SQL: SELECT * FROM `sp_auth` WHERE ( auth_pid!=0 and auth_show=1 )  [ RunTime:0.0003s ]
INFO: [ view_parse ] --START--
INFO: [ template_filter ] --START--
INFO: Run Behavior\ContentReplaceBehavior [ RunTime:0.000045s ]
INFO: [ template_filter ] --END-- [ RunTime:0.000093s ]
NOTIC: [8] Use of undefined constant auth_c - assumed 'auth_c' D:\amp\apache\htdocs\Shop\application\Runtime\Cache\Admin\8886c883f26679820c2d578a40e6f967.php 第 39 行.
NOTIC: [8] Use of undefined constant auth_a - assumed 'auth_a' D:\amp\apache\htdocs\Shop\application\Runtime\Cache\Admin\8886c883f26679820c2d578a40e6f967.php 第 39 行.
NOTIC: [8] Use of undefined constant auth_c - assumed 'auth_c' D:\amp\apache\htdocs\Shop\application\Runtime\Cache\Admin\8886c883f26679820c2d578a40e6f967.php 第 39 行.
NOTIC: [8] Use of undefined constant auth_a - assumed 'auth_a' D:\amp\apache\htdocs\Shop\application\Runtime\Cache\Admin\8886c883f26679820c2d578a40e6f967.php 第 39 行.
NOTIC: [8] Use of undefined constant auth_c - assumed 'auth_c' D:\amp\apache\htdocs\Shop\application\Runtime\Cache\Admin\8886c883f26679820c2d578a40e6f967.php 第 39 行.
NOTIC: [8] Use of undefined constant auth_a - assumed 'auth_a' D:\amp\apache\htdocs\Shop\application\Runtime\Cache\Admin\8886c883f26679820c2d578a40e6f967.php 第 39 行.
NOTIC: [8] Use of undefined constant auth_c - assumed 'auth_c' D:\amp\apache\htdocs\Shop\application\Runtime\Cache\Admin\8886c883f26679820c2d578a40e6f967.php 第 39 行.
NOTIC: [8] Use of undefined constant auth_a - assumed 'auth_a' D:\amp\apache\htdocs\Shop\application\Runtime\Cache\Admin\8886c883f26679820c2d578a40e6f967.php 第 39 行.
NOTIC: [8] Use of undefined constant auth_c - assumed 'auth_c' D:\amp\apache\htdocs\Shop\application\Runtime\Cache\Admin\8886c883f26679820c2d578a40e6f967.php 第 39 行.
NOTIC: [8] Use of undefined constant auth_a - assumed 'auth_a' D:\amp\apache\htdocs\Shop\application\Runtime\Cache\Admin\8886c883f26679820c2d578a40e6f967.php 第 39 行.
NOTIC: [8] Use of undefined constant auth_c - assumed 'auth_c' D:\amp\apache\htdocs\Shop\application\Runtime\Cache\Admin\8886c883f26679820c2d578a40e6f967.php 第 39 行.
NOTIC: [8] Use of undefined constant auth_a - assumed 'auth_a' D:\amp\apache\htdocs\Shop\application\Runtime\Cache\Admin\8886c883f26679820c2d578a40e6f967.php 第 39 行.
NOTIC: [8] Use of undefined constant auth_c - assumed 'auth_c' D:\amp\apache\htdocs\Shop\application\Runtime\Cache\Admin\8886c883f26679820c2d578a40e6f967.php 第 39 行.
NOTIC: [8] Use of undefined constant auth_a - assumed 'auth_a' D:\amp\apache\htdocs\Shop\application\Runtime\Cache\Admin\8886c883f26679820c2d578a40e6f967.php 第 39 行.
NOTIC: [8] Use of undefined constant auth_c - assumed 'auth_c' D:\amp\apache\htdocs\Shop\application\Runtime\Cache\Admin\8886c883f26679820c2d578a40e6f967.php 第 39 行.
NOTIC: [8] Use of undefined constant auth_a - assumed 'auth_a' D:\amp\apache\htdocs\Shop\application\Runtime\Cache\Admin\8886c883f26679820c2d578a40e6f967.php 第 39 行.
NOTIC: [8] Use of undefined constant auth_c - assumed 'auth_c' D:\amp\apache\htdocs\Shop\application\Runtime\Cache\Admin\8886c883f26679820c2d578a40e6f967.php 第 39 行.
NOTIC: [8] Use of undefined constant auth_a - assumed 'auth_a' D:\amp\apache\htdocs\Shop\application\Runtime\Cache\Admin\8886c883f26679820c2d578a40e6f967.php 第 39 行.
NOTIC: [8] Use of undefined constant auth_c - assumed 'auth_c' D:\amp\apache\htdocs\Shop\application\Runtime\Cache\Admin\8886c883f26679820c2d578a40e6f967.php 第 39 行.
NOTIC: [8] Use of undefined constant auth_a - assumed 'auth_a' D:\amp\apache\htdocs\Shop\application\Runtime\Cache\Admin\8886c883f26679820c2d578a40e6f967.php 第 39 行.
NOTIC: [8] Use of undefined constant auth_c - assumed 'auth_c' D:\amp\apache\htdocs\Shop\application\Runtime\Cache\Admin\8886c883f26679820c2d578a40e6f967.php 第 39 行.
NOTIC: [8] Use of undefined constant auth_a - assumed 'auth_a' D:\amp\apache\htdocs\Shop\application\Runtime\Cache\Admin\8886c883f26679820c2d578a40e6f967.php 第 39 行.
INFO: Run Behavior\ParseTemplateBehavior [ RunTime:0.058854s ]
INFO: [ view_parse ] --END-- [ RunTime:0.058895s ]
INFO: [ view_filter ] --START--
INFO: Run Behavior\WriteHtmlCacheBehavior [ RunTime:0.000546s ]
INFO: [ view_filter ] --END-- [ RunTime:0.000577s ]
INFO: [ app_end ] --START--
INFO: Run Behavior\ShowPageTraceBehavior [ RunTime:0.000594s ]
INFO: [ app_end ] --END-- [ RunTime:0.000623s ]

[ 2017-08-21T15:11:08+08:00 ] 127.0.0.1 /Admin/Main/main.html
INFO: [ app_init ] --START--
INFO: Run Behavior\BuildLiteBehavior [ RunTime:0.000011s ]
INFO: [ app_init ] --END-- [ RunTime:0.000293s ]
INFO: [ app_begin ] --START--
INFO: Run Behavior\ReadHtmlCacheBehavior [ RunTime:0.000424s ]
INFO: [ app_begin ] --END-- [ RunTime:0.000468s ]
SQL: SELECT * FROM `sp_manager` WHERE `manager_id` = '1' LIMIT 1   [ RunTime:0.0007s ]
INFO: [ view_parse ] --START--
INFO: [ template_filter ] --START--
INFO: Run Behavior\ContentReplaceBehavior [ RunTime:0.000108s ]
INFO: [ template_filter ] --END-- [ RunTime:0.000216s ]
INFO: Run Behavior\ParseTemplateBehavior [ RunTime:0.048712s ]
INFO: [ view_parse ] --END-- [ RunTime:0.048816s ]
INFO: [ view_filter ] --START--
INFO: Run Behavior\WriteHtmlCacheBehavior [ RunTime:0.000630s ]
INFO: [ view_filter ] --END-- [ RunTime:0.000705s ]
INFO: [ app_end ] --START--
INFO: Run Behavior\ShowPageTraceBehavior [ RunTime:0.000996s ]
INFO: [ app_end ] --END-- [ RunTime:0.001078s ]

